Running 5m test @ http://face/
  8 threads and 200 connections
  Thread calibration: mean lat.: 17.133ms, rate sampling interval: 49ms
  Thread calibration: mean lat.: 16.842ms, rate sampling interval: 49ms
  Thread calibration: mean lat.: 17.131ms, rate sampling interval: 49ms
  Thread calibration: mean lat.: 16.321ms, rate sampling interval: 47ms
  Thread calibration: mean lat.: 16.683ms, rate sampling interval: 49ms
  Thread calibration: mean lat.: 16.206ms, rate sampling interval: 48ms
  Thread calibration: mean lat.: 16.927ms, rate sampling interval: 50ms
  Thread calibration: mean lat.: 16.499ms, rate sampling interval: 49ms
  Thread Stats   Avg      Stdev     Max   +/- Stdev
    Latency    22.97ms   21.41ms   1.06s    92.84%
    Req/Sec    50.35     80.41   521.00     79.91%
  Latency Distribution (HdrHistogram - Recorded Latency)
 50.000%   17.20ms
 75.000%   24.16ms
 90.000%   34.94ms
 99.000%  103.42ms
 99.900%  299.77ms
 99.990%  387.33ms
 99.999%    1.03s 
100.000%    1.06s 

  Detailed Percentile spectrum:
       Value   Percentile   TotalCount 1/(1-Percentile)

       6.347     0.000000            1         1.00
      11.631     0.100000        11583         1.11
      12.783     0.200000        23248         1.25
      13.895     0.300000        34786         1.43
      15.287     0.400000        46370         1.67
      17.199     0.500000        57948         2.00
      18.367     0.550000        63716         2.22
      19.679     0.600000        69533         2.50
      21.119     0.650000        75327         2.86
      22.591     0.700000        81118         3.33
      24.159     0.750000        86907         4.00
      25.151     0.775000        89769         4.44
      26.303     0.800000        92675         5.00
      27.647     0.825000        95555         5.71
      29.391     0.850000        98458         6.67
      31.599     0.875000       101350         8.00
      32.959     0.887500       102792         8.89
      34.943     0.900000       104244        10.00
      37.983     0.912500       105692        11.43
      42.847     0.925000       107140        13.33
      49.183     0.937500       108583        16.00
      53.247     0.943750       109304        17.78
      58.143     0.950000       110027        20.00
      64.383     0.956250       110753        22.86
      71.807     0.962500       111481        26.67
      78.399     0.968750       112201        32.00
      81.471     0.971875       112565        35.56
      84.607     0.975000       112924        40.00
      87.807     0.978125       113284        45.71
      90.879     0.981250       113649        53.33
      94.399     0.984375       114012        64.00
      96.639     0.985938       114190        71.11
      98.943     0.987500       114372        80.00
     101.695     0.989062       114551        91.43
     104.575     0.990625       114734       106.67
     110.335     0.992188       114915       128.00
     113.791     0.992969       115005       142.22
     118.335     0.993750       115095       160.00
     122.623     0.994531       115184       182.86
     127.167     0.995313       115275       213.33
     132.351     0.996094       115365       256.00
     134.783     0.996484       115411       284.44
     137.215     0.996875       115458       320.00
     139.775     0.997266       115505       365.71
     142.335     0.997656       115549       426.67
     148.991     0.998047       115592       512.00
     158.207     0.998242       115614       568.89
     241.919     0.998437       115637       640.00
     271.615     0.998633       115659       731.43
     289.023     0.998828       115682       853.33
     301.055     0.999023       115704      1024.00
     310.783     0.999121       115716      1137.78
     317.695     0.999219       115728      1280.00
     326.399     0.999316       115738      1462.86
     331.775     0.999414       115750      1706.67
     342.271     0.999512       115762      2048.00
     343.551     0.999561       115767      2275.56
     345.855     0.999609       115772      2560.00
     350.207     0.999658       115778      2925.71
     360.959     0.999707       115784      3413.33
     366.335     0.999756       115789      4096.00
     369.407     0.999780       115792      4551.11
     375.039     0.999805       115795      5120.00
     376.063     0.999829       115799      5851.43
     382.207     0.999854       115801      6826.67
     386.047     0.999878       115804      8192.00
     387.327     0.999890       115805      9102.22
     388.863     0.999902       115806     10240.00
     389.631     0.999915       115809     11702.86
     389.631     0.999927       115809     13653.33
     390.911     0.999939       115810     16384.00
     391.423     0.999945       115811     18204.44
     393.471     0.999951       115812     20480.00
     442.367     0.999957       115813     23405.71
     442.367     0.999963       115813     27306.67
     543.231     0.999969       115814     32768.00
     543.231     0.999973       115814     36408.89
     570.367     0.999976       115815     40960.00
     570.367     0.999979       115815     46811.43
     570.367     0.999982       115815     54613.33
    1034.239     0.999985       115816     65536.00
    1034.239     0.999986       115816     72817.78
    1034.239     0.999988       115816     81920.00
    1034.239     0.999989       115816     93622.86
    1034.239     0.999991       115816    109226.67
    1056.767     0.999992       115817    131072.00
    1056.767     1.000000       115817          inf
#[Mean    =       22.974, StdDeviation   =       21.411]
#[Max     =     1055.744, Total count    =       115817]
#[Buckets =           27, SubBuckets     =         2048]
----------------------------------------------------------
  120008 requests in 5.00m, 44.29MB read
Requests/sec:    400.01
Transfer/sec:    151.18KB
