Running 5m test @ http://face/
  8 threads and 200 connections
  Thread calibration: mean lat.: 31.614ms, rate sampling interval: 118ms
  Thread calibration: mean lat.: 29.470ms, rate sampling interval: 102ms
  Thread calibration: mean lat.: 29.408ms, rate sampling interval: 100ms
  Thread calibration: mean lat.: 29.318ms, rate sampling interval: 98ms
  Thread calibration: mean lat.: 29.963ms, rate sampling interval: 107ms
  Thread calibration: mean lat.: 29.270ms, rate sampling interval: 101ms
  Thread calibration: mean lat.: 29.353ms, rate sampling interval: 102ms
  Thread calibration: mean lat.: 29.357ms, rate sampling interval: 105ms
  Thread Stats   Avg      Stdev     Max   +/- Stdev
    Latency    27.79ms   26.96ms   1.03s    92.68%
    Req/Sec    50.00     61.41   237.00     78.42%
  Latency Distribution (HdrHistogram - Recorded Latency)
 50.000%   19.85ms
 75.000%   33.38ms
 90.000%   46.75ms
 99.000%  126.46ms
 99.900%  380.16ms
 99.990%  452.35ms
 99.999%  549.89ms
100.000%    1.03s 

  Detailed Percentile spectrum:
       Value   Percentile   TotalCount 1/(1-Percentile)

       7.163     0.000000            1         1.00
      11.535     0.100000        11587         1.11
      12.687     0.200000        23197         1.25
      13.991     0.300000        34803         1.43
      16.199     0.400000        46357         1.67
      19.855     0.500000        57929         2.00
      21.951     0.550000        63731         2.22
      24.111     0.600000        69540         2.50
      27.007     0.650000        75310         2.86
      30.271     0.700000        81102         3.33
      33.375     0.750000        86944         4.00
      34.911     0.775000        89822         4.44
      36.575     0.800000        92704         5.00
      38.367     0.825000        95625         5.71
      40.447     0.850000        98518         6.67
      43.039     0.875000       101379         8.00
      44.735     0.887500       102842         8.89
      46.751     0.900000       104274        10.00
      49.663     0.912500       105723        11.43
      54.047     0.925000       107168        13.33
      61.119     0.937500       108616        16.00
      66.431     0.943750       109350        17.78
      72.511     0.950000       110063        20.00
      79.679     0.956250       110786        22.86
      87.359     0.962500       111510        26.67
      94.335     0.968750       112240        32.00
      97.343     0.971875       112595        35.56
     100.543     0.975000       112963        40.00
     103.871     0.978125       113325        45.71
     107.647     0.981250       113684        53.33
     112.063     0.984375       114045        64.00
     114.559     0.985938       114225        71.11
     118.399     0.987500       114406        80.00
     122.751     0.989062       114586        91.43
     130.239     0.990625       114767       106.67
     139.007     0.992188       114948       128.00
     142.719     0.992969       115040       142.22
     147.583     0.993750       115129       160.00
     152.959     0.994531       115221       182.86
     158.463     0.995313       115311       213.33
     166.271     0.996094       115401       256.00
     173.311     0.996484       115446       284.44
     184.831     0.996875       115491       320.00
     198.015     0.997266       115537       365.71
     209.279     0.997656       115582       426.67
     224.511     0.998047       115627       512.00
     231.935     0.998242       115650       568.89
     245.631     0.998437       115672       640.00
     261.247     0.998633       115695       731.43
     372.223     0.998828       115718       853.33
     380.671     0.999023       115740      1024.00
     394.239     0.999121       115753      1137.78
     400.127     0.999219       115764      1280.00
     408.063     0.999316       115774      1462.86
     414.463     0.999414       115786      1706.67
     419.327     0.999512       115797      2048.00
     422.143     0.999561       115803      2275.56
     425.727     0.999609       115808      2560.00
     431.103     0.999658       115814      2925.71
     433.919     0.999707       115820      3413.33
     440.319     0.999756       115827      4096.00
     441.599     0.999780       115828      4551.11
     443.135     0.999805       115831      5120.00
     444.927     0.999829       115834      5851.43
     446.975     0.999854       115837      6826.67
     450.047     0.999878       115839      8192.00
     452.351     0.999890       115842      9102.22
     452.351     0.999902       115842     10240.00
     454.911     0.999915       115844     11702.86
     455.167     0.999927       115845     13653.33
     457.471     0.999939       115846     16384.00
     458.239     0.999945       115847     18204.44
     463.103     0.999951       115848     20480.00
     466.175     0.999957       115849     23405.71
     466.175     0.999963       115849     27306.67
     469.503     0.999969       115850     32768.00
     469.503     0.999973       115850     36408.89
     473.855     0.999976       115851     40960.00
     473.855     0.999979       115851     46811.43
     473.855     0.999982       115851     54613.33
     549.887     0.999985       115852     65536.00
     549.887     0.999986       115852     72817.78
     549.887     0.999988       115852     81920.00
     549.887     0.999989       115852     93622.86
     549.887     0.999991       115852    109226.67
    1029.631     0.999992       115853    131072.00
    1029.631     1.000000       115853          inf
#[Mean    =       27.790, StdDeviation   =       26.960]
#[Max     =     1029.120, Total count    =       115853]
#[Buckets =           27, SubBuckets     =         2048]
----------------------------------------------------------
  120008 requests in 5.00m, 44.29MB read
Requests/sec:    400.00
Transfer/sec:    151.17KB
