Running 5m test @ http://face/
  8 threads and 200 connections
  Thread calibration: mean lat.: 20.384ms, rate sampling interval: 60ms
  Thread calibration: mean lat.: 19.764ms, rate sampling interval: 57ms
  Thread calibration: mean lat.: 19.778ms, rate sampling interval: 59ms
  Thread calibration: mean lat.: 20.089ms, rate sampling interval: 60ms
  Thread calibration: mean lat.: 20.359ms, rate sampling interval: 61ms
  Thread calibration: mean lat.: 19.517ms, rate sampling interval: 58ms
  Thread calibration: mean lat.: 20.472ms, rate sampling interval: 61ms
  Thread calibration: mean lat.: 24.338ms, rate sampling interval: 70ms
  Thread Stats   Avg      Stdev     Max   +/- Stdev
    Latency    24.43ms   25.24ms   1.07s    93.45%
    Req/Sec    50.24     84.12   403.00     81.47%
  Latency Distribution (HdrHistogram - Recorded Latency)
 50.000%   18.46ms
 75.000%   25.55ms
 90.000%   37.31ms
 99.000%  112.19ms
 99.900%  390.91ms
 99.990%  463.87ms
 99.999%    1.05s 
100.000%    1.08s 

  Detailed Percentile spectrum:
       Value   Percentile   TotalCount 1/(1-Percentile)

       7.051     0.000000            1         1.00
      11.663     0.100000        11627         1.11
      13.063     0.200000        23192         1.25
      14.591     0.300000        34813         1.43
      16.415     0.400000        46363         1.67
      18.463     0.500000        57986         2.00
      19.583     0.550000        63717         2.22
      20.831     0.600000        69534         2.50
      22.127     0.650000        75331         2.86
      23.647     0.700000        81103         3.33
      25.551     0.750000        86879         4.00
      26.623     0.775000        89792         4.44
      27.823     0.800000        92667         5.00
      29.279     0.825000        95578         5.71
      31.055     0.850000        98464         6.67
      33.471     0.875000       101363         8.00
      35.103     0.887500       102810         8.89
      37.311     0.900000       104258        10.00
      40.415     0.912500       105695        11.43
      44.831     0.925000       107144        13.33
      51.647     0.937500       108588        16.00
      56.095     0.943750       109318        17.78
      61.855     0.950000       110039        20.00
      68.159     0.956250       110761        22.86
      74.623     0.962500       111488        26.67
      81.151     0.968750       112209        32.00
      84.223     0.971875       112570        35.56
      87.679     0.975000       112934        40.00
      91.007     0.978125       113294        45.71
      94.783     0.981250       113658        53.33
      99.071     0.984375       114018        64.00
     101.247     0.985938       114206        71.11
     104.575     0.987500       114381        80.00
     108.735     0.989062       114561        91.43
     114.175     0.990625       114743       106.67
     122.239     0.992188       114924       128.00
     127.679     0.992969       115013       142.22
     134.399     0.993750       115104       160.00
     141.951     0.994531       115194       182.86
     149.631     0.995313       115285       213.33
     160.767     0.996094       115375       256.00
     167.807     0.996484       115421       284.44
     181.375     0.996875       115466       320.00
     195.583     0.997266       115511       365.71
     225.151     0.997656       115557       426.67
     248.959     0.998047       115601       512.00
     269.567     0.998242       115624       568.89
     336.127     0.998437       115647       640.00
     354.815     0.998633       115669       731.43
     375.807     0.998828       115692       853.33
     395.007     0.999023       115714      1024.00
     402.175     0.999121       115726      1137.78
     409.343     0.999219       115737      1280.00
     415.231     0.999316       115749      1462.86
     421.631     0.999414       115760      1706.67
     427.007     0.999512       115771      2048.00
     434.175     0.999561       115778      2275.56
     437.247     0.999609       115783      2560.00
     439.807     0.999658       115789      2925.71
     444.415     0.999707       115794      3413.33
     449.023     0.999756       115799      4096.00
     450.559     0.999780       115802      4551.11
     453.119     0.999805       115805      5120.00
     457.215     0.999829       115808      5851.43
     461.055     0.999854       115811      6826.67
     461.311     0.999878       115813      8192.00
     463.871     0.999890       115815      9102.22
     464.127     0.999902       115816     10240.00
     465.407     0.999915       115818     11702.86
     465.663     0.999927       115819     13653.33
     465.919     0.999939       115820     16384.00
     466.175     0.999945       115821     18204.44
     466.687     0.999951       115822     20480.00
     467.967     0.999957       115823     23405.71
     467.967     0.999963       115823     27306.67
     560.127     0.999969       115824     32768.00
     560.127     0.999973       115824     36408.89
     587.775     0.999976       115825     40960.00
     587.775     0.999979       115825     46811.43
     587.775     0.999982       115825     54613.33
    1050.623     0.999985       115826     65536.00
    1050.623     0.999986       115826     72817.78
    1050.623     0.999988       115826     81920.00
    1050.623     0.999989       115826     93622.86
    1050.623     0.999991       115826    109226.67
    1075.199     0.999992       115827    131072.00
    1075.199     1.000000       115827          inf
#[Mean    =       24.431, StdDeviation   =       25.238]
#[Max     =     1074.176, Total count    =       115827]
#[Buckets =           27, SubBuckets     =         2048]
----------------------------------------------------------
  119958 requests in 5.00m, 44.27MB read
Requests/sec:    399.83
Transfer/sec:    151.11KB
