Running 5m test @ http://face/
  8 threads and 200 connections
  Thread calibration: mean lat.: 40.320ms, rate sampling interval: 136ms
  Thread calibration: mean lat.: 39.838ms, rate sampling interval: 123ms
  Thread calibration: mean lat.: 40.289ms, rate sampling interval: 141ms
  Thread calibration: mean lat.: 40.138ms, rate sampling interval: 127ms
  Thread calibration: mean lat.: 40.482ms, rate sampling interval: 136ms
  Thread calibration: mean lat.: 38.990ms, rate sampling interval: 121ms
  Thread calibration: mean lat.: 40.821ms, rate sampling interval: 146ms
  Thread calibration: mean lat.: 39.832ms, rate sampling interval: 129ms
  Thread Stats   Avg      Stdev     Max   +/- Stdev
    Latency    41.09ms   22.46ms   1.09s    80.32%
    Req/Sec    49.92     64.62   208.00     77.71%
  Latency Distribution (HdrHistogram - Recorded Latency)
 50.000%   36.58ms
 75.000%   47.90ms
 90.000%   67.39ms
 99.000%  121.86ms
 99.900%  170.88ms
 99.990%  222.46ms
 99.999%  610.82ms
100.000%    1.09s 

  Detailed Percentile spectrum:
       Value   Percentile   TotalCount 1/(1-Percentile)

       7.727     0.000000            1         1.00
      19.759     0.100000        11589         1.11
      24.655     0.200000        23188         1.25
      28.911     0.300000        34778         1.43
      32.799     0.400000        46437         1.67
      36.575     0.500000        57962         2.00
      38.495     0.550000        63761         2.22
      40.543     0.600000        69558         2.50
      42.623     0.650000        75348         2.86
      45.023     0.700000        81152         3.33
      47.903     0.750000        86929         4.00
      49.567     0.775000        89816         4.44
      51.615     0.800000        92699         5.00
      54.047     0.825000        95590         5.71
      57.183     0.850000        98470         6.67
      61.407     0.875000       101384         8.00
      64.127     0.887500       102829         8.89
      67.391     0.900000       104273        10.00
      71.359     0.912500       105708        11.43
      75.839     0.925000       107158        13.33
      81.407     0.937500       108613        16.00
      84.351     0.943750       109330        17.78
      87.679     0.950000       110055        20.00
      91.199     0.956250       110776        22.86
      94.847     0.962500       111499        26.67
      99.135     0.968750       112225        32.00
     101.375     0.971875       112592        35.56
     103.615     0.975000       112953        40.00
     106.431     0.978125       113317        45.71
     109.439     0.981250       113675        53.33
     112.767     0.984375       114039        64.00
     114.687     0.985938       114215        71.11
     117.119     0.987500       114400        80.00
     119.935     0.989062       114578        91.43
     123.583     0.990625       114758       106.67
     127.615     0.992188       114939       128.00
     130.367     0.992969       115029       142.22
     132.735     0.993750       115121       160.00
     135.551     0.994531       115211       182.86
     138.623     0.995313       115300       213.33
     141.951     0.996094       115392       256.00
     143.743     0.996484       115436       284.44
     146.303     0.996875       115481       320.00
     148.351     0.997266       115528       365.71
     150.783     0.997656       115573       426.67
     153.983     0.998047       115617       512.00
     155.519     0.998242       115641       568.89
     158.079     0.998437       115663       640.00
     160.383     0.998633       115687       731.43
     163.583     0.998828       115709       853.33
     171.903     0.999023       115730      1024.00
     175.487     0.999121       115742      1137.78
     179.711     0.999219       115753      1280.00
     186.879     0.999316       115764      1462.86
     193.151     0.999414       115776      1706.67
     199.295     0.999512       115787      2048.00
     204.671     0.999561       115794      2275.56
     206.079     0.999609       115798      2560.00
     207.615     0.999658       115804      2925.71
     211.327     0.999707       115810      3413.33
     213.247     0.999756       115815      4096.00
     213.887     0.999780       115818      4551.11
     217.855     0.999805       115822      5120.00
     218.367     0.999829       115824      5851.43
     220.543     0.999854       115827      6826.67
     221.183     0.999878       115829      8192.00
     222.463     0.999890       115831      9102.22
     223.359     0.999902       115832     10240.00
     225.535     0.999915       115834     11702.86
     227.071     0.999927       115835     13653.33
     227.839     0.999939       115836     16384.00
     229.247     0.999945       115837     18204.44
     229.503     0.999951       115838     20480.00
     230.143     0.999957       115839     23405.71
     230.143     0.999963       115839     27306.67
     231.679     0.999969       115840     32768.00
     231.679     0.999973       115840     36408.89
     242.047     0.999976       115841     40960.00
     242.047     0.999979       115841     46811.43
     242.047     0.999982       115841     54613.33
     610.815     0.999985       115842     65536.00
     610.815     0.999986       115842     72817.78
     610.815     0.999988       115842     81920.00
     610.815     0.999989       115842     93622.86
     610.815     0.999991       115842    109226.67
    1089.535     0.999992       115843    131072.00
    1089.535     1.000000       115843          inf
#[Mean    =       41.092, StdDeviation   =       22.456]
#[Max     =     1088.512, Total count    =       115843]
#[Buckets =           27, SubBuckets     =         2048]
----------------------------------------------------------
  120008 requests in 5.00m, 44.29MB read
Requests/sec:    400.01
Transfer/sec:    151.18KB
