Running 5m test @ http://face/
  8 threads and 200 connections
  Thread calibration: mean lat.: 20.042ms, rate sampling interval: 55ms
  Thread calibration: mean lat.: 18.844ms, rate sampling interval: 55ms
  Thread calibration: mean lat.: 19.062ms, rate sampling interval: 54ms
  Thread calibration: mean lat.: 18.903ms, rate sampling interval: 57ms
  Thread calibration: mean lat.: 19.719ms, rate sampling interval: 54ms
  Thread calibration: mean lat.: 19.247ms, rate sampling interval: 52ms
  Thread calibration: mean lat.: 18.005ms, rate sampling interval: 51ms
  Thread calibration: mean lat.: 20.618ms, rate sampling interval: 60ms
  Thread Stats   Avg      Stdev     Max   +/- Stdev
    Latency    23.69ms   23.75ms   1.07s    92.32%
    Req/Sec    25.09     61.58   440.00     86.99%
  Latency Distribution (HdrHistogram - Recorded Latency)
 50.000%   17.20ms
 75.000%   24.42ms
 90.000%   37.57ms
 99.000%  101.18ms
 99.900%  328.19ms
 99.990%  438.27ms
 99.999%  445.18ms
100.000%    1.07s 

  Detailed Percentile spectrum:
       Value   Percentile   TotalCount 1/(1-Percentile)

       7.351     0.000000            1         1.00
      11.927     0.100000         5790         1.11
      13.055     0.200000        11576         1.25
      14.151     0.300000        17366         1.43
      15.463     0.400000        23162         1.67
      17.199     0.500000        28945         2.00
      18.303     0.550000        31805         2.22
      19.663     0.600000        34694         2.50
      21.215     0.650000        37603         2.86
      22.719     0.700000        40499         3.33
      24.415     0.750000        43373         4.00
      25.439     0.775000        44823         4.44
      26.735     0.800000        46271         5.00
      28.223     0.825000        47714         5.71
      30.175     0.850000        49158         6.67
      32.799     0.875000        50597         8.00
      34.783     0.887500        51319         8.89
      37.567     0.900000        52044        10.00
      42.367     0.912500        52766        11.43
      48.447     0.925000        53485        13.33
      54.783     0.937500        54212        16.00
      58.431     0.943750        54571        17.78
      63.167     0.950000        54932        20.00
      68.415     0.956250        55293        22.86
      73.919     0.962500        55653        26.67
      80.063     0.968750        56018        32.00
      82.879     0.971875        56196        35.56
      85.247     0.975000        56382        40.00
      87.743     0.978125        56560        45.71
      90.495     0.981250        56738        53.33
      94.143     0.984375        56918        64.00
      95.935     0.985938        57009        71.11
      98.047     0.987500        57101        80.00
      99.775     0.989062        57191        91.43
     102.143     0.990625        57279       106.67
     105.855     0.992188        57370       128.00
     108.223     0.992969        57417       142.22
     111.103     0.993750        57460       160.00
     115.967     0.994531        57505       182.86
     124.415     0.995313        57550       213.33
     132.095     0.996094        57596       256.00
     137.727     0.996484        57618       284.44
     142.975     0.996875        57641       320.00
     204.799     0.997266        57663       365.71
     233.471     0.997656        57686       426.67
     260.607     0.998047        57709       512.00
     275.199     0.998242        57720       568.89
     287.231     0.998437        57731       640.00
     299.519     0.998633        57742       731.43
     315.903     0.998828        57754       853.33
     330.495     0.999023        57766      1024.00
     388.607     0.999121        57771      1137.78
     393.215     0.999219        57776      1280.00
     402.943     0.999316        57782      1462.86
     408.575     0.999414        57788      1706.67
     413.183     0.999512        57793      2048.00
     415.231     0.999561        57797      2275.56
     420.351     0.999609        57799      2560.00
     423.679     0.999658        57802      2925.71
     431.359     0.999707        57806      3413.33
     432.383     0.999756        57807      4096.00
     435.455     0.999780        57809      4551.11
     436.223     0.999805        57810      5120.00
     437.503     0.999829        57813      5851.43
     437.503     0.999854        57813      6826.67
     437.759     0.999878        57814      8192.00
     438.271     0.999890        57815      9102.22
     440.063     0.999902        57816     10240.00
     442.367     0.999915        57817     11702.86
     442.367     0.999927        57817     13653.33
     444.159     0.999939        57818     16384.00
     444.159     0.999945        57818     18204.44
     444.671     0.999951        57819     20480.00
     444.671     0.999957        57819     23405.71
     444.671     0.999963        57819     27306.67
     445.183     0.999969        57820     32768.00
     445.183     0.999973        57820     36408.89
     445.183     0.999976        57820     40960.00
     445.183     0.999979        57820     46811.43
     445.183     0.999982        57820     54613.33
    1071.103     0.999985        57821     65536.00
    1071.103     1.000000        57821          inf
#[Mean    =       23.695, StdDeviation   =       23.754]
#[Max     =     1070.080, Total count    =        57821]
#[Buckets =           27, SubBuckets     =         2048]
----------------------------------------------------------
  60008 requests in 5.00m, 22.15MB read
Requests/sec:    200.01
Transfer/sec:     75.59KB
