Running 5m test @ http://face/
  8 threads and 200 connections
  Thread calibration: mean lat.: 20.917ms, rate sampling interval: 58ms
  Thread calibration: mean lat.: 19.868ms, rate sampling interval: 60ms
  Thread calibration: mean lat.: 20.232ms, rate sampling interval: 60ms
  Thread calibration: mean lat.: 18.995ms, rate sampling interval: 57ms
  Thread calibration: mean lat.: 20.769ms, rate sampling interval: 61ms
  Thread calibration: mean lat.: 24.389ms, rate sampling interval: 65ms
  Thread calibration: mean lat.: 20.117ms, rate sampling interval: 60ms
  Thread calibration: mean lat.: 20.065ms, rate sampling interval: 60ms
  Thread Stats   Avg      Stdev     Max   +/- Stdev
    Latency    22.16ms   21.05ms   1.06s    94.07%
    Req/Sec    25.07     64.78   390.00     87.83%
  Latency Distribution (HdrHistogram - Recorded Latency)
 50.000%   17.36ms
 75.000%   23.33ms
 90.000%   31.41ms
 99.000%  101.38ms
 99.900%  355.58ms
 99.990%  430.59ms
 99.999%  440.06ms
100.000%    1.07s 

  Detailed Percentile spectrum:
       Value   Percentile   TotalCount 1/(1-Percentile)

       7.223     0.000000            1         1.00
      11.599     0.100000         5786         1.11
      12.759     0.200000        11587         1.25
      13.959     0.300000        17354         1.43
      15.503     0.400000        23148         1.67
      17.359     0.500000        28910         2.00
      18.367     0.550000        31833         2.22
      19.455     0.600000        34705         2.50
      20.687     0.650000        37601         2.86
      21.919     0.700000        40503         3.33
      23.327     0.750000        43380         4.00
      24.159     0.775000        44815         4.44
      25.183     0.800000        46256         5.00
      26.319     0.825000        47714         5.71
      27.615     0.850000        49159         6.67
      29.279     0.875000        50601         8.00
      30.271     0.887500        51319         8.89
      31.407     0.900000        52042        10.00
      32.831     0.912500        52760        11.43
      35.359     0.925000        53487        13.33
      40.959     0.937500        54203        16.00
      46.047     0.943750        54565        17.78
      51.327     0.950000        54928        20.00
      56.447     0.956250        55288        22.86
      63.039     0.962500        55648        26.67
      72.575     0.968750        56010        32.00
      77.055     0.971875        56191        35.56
      81.215     0.975000        56371        40.00
      85.759     0.978125        56555        45.71
      89.023     0.981250        56733        53.33
      93.311     0.984375        56917        64.00
      95.295     0.985938        57003        71.11
      97.407     0.987500        57096        80.00
      99.583     0.989062        57185        91.43
     102.655     0.990625        57275       106.67
     107.391     0.992188        57365       128.00
     110.079     0.992969        57410       142.22
     115.263     0.993750        57455       160.00
     121.279     0.994531        57500       182.86
     126.719     0.995313        57546       213.33
     131.967     0.996094        57592       256.00
     135.423     0.996484        57615       284.44
     139.135     0.996875        57636       320.00
     143.999     0.997266        57659       365.71
     147.839     0.997656        57682       426.67
     151.423     0.998047        57704       512.00
     153.727     0.998242        57715       568.89
     156.543     0.998437        57726       640.00
     161.023     0.998633        57737       731.43
     170.495     0.998828        57749       853.33
     357.887     0.999023        57760      1024.00
     367.359     0.999121        57766      1137.78
     373.759     0.999219        57771      1280.00
     378.623     0.999316        57777      1462.86
     389.887     0.999414        57783      1706.67
     395.775     0.999512        57788      2048.00
     404.223     0.999561        57791      2275.56
     406.783     0.999609        57794      2560.00
     409.087     0.999658        57797      2925.71
     417.279     0.999707        57800      3413.33
     418.815     0.999756        57802      4096.00
     422.399     0.999780        57804      4551.11
     423.679     0.999805        57805      5120.00
     425.215     0.999829        57807      5851.43
     426.751     0.999854        57808      6826.67
     428.543     0.999878        57809      8192.00
     430.591     0.999890        57810      9102.22
     431.359     0.999902        57811     10240.00
     435.199     0.999915        57812     11702.86
     435.199     0.999927        57812     13653.33
     436.735     0.999939        57813     16384.00
     436.735     0.999945        57813     18204.44
     439.039     0.999951        57814     20480.00
     439.039     0.999957        57814     23405.71
     439.039     0.999963        57814     27306.67
     440.063     0.999969        57815     32768.00
     440.063     0.999973        57815     36408.89
     440.063     0.999976        57815     40960.00
     440.063     0.999979        57815     46811.43
     440.063     0.999982        57815     54613.33
    1065.983     0.999985        57816     65536.00
    1065.983     1.000000        57816          inf
#[Mean    =       22.159, StdDeviation   =       21.050]
#[Max     =     1064.960, Total count    =        57816]
#[Buckets =           27, SubBuckets     =         2048]
----------------------------------------------------------
  59983 requests in 5.00m, 22.14MB read
Requests/sec:    199.93
Transfer/sec:     75.56KB
