Running 5m test @ http://face/
  8 threads and 200 connections
  Thread calibration: mean lat.: 21.653ms, rate sampling interval: 64ms
  Thread calibration: mean lat.: 20.004ms, rate sampling interval: 53ms
  Thread calibration: mean lat.: 19.994ms, rate sampling interval: 55ms
  Thread calibration: mean lat.: 19.871ms, rate sampling interval: 56ms
  Thread calibration: mean lat.: 23.687ms, rate sampling interval: 61ms
  Thread calibration: mean lat.: 21.378ms, rate sampling interval: 61ms
  Thread calibration: mean lat.: 21.684ms, rate sampling interval: 66ms
  Thread calibration: mean lat.: 21.017ms, rate sampling interval: 62ms
  Thread Stats   Avg      Stdev     Max   +/- Stdev
    Latency    22.02ms   21.24ms   1.08s    93.57%
    Req/Sec    25.08     65.91   416.00     87.78%
  Latency Distribution (HdrHistogram - Recorded Latency)
 50.000%   17.12ms
 75.000%   23.01ms
 90.000%   32.06ms
 99.000%  100.22ms
 99.900%  350.46ms
 99.990%  434.43ms
 99.999%  441.60ms
100.000%    1.08s 

  Detailed Percentile spectrum:
       Value   Percentile   TotalCount 1/(1-Percentile)

       6.879     0.000000            1         1.00
      11.175     0.100000         5822         1.11
      12.295     0.200000        11588         1.25
      13.519     0.300000        17348         1.43
      15.135     0.400000        23131         1.67
      17.119     0.500000        28915         2.00
      18.191     0.550000        31811         2.22
      19.279     0.600000        34698         2.50
      20.399     0.650000        37589         2.86
      21.647     0.700000        40510         3.33
      23.007     0.750000        43389         4.00
      23.807     0.775000        44830         4.44
      24.831     0.800000        46285         5.00
      26.159     0.825000        47713         5.71
      27.695     0.850000        49151         6.67
      29.439     0.875000        50598         8.00
      30.623     0.887500        51331         8.89
      32.063     0.900000        52044        10.00
      34.175     0.912500        52769        11.43
      37.503     0.925000        53492        13.33
      44.415     0.937500        54211        16.00
      48.991     0.943750        54572        17.78
      53.919     0.950000        54933        20.00
      59.551     0.956250        55296        22.86
      66.751     0.962500        55660        26.67
      74.175     0.968750        56020        32.00
      78.143     0.971875        56201        35.56
      81.343     0.975000        56379        40.00
      84.671     0.978125        56561        45.71
      87.871     0.981250        56743        53.33
      91.519     0.984375        56921        64.00
      93.695     0.985938        57012        71.11
      95.807     0.987500        57104        80.00
      98.495     0.989062        57194        91.43
     101.631     0.990625        57285       106.67
     105.663     0.992188        57376       128.00
     109.311     0.992969        57418       142.22
     112.511     0.993750        57463       160.00
     115.967     0.994531        57508       182.86
     120.895     0.995313        57553       213.33
     126.335     0.996094        57600       256.00
     129.407     0.996484        57621       284.44
     132.479     0.996875        57644       320.00
     135.039     0.997266        57666       365.71
     137.343     0.997656        57689       426.67
     140.799     0.998047        57714       512.00
     142.591     0.998242        57725       568.89
     144.383     0.998437        57734       640.00
     148.607     0.998633        57745       731.43
     336.383     0.998828        57757       853.33
     354.559     0.999023        57768      1024.00
     365.567     0.999121        57775      1137.78
     370.431     0.999219        57779      1280.00
     380.927     0.999316        57785      1462.86
     390.143     0.999414        57791      1706.67
     400.895     0.999512        57796      2048.00
     405.759     0.999561        57799      2275.56
     410.367     0.999609        57802      2560.00
     411.903     0.999658        57805      2925.71
     413.183     0.999707        57808      3413.33
     415.999     0.999756        57810      4096.00
     417.023     0.999780        57812      4551.11
     418.815     0.999805        57813      5120.00
     424.447     0.999829        57815      5851.43
     424.703     0.999854        57816      6826.67
     425.727     0.999878        57817      8192.00
     434.431     0.999890        57818      9102.22
     434.687     0.999902        57819     10240.00
     435.199     0.999915        57820     11702.86
     435.199     0.999927        57820     13653.33
     437.247     0.999939        57821     16384.00
     437.247     0.999945        57821     18204.44
     437.759     0.999951        57822     20480.00
     437.759     0.999957        57822     23405.71
     437.759     0.999963        57822     27306.67
     441.599     0.999969        57823     32768.00
     441.599     0.999973        57823     36408.89
     441.599     0.999976        57823     40960.00
     441.599     0.999979        57823     46811.43
     441.599     0.999982        57823     54613.33
    1076.223     0.999985        57824     65536.00
    1076.223     1.000000        57824          inf
#[Mean    =       22.016, StdDeviation   =       21.236]
#[Max     =     1075.200, Total count    =        57824]
#[Buckets =           27, SubBuckets     =         2048]
----------------------------------------------------------
  59983 requests in 5.00m, 22.14MB read
Requests/sec:    199.93
Transfer/sec:     75.56KB
