Running 5m test @ http://face/
  8 threads and 200 connections
  Thread calibration: mean lat.: 36.340ms, rate sampling interval: 107ms
  Thread calibration: mean lat.: 37.932ms, rate sampling interval: 114ms
  Thread calibration: mean lat.: 38.091ms, rate sampling interval: 114ms
  Thread calibration: mean lat.: 37.041ms, rate sampling interval: 107ms
  Thread calibration: mean lat.: 37.141ms, rate sampling interval: 111ms
  Thread calibration: mean lat.: 37.086ms, rate sampling interval: 118ms
  Thread calibration: mean lat.: 20.182ms, rate sampling interval: 49ms
  Thread calibration: mean lat.: 38.244ms, rate sampling interval: 124ms
  Thread Stats   Avg      Stdev     Max   +/- Stdev
    Latency    55.71ms   55.95ms   1.20s    89.33%
    Req/Sec    49.98     82.54   520.00     90.09%
  Latency Distribution (HdrHistogram - Recorded Latency)
 50.000%   38.27ms
 75.000%   66.30ms
 90.000%  115.01ms
 99.000%  240.13ms
 99.900%  619.52ms
 99.990%    1.09s 
 99.999%    1.18s 
100.000%    1.20s 

  Detailed Percentile spectrum:
       Value   Percentile   TotalCount 1/(1-Percentile)

       6.379     0.000000            1         1.00
      17.615     0.100000        11614         1.11
      22.943     0.200000        23181         1.25
      28.031     0.300000        34770         1.43
      32.863     0.400000        46369         1.67
      38.271     0.500000        57981         2.00
      41.567     0.550000        63742         2.22
      45.599     0.600000        69515         2.50
      50.687     0.650000        75324         2.86
      57.471     0.700000        81105         3.33
      66.303     0.750000        86887         4.00
      71.679     0.775000        89798         4.44
      77.759     0.800000        92684         5.00
      85.247     0.825000        95587         5.71
      93.759     0.850000        98482         6.67
     103.551     0.875000       101371         8.00
     109.055     0.887500       102815         8.89
     115.007     0.900000       104266        10.00
     121.791     0.912500       105722        11.43
     129.855     0.925000       107160        13.33
     138.751     0.937500       108612        16.00
     143.871     0.943750       109333        17.78
     149.247     0.950000       110056        20.00
     155.135     0.956250       110792        22.86
     162.175     0.962500       111505        26.67
     170.623     0.968750       112229        32.00
     174.975     0.971875       112585        35.56
     180.863     0.975000       112957        40.00
     186.751     0.978125       113312        45.71
     194.559     0.981250       113672        53.33
     205.439     0.984375       114038        64.00
     211.455     0.985938       114216        71.11
     219.647     0.987500       114395        80.00
     230.143     0.989062       114577        91.43
     247.039     0.990625       114758       106.67
     272.639     0.992188       114940       128.00
     302.591     0.992969       115029       142.22
     338.431     0.993750       115119       160.00
     366.591     0.994531       115210       182.86
     390.911     0.995313       115300       213.33
     411.391     0.996094       115393       256.00
     418.559     0.996484       115437       284.44
     426.495     0.996875       115483       320.00
     434.943     0.997266       115529       365.71
     443.391     0.997656       115572       426.67
     459.007     0.998047       115617       512.00
     472.319     0.998242       115640       568.89
     502.783     0.998437       115662       640.00
     560.127     0.998633       115685       731.43
     593.407     0.998828       115708       853.33
     622.591     0.999023       115730      1024.00
     648.191     0.999121       115742      1137.78
     670.207     0.999219       115753      1280.00
     690.687     0.999316       115764      1462.86
     712.703     0.999414       115776      1706.67
     766.975     0.999512       115787      2048.00
     774.143     0.999561       115793      2275.56
     776.703     0.999609       115798      2560.00
     790.015     0.999658       115804      2925.71
    1030.655     0.999707       115810      3413.33
    1045.503     0.999756       115815      4096.00
    1054.719     0.999780       115818      4551.11
    1069.055     0.999805       115821      5120.00
    1072.127     0.999829       115824      5851.43
    1078.271     0.999854       115827      6826.67
    1082.367     0.999878       115829      8192.00
    1088.511     0.999890       115831      9102.22
    1091.583     0.999902       115832     10240.00
    1099.775     0.999915       115835     11702.86
    1099.775     0.999927       115835     13653.33
    1104.895     0.999939       115836     16384.00
    1120.255     0.999945       115837     18204.44
    1129.471     0.999951       115838     20480.00
    1131.519     0.999957       115839     23405.71
    1131.519     0.999963       115839     27306.67
    1139.711     0.999969       115840     32768.00
    1139.711     0.999973       115840     36408.89
    1161.215     0.999976       115841     40960.00
    1161.215     0.999979       115841     46811.43
    1161.215     0.999982       115841     54613.33
    1181.695     0.999985       115842     65536.00
    1181.695     0.999986       115842     72817.78
    1181.695     0.999988       115842     81920.00
    1181.695     0.999989       115842     93622.86
    1181.695     0.999991       115842    109226.67
    1201.151     0.999992       115843    131072.00
    1201.151     1.000000       115843          inf
#[Mean    =       55.711, StdDeviation   =       55.951]
#[Max     =     1200.128, Total count    =       115843]
#[Buckets =           27, SubBuckets     =         2048]
----------------------------------------------------------
  119956 requests in 5.00m, 44.31MB read
Requests/sec:    399.82
Transfer/sec:    151.23KB
