Running 5m test @ http://face/
  8 threads and 200 connections
  Thread calibration: mean lat.: 40.710ms, rate sampling interval: 113ms
  Thread calibration: mean lat.: 39.197ms, rate sampling interval: 103ms
  Thread calibration: mean lat.: 40.080ms, rate sampling interval: 112ms
  Thread calibration: mean lat.: 39.670ms, rate sampling interval: 107ms
  Thread calibration: mean lat.: 41.494ms, rate sampling interval: 112ms
  Thread calibration: mean lat.: 38.688ms, rate sampling interval: 98ms
  Thread calibration: mean lat.: 40.148ms, rate sampling interval: 112ms
  Thread calibration: mean lat.: 42.950ms, rate sampling interval: 104ms
  Thread Stats   Avg      Stdev     Max   +/- Stdev
    Latency    53.13ms   27.84ms   1.12s    79.60%
    Req/Sec    50.02     72.69   257.00     80.43%
  Latency Distribution (HdrHistogram - Recorded Latency)
 50.000%   44.32ms
 75.000%   64.16ms
 90.000%   91.46ms
 99.000%  143.87ms
 99.900%  191.49ms
 99.990%  452.10ms
 99.999%    1.08s 
100.000%    1.12s 

  Detailed Percentile spectrum:
       Value   Percentile   TotalCount 1/(1-Percentile)

       9.871     0.000000            1         1.00
      28.543     0.100000        11592         1.11
      33.215     0.200000        23263         1.25
      36.799     0.300000        34848         1.43
      40.287     0.400000        46370         1.67
      44.319     0.500000        57987         2.00
      46.783     0.550000        63767         2.22
      49.599     0.600000        69533         2.50
      53.151     0.650000        75322         2.86
      57.887     0.700000        81119         3.33
      64.159     0.750000        86917         4.00
      67.903     0.775000        89848         4.44
      71.871     0.800000        92719         5.00
      76.095     0.825000        95609         5.71
      80.767     0.850000        98492         6.67
      85.759     0.875000       101405         8.00
      88.511     0.887500       102843         8.89
      91.455     0.900000       104289        10.00
      94.847     0.912500       105750        11.43
      98.367     0.925000       107180        13.33
     102.399     0.937500       108635        16.00
     104.767     0.943750       109365        17.78
     107.391     0.950000       110082        20.00
     110.399     0.956250       110807        22.86
     113.919     0.962500       111532        26.67
     118.143     0.968750       112262        32.00
     120.575     0.971875       112619        35.56
     123.135     0.975000       112974        40.00
     126.207     0.978125       113336        45.71
     129.727     0.981250       113701        53.33
     133.759     0.984375       114065        64.00
     136.191     0.985938       114245        71.11
     138.751     0.987500       114425        80.00
     141.695     0.989062       114604        91.43
     145.023     0.990625       114785       106.67
     148.863     0.992188       114966       128.00
     151.167     0.992969       115056       142.22
     153.727     0.993750       115146       160.00
     156.543     0.994531       115239       182.86
     160.511     0.995313       115327       213.33
     166.527     0.996094       115418       256.00
     169.215     0.996484       115463       284.44
     172.671     0.996875       115509       320.00
     175.615     0.997266       115554       365.71
     178.047     0.997656       115599       426.67
     180.351     0.998047       115644       512.00
     182.015     0.998242       115667       568.89
     184.063     0.998437       115690       640.00
     186.111     0.998633       115713       731.43
     189.567     0.998828       115735       853.33
     191.871     0.999023       115757      1024.00
     193.279     0.999121       115769      1137.78
     194.175     0.999219       115780      1280.00
     199.167     0.999316       115792      1462.86
     204.415     0.999414       115803      1706.67
     212.991     0.999512       115814      2048.00
     215.295     0.999561       115820      2275.56
     219.903     0.999609       115825      2560.00
     232.831     0.999658       115831      2925.71
     336.383     0.999707       115837      3413.33
     348.671     0.999756       115843      4096.00
     351.487     0.999780       115845      4551.11
     435.199     0.999805       115848      5120.00
     443.135     0.999829       115851      5851.43
     444.159     0.999854       115854      6826.67
     447.743     0.999878       115856      8192.00
     452.095     0.999890       115859      9102.22
     452.095     0.999902       115859     10240.00
     453.887     0.999915       115861     11702.86
     459.519     0.999927       115862     13653.33
     459.775     0.999939       115863     16384.00
     470.271     0.999945       115864     18204.44
     475.135     0.999951       115865     20480.00
     475.391     0.999957       115866     23405.71
     475.391     0.999963       115866     27306.67
     595.967     0.999969       115867     32768.00
     595.967     0.999973       115867     36408.89
     678.911     0.999976       115868     40960.00
     678.911     0.999979       115868     46811.43
     678.911     0.999982       115868     54613.33
    1083.391     0.999985       115869     65536.00
    1083.391     0.999986       115869     72817.78
    1083.391     0.999988       115869     81920.00
    1083.391     0.999989       115869     93622.86
    1083.391     0.999991       115869    109226.67
    1118.207     0.999992       115870    131072.00
    1118.207     1.000000       115870          inf
#[Mean    =       53.135, StdDeviation   =       27.837]
#[Max     =     1117.184, Total count    =       115870]
#[Buckets =           27, SubBuckets     =         2048]
----------------------------------------------------------
  119908 requests in 5.00m, 44.25MB read
Requests/sec:    399.65
Transfer/sec:    151.04KB
