Running 5m test @ http://face/
  8 threads and 200 connections
  Thread calibration: mean lat.: 40.190ms, rate sampling interval: 115ms
  Thread calibration: mean lat.: 40.532ms, rate sampling interval: 115ms
  Thread calibration: mean lat.: 41.086ms, rate sampling interval: 124ms
  Thread calibration: mean lat.: 40.573ms, rate sampling interval: 116ms
  Thread calibration: mean lat.: 40.387ms, rate sampling interval: 117ms
  Thread calibration: mean lat.: 40.712ms, rate sampling interval: 119ms
  Thread calibration: mean lat.: 40.959ms, rate sampling interval: 126ms
  Thread calibration: mean lat.: 40.752ms, rate sampling interval: 121ms
  Thread Stats   Avg      Stdev     Max   +/- Stdev
    Latency    53.72ms   28.79ms   1.08s    78.87%
    Req/Sec    50.01     66.64   219.00     79.27%
  Latency Distribution (HdrHistogram - Recorded Latency)
 50.000%   44.90ms
 75.000%   66.82ms
 90.000%   92.93ms
 99.000%  139.65ms
 99.900%  195.58ms
 99.990%  461.82ms
 99.999%    1.08s 
100.000%    1.08s 

  Detailed Percentile spectrum:
       Value   Percentile   TotalCount 1/(1-Percentile)

       8.703     0.000000            1         1.00
      28.063     0.100000        11602         1.11
      32.895     0.200000        23218         1.25
      36.639     0.300000        34776         1.43
      40.447     0.400000        46437         1.67
      44.895     0.500000        57996         2.00
      47.615     0.550000        63767         2.22
      50.879     0.600000        69597         2.50
      55.039     0.650000        75347         2.86
      60.159     0.700000        81136         3.33
      66.815     0.750000        86961         4.00
      70.399     0.775000        89856         4.44
      74.367     0.800000        92761         5.00
      78.399     0.825000        95643         5.71
      82.815     0.850000        98565         6.67
      87.423     0.875000       101424         8.00
      90.175     0.887500       102895         8.89
      92.927     0.900000       104329        10.00
      95.807     0.912500       105772        11.43
      99.135     0.925000       107238        13.33
     102.847     0.937500       108670        16.00
     104.831     0.943750       109389        17.78
     107.327     0.950000       110117        20.00
     109.951     0.956250       110848        22.86
     112.959     0.962500       111567        26.67
     116.863     0.968750       112296        32.00
     118.655     0.971875       112658        35.56
     121.087     0.975000       113016        40.00
     123.775     0.978125       113375        45.71
     126.719     0.981250       113741        53.33
     130.431     0.984375       114100        64.00
     132.607     0.985938       114288        71.11
     134.783     0.987500       114461        80.00
     137.855     0.989062       114645        91.43
     140.927     0.990625       114824       106.67
     144.511     0.992188       115005       128.00
     146.431     0.992969       115097       142.22
     148.607     0.993750       115184       160.00
     151.039     0.994531       115281       182.86
     153.983     0.995313       115366       213.33
     157.567     0.996094       115459       256.00
     159.359     0.996484       115502       284.44
     162.303     0.996875       115547       320.00
     165.375     0.997266       115592       365.71
     168.447     0.997656       115638       426.67
     172.543     0.998047       115682       512.00
     175.231     0.998242       115706       568.89
     177.535     0.998437       115727       640.00
     180.479     0.998633       115750       731.43
     186.879     0.998828       115773       853.33
     200.191     0.999023       115795      1024.00
     209.535     0.999121       115807      1137.78
     222.463     0.999219       115818      1280.00
     233.343     0.999316       115830      1462.86
     327.935     0.999414       115841      1706.67
     342.783     0.999512       115852      2048.00
     349.183     0.999561       115858      2275.56
     405.247     0.999609       115863      2560.00
     426.495     0.999658       115869      2925.71
     435.199     0.999707       115875      3413.33
     440.831     0.999756       115880      4096.00
     444.927     0.999780       115883      4551.11
     445.951     0.999805       115886      5120.00
     450.303     0.999829       115889      5851.43
     457.727     0.999854       115892      6826.67
     460.031     0.999878       115894      8192.00
     461.823     0.999890       115896      9102.22
     463.359     0.999902       115897     10240.00
     467.711     0.999915       115899     11702.86
     472.575     0.999927       115900     13653.33
     567.295     0.999939       115901     16384.00
     588.799     0.999945       115902     18204.44
     593.919     0.999951       115903     20480.00
     646.143     0.999957       115904     23405.71
     646.143     0.999963       115904     27306.67
    1044.479     0.999969       115905     32768.00
    1044.479     0.999973       115905     36408.89
    1046.527     0.999976       115906     40960.00
    1046.527     0.999979       115906     46811.43
    1046.527     0.999982       115906     54613.33
    1083.391     0.999985       115907     65536.00
    1083.391     0.999986       115907     72817.78
    1083.391     0.999988       115907     81920.00
    1083.391     0.999989       115907     93622.86
    1083.391     0.999991       115907    109226.67
    1084.415     0.999992       115908    131072.00
    1084.415     1.000000       115908          inf
#[Mean    =       53.724, StdDeviation   =       28.793]
#[Max     =     1083.392, Total count    =       115908]
#[Buckets =           27, SubBuckets     =         2048]
----------------------------------------------------------
  120008 requests in 5.00m, 44.29MB read
Requests/sec:    399.98
Transfer/sec:    151.16KB
