Running 5m test @ http://face/
  8 threads and 200 connections
  Thread calibration: mean lat.: 36.448ms, rate sampling interval: 141ms
  Thread calibration: mean lat.: 73.322ms, rate sampling interval: 184ms
  Thread calibration: mean lat.: 74.396ms, rate sampling interval: 184ms
  Thread calibration: mean lat.: 72.503ms, rate sampling interval: 185ms
  Thread calibration: mean lat.: 74.808ms, rate sampling interval: 181ms
  Thread calibration: mean lat.: 74.859ms, rate sampling interval: 183ms
  Thread calibration: mean lat.: 36.148ms, rate sampling interval: 141ms
  Thread calibration: mean lat.: 35.852ms, rate sampling interval: 140ms
  Thread Stats   Avg      Stdev     Max   +/- Stdev
    Latency    88.38ms   62.77ms   1.21s    79.33%
    Req/Sec    49.89     63.45   219.00     74.48%
  Latency Distribution (HdrHistogram - Recorded Latency)
 50.000%   78.78ms
 75.000%  114.69ms
 90.000%  147.07ms
 99.000%  330.49ms
 99.900%  716.80ms
 99.990%    1.11s 
 99.999%    1.14s 
100.000%    1.21s 

  Detailed Percentile spectrum:
       Value   Percentile   TotalCount 1/(1-Percentile)

       6.039     0.000000            1         1.00
      21.615     0.100000        11588         1.11
      47.839     0.200000        23173         1.25
      63.423     0.300000        34743         1.43
      71.935     0.400000        46373         1.67
      78.783     0.500000        57952         2.00
      82.559     0.550000        63735         2.22
      87.423     0.600000        69551         2.50
      94.719     0.650000        75284         2.86
     104.447     0.700000        81066         3.33
     114.687     0.750000        86859         4.00
     119.679     0.775000        89780         4.44
     124.543     0.800000        92662         5.00
     129.279     0.825000        95569         5.71
     134.911     0.850000        98503         6.67
     140.543     0.875000       101380         8.00
     143.615     0.887500       102828         8.89
     147.071     0.900000       104227        10.00
     151.551     0.912500       105684        11.43
     156.671     0.925000       107133        13.33
     162.943     0.937500       108586        16.00
     166.655     0.943750       109320        17.78
     170.623     0.950000       110020        20.00
     175.359     0.956250       110767        22.86
     180.863     0.962500       111469        26.67
     187.903     0.968750       112193        32.00
     191.615     0.971875       112550        35.56
     197.887     0.975000       112916        40.00
     206.975     0.978125       113279        45.71
     219.647     0.981250       113638        53.33
     246.911     0.984375       113999        64.00
     265.471     0.985938       114182        71.11
     299.775     0.987500       114362        80.00
     323.327     0.989062       114542        91.43
     337.151     0.990625       114722       106.67
     354.047     0.992188       114903       128.00
     361.727     0.992969       114993       142.22
     375.295     0.993750       115084       160.00
     397.311     0.994531       115174       182.86
     408.575     0.995313       115265       213.33
     447.231     0.996094       115355       256.00
     475.903     0.996484       115400       284.44
     494.591     0.996875       115446       320.00
     515.583     0.997266       115491       365.71
     568.319     0.997656       115536       426.67
     597.503     0.998047       115581       512.00
     616.959     0.998242       115604       568.89
     631.295     0.998437       115627       640.00
     641.535     0.998633       115650       731.43
     673.279     0.998828       115672       853.33
     717.823     0.999023       115695      1024.00
     726.527     0.999121       115706      1137.78
     734.719     0.999219       115718      1280.00
     744.959     0.999316       115729      1462.86
     750.079     0.999414       115740      1706.67
     755.711     0.999512       115751      2048.00
     794.623     0.999561       115757      2275.56
     832.511     0.999609       115762      2560.00
     876.543     0.999658       115768      2925.71
    1041.919     0.999707       115774      3413.33
    1050.623     0.999756       115779      4096.00
    1059.839     0.999780       115782      4551.11
    1069.055     0.999805       115785      5120.00
    1080.319     0.999829       115788      5851.43
    1085.439     0.999854       115791      6826.67
    1088.511     0.999878       115793      8192.00
    1105.919     0.999890       115795      9102.22
    1107.967     0.999902       115796     10240.00
    1113.087     0.999915       115798     11702.86
    1121.279     0.999927       115799     13653.33
    1123.327     0.999939       115800     16384.00
    1126.399     0.999945       115801     18204.44
    1132.543     0.999951       115802     20480.00
    1135.615     0.999957       115803     23405.71
    1135.615     0.999963       115803     27306.67
    1137.663     0.999969       115804     32768.00
    1137.663     0.999973       115804     36408.89
    1138.687     0.999976       115805     40960.00
    1138.687     0.999979       115805     46811.43
    1138.687     0.999982       115805     54613.33
    1141.759     0.999985       115806     65536.00
    1141.759     0.999986       115806     72817.78
    1141.759     0.999988       115806     81920.00
    1141.759     0.999989       115806     93622.86
    1141.759     0.999991       115806    109226.67
    1206.271     0.999992       115807    131072.00
    1206.271     1.000000       115807          inf
#[Mean    =       88.377, StdDeviation   =       62.772]
#[Max     =     1205.248, Total count    =       115807]
#[Buckets =           27, SubBuckets     =         2048]
----------------------------------------------------------
  119758 requests in 5.00m, 44.26MB read
Requests/sec:    399.13
Transfer/sec:    151.04KB
