Running 5m test @ http://face/
  8 threads and 200 connections
  Thread calibration: mean lat.: 21.098ms, rate sampling interval: 62ms
  Thread calibration: mean lat.: 20.293ms, rate sampling interval: 60ms
  Thread calibration: mean lat.: 25.672ms, rate sampling interval: 71ms
  Thread calibration: mean lat.: 20.082ms, rate sampling interval: 61ms
  Thread calibration: mean lat.: 19.614ms, rate sampling interval: 59ms
  Thread calibration: mean lat.: 20.458ms, rate sampling interval: 62ms
  Thread calibration: mean lat.: 20.189ms, rate sampling interval: 57ms
  Thread calibration: mean lat.: 19.427ms, rate sampling interval: 57ms
  Thread Stats   Avg      Stdev     Max   +/- Stdev
    Latency    21.62ms   17.46ms   1.04s    93.09%
    Req/Sec    50.21     83.93   438.00     81.13%
  Latency Distribution (HdrHistogram - Recorded Latency)
 50.000%   17.02ms
 75.000%   22.85ms
 90.000%   31.73ms
 99.000%  102.72ms
 99.900%  142.46ms
 99.990%  151.04ms
 99.999%  552.45ms
100.000%    1.04s 

  Detailed Percentile spectrum:
       Value   Percentile   TotalCount 1/(1-Percentile)

       6.239     0.000000            1         1.00
      11.055     0.100000        11630         1.11
      12.215     0.200000        23205         1.25
      13.479     0.300000        34791         1.43
      15.103     0.400000        46339         1.67
      17.023     0.500000        57956         2.00
      17.999     0.550000        63728         2.22
      19.087     0.600000        69551         2.50
      20.223     0.650000        75296         2.86
      21.439     0.700000        81091         3.33
      22.847     0.750000        86916         4.00
      23.695     0.775000        89770         4.44
      24.735     0.800000        92691         5.00
      26.015     0.825000        95587         5.71
      27.455     0.850000        98467         6.67
      29.183     0.875000       101364         8.00
      30.287     0.887500       102807         8.89
      31.727     0.900000       104254        10.00
      33.631     0.912500       105702        11.43
      36.799     0.925000       107140        13.33
      43.583     0.937500       108586        16.00
      48.479     0.943750       109313        17.78
      53.599     0.950000       110032        20.00
      60.031     0.956250       110757        22.86
      67.711     0.962500       111483        26.67
      75.519     0.968750       112203        32.00
      78.911     0.971875       112569        35.56
      82.559     0.975000       112929        40.00
      86.015     0.978125       113293        45.71
      89.343     0.981250       113653        53.33
      92.927     0.984375       114013        64.00
      95.167     0.985938       114196        71.11
      97.727     0.987500       114377        80.00
     100.671     0.989062       114557        91.43
     104.447     0.990625       114737       106.67
     109.439     0.992188       114918       128.00
     111.999     0.992969       115009       142.22
     114.943     0.993750       115100       160.00
     118.079     0.994531       115189       182.86
     121.983     0.995313       115281       213.33
     125.951     0.996094       115372       256.00
     127.551     0.996484       115415       284.44
     129.727     0.996875       115461       320.00
     131.583     0.997266       115506       365.71
     133.503     0.997656       115551       426.67
     135.679     0.998047       115598       512.00
     136.703     0.998242       115619       568.89
     138.367     0.998437       115643       640.00
     139.391     0.998633       115666       731.43
     141.439     0.998828       115689       853.33
     142.591     0.999023       115711      1024.00
     143.359     0.999121       115722      1137.78
     143.743     0.999219       115732      1280.00
     144.511     0.999316       115743      1462.86
     145.023     0.999414       115756      1706.67
     145.535     0.999512       115767      2048.00
     145.663     0.999561       115772      2275.56
     145.919     0.999609       115777      2560.00
     146.303     0.999658       115783      2925.71
     147.199     0.999707       115789      3413.33
     147.839     0.999756       115795      4096.00
     148.095     0.999780       115797      4551.11
     148.607     0.999805       115801      5120.00
     149.247     0.999829       115803      5851.43
     149.759     0.999854       115806      6826.67
     150.271     0.999878       115808      8192.00
     151.039     0.999890       115810      9102.22
     151.167     0.999902       115811     10240.00
     152.063     0.999915       115813     11702.86
     152.191     0.999927       115815     13653.33
     152.191     0.999939       115815     16384.00
     152.959     0.999945       115816     18204.44
     153.215     0.999951       115817     20480.00
     153.471     0.999957       115819     23405.71
     153.471     0.999963       115819     27306.67
     153.471     0.999969       115819     32768.00
     153.471     0.999973       115819     36408.89
     153.855     0.999976       115820     40960.00
     153.855     0.999979       115820     46811.43
     153.855     0.999982       115820     54613.33
     552.447     0.999985       115821     65536.00
     552.447     0.999986       115821     72817.78
     552.447     0.999988       115821     81920.00
     552.447     0.999989       115821     93622.86
     552.447     0.999991       115821    109226.67
    1036.287     0.999992       115822    131072.00
    1036.287     1.000000       115822          inf
#[Mean    =       21.619, StdDeviation   =       17.457]
#[Max     =     1035.776, Total count    =       115822]
#[Buckets =           27, SubBuckets     =         2048]
----------------------------------------------------------
  119958 requests in 5.00m, 44.27MB read
Requests/sec:    399.82
Transfer/sec:    151.10KB
