Running 5m test @ http://face/
  8 threads and 200 connections
  Thread calibration: mean lat.: 48.407ms, rate sampling interval: 161ms
  Thread calibration: mean lat.: 33.738ms, rate sampling interval: 86ms
  Thread calibration: mean lat.: 48.253ms, rate sampling interval: 161ms
  Thread calibration: mean lat.: 48.587ms, rate sampling interval: 155ms
  Thread calibration: mean lat.: 48.031ms, rate sampling interval: 154ms
  Thread calibration: mean lat.: 49.046ms, rate sampling interval: 162ms
  Thread calibration: mean lat.: 48.780ms, rate sampling interval: 161ms
  Thread calibration: mean lat.: 49.719ms, rate sampling interval: 161ms
  Thread Stats   Avg      Stdev     Max   +/- Stdev
    Latency    73.84ms   58.60ms   1.46s    88.80%
    Req/Sec    49.85     59.57   313.00     84.30%
  Latency Distribution (HdrHistogram - Recorded Latency)
 50.000%   58.91ms
 75.000%   92.42ms
 90.000%  135.81ms
 99.000%  264.70ms
 99.900%  642.56ms
 99.990%    1.13s 
 99.999%    1.19s 
100.000%    1.46s 

  Detailed Percentile spectrum:
       Value   Percentile   TotalCount 1/(1-Percentile)

       8.655     0.000000            1         1.00
      28.879     0.100000        11610         1.11
      35.103     0.200000        23208         1.25
      41.311     0.300000        34799         1.43
      48.959     0.400000        46381         1.67
      58.911     0.500000        57959         2.00
      64.031     0.550000        63738         2.22
      69.375     0.600000        69563         2.50
      75.135     0.650000        75309         2.86
      82.559     0.700000        81100         3.33
      92.415     0.750000        86917         4.00
      98.303     0.775000        89797         4.44
     104.767     0.800000        92705         5.00
     111.487     0.825000        95605         5.71
     118.783     0.850000        98487         6.67
     126.719     0.875000       101377         8.00
     131.007     0.887500       102843         8.89
     135.807     0.900000       104295        10.00
     141.055     0.912500       105726        11.43
     147.583     0.925000       107185        13.33
     154.623     0.937500       108625        16.00
     158.591     0.943750       109346        17.78
     163.583     0.950000       110075        20.00
     168.703     0.956250       110798        22.86
     174.847     0.962500       111520        26.67
     182.655     0.968750       112242        32.00
     187.007     0.971875       112598        35.56
     192.511     0.975000       112968        40.00
     198.911     0.978125       113325        45.71
     206.847     0.981250       113686        53.33
     218.495     0.984375       114049        64.00
     226.303     0.985938       114227        71.11
     234.879     0.987500       114411        80.00
     249.343     0.989062       114590        91.43
     279.295     0.990625       114770       106.67
     324.863     0.992188       114951       128.00
     346.111     0.992969       115043       142.22
     364.287     0.993750       115133       160.00
     383.743     0.994531       115223       182.86
     402.175     0.995313       115315       213.33
     419.583     0.996094       115406       256.00
     427.519     0.996484       115451       284.44
     432.895     0.996875       115497       320.00
     444.927     0.997266       115540       365.71
     471.039     0.997656       115585       426.67
     519.935     0.998047       115630       512.00
     567.295     0.998242       115653       568.89
     586.751     0.998437       115675       640.00
     602.623     0.998633       115699       731.43
     623.103     0.998828       115721       853.33
     646.143     0.999023       115743      1024.00
     658.431     0.999121       115755      1137.78
     670.719     0.999219       115766      1280.00
     698.879     0.999316       115777      1462.86
     748.543     0.999414       115789      1706.67
     786.431     0.999512       115800      2048.00
     796.671     0.999561       115806      2275.56
     843.263     0.999609       115811      2560.00
    1036.287     0.999658       115817      2925.71
    1061.887     0.999707       115823      3413.33
    1073.151     0.999756       115828      4096.00
    1080.319     0.999780       115832      4551.11
    1085.439     0.999805       115834      5120.00
    1098.751     0.999829       115837      5851.43
    1110.015     0.999854       115840      6826.67
    1114.111     0.999878       115842      8192.00
    1125.375     0.999890       115844      9102.22
    1129.471     0.999902       115847     10240.00
    1129.471     0.999915       115847     11702.86
    1130.495     0.999927       115848     13653.33
    1137.663     0.999939       115849     16384.00
    1143.807     0.999945       115850     18204.44
    1144.831     0.999951       115851     20480.00
    1153.023     0.999957       115852     23405.71
    1153.023     0.999963       115852     27306.67
    1158.143     0.999969       115854     32768.00
    1158.143     0.999973       115854     36408.89
    1158.143     0.999976       115854     40960.00
    1158.143     0.999979       115854     46811.43
    1158.143     0.999982       115854     54613.33
    1193.983     0.999985       115855     65536.00
    1193.983     0.999986       115855     72817.78
    1193.983     0.999988       115855     81920.00
    1193.983     0.999989       115855     93622.86
    1193.983     0.999991       115855    109226.67
    1463.295     0.999992       115856    131072.00
    1463.295     1.000000       115856          inf
#[Mean    =       73.839, StdDeviation   =       58.603]
#[Max     =     1462.272, Total count    =       115856]
#[Buckets =           27, SubBuckets     =         2048]
----------------------------------------------------------
  119958 requests in 5.00m, 44.31MB read
Requests/sec:    399.82
Transfer/sec:    151.22KB
