Running 5m test @ http://face/
  8 threads and 200 connections
  Thread calibration: mean lat.: 25.394ms, rate sampling interval: 108ms
  Thread calibration: mean lat.: 25.177ms, rate sampling interval: 91ms
  Thread calibration: mean lat.: 23.343ms, rate sampling interval: 67ms
  Thread calibration: mean lat.: 25.218ms, rate sampling interval: 83ms
  Thread calibration: mean lat.: 24.188ms, rate sampling interval: 72ms
  Thread calibration: mean lat.: 24.430ms, rate sampling interval: 79ms
  Thread calibration: mean lat.: 24.595ms, rate sampling interval: 86ms
  Thread calibration: mean lat.: 22.918ms, rate sampling interval: 66ms
  Thread Stats   Avg      Stdev     Max   +/- Stdev
    Latency    21.97ms   18.36ms   1.02s    92.56%
    Req/Sec    25.00     57.15   353.00     86.16%
  Latency Distribution (HdrHistogram - Recorded Latency)
 50.000%   16.38ms
 75.000%   23.06ms
 90.000%   32.43ms
 99.000%  106.75ms
 99.900%  142.34ms
 99.990%  150.65ms
 99.999%  154.11ms
100.000%    1.02s 

  Detailed Percentile spectrum:
       Value   Percentile   TotalCount 1/(1-Percentile)

       7.343     0.000000            1         1.00
      11.615     0.100000         5784         1.11
      12.663     0.200000        11605         1.25
      13.623     0.300000        17390         1.43
      14.775     0.400000        23158         1.67
      16.375     0.500000        28912         2.00
      17.423     0.550000        31809         2.22
      18.607     0.600000        34713         2.50
      19.983     0.650000        37607         2.86
      21.535     0.700000        40500         3.33
      23.055     0.750000        43369         4.00
      23.855     0.775000        44835         4.44
      24.799     0.800000        46279         5.00
      26.047     0.825000        47718         5.71
      27.519     0.850000        49161         6.67
      29.455     0.875000        50602         8.00
      30.719     0.887500        51321         8.89
      32.431     0.900000        52047        10.00
      34.815     0.912500        52770        11.43
      39.871     0.925000        53488        13.33
      48.415     0.937500        54211        16.00
      52.831     0.943750        54572        17.78
      57.855     0.950000        54935        20.00
      64.351     0.956250        55295        22.86
      72.191     0.962500        55659        26.67
      78.783     0.968750        56020        32.00
      82.239     0.971875        56199        35.56
      85.311     0.975000        56379        40.00
      88.767     0.978125        56564        45.71
      92.223     0.981250        56742        53.33
      96.319     0.984375        56921        64.00
      98.431     0.985938        57012        71.11
     100.927     0.987500        57102        80.00
     104.127     0.989062        57192        91.43
     108.735     0.990625        57282       106.67
     113.983     0.992188        57373       128.00
     116.479     0.992969        57419       142.22
     119.615     0.993750        57463       160.00
     121.599     0.994531        57508       182.86
     124.223     0.995313        57554       213.33
     127.743     0.996094        57599       256.00
     129.151     0.996484        57622       284.44
     130.879     0.996875        57644       320.00
     133.119     0.997266        57668       365.71
     134.911     0.997656        57689       426.67
     137.087     0.998047        57712       512.00
     138.495     0.998242        57723       568.89
     139.135     0.998437        57735       640.00
     140.287     0.998633        57745       731.43
     141.311     0.998828        57757       853.33
     142.463     0.999023        57769      1024.00
     142.847     0.999121        57775      1137.78
     143.231     0.999219        57779      1280.00
     144.767     0.999316        57786      1462.86
     145.151     0.999414        57791      1706.67
     145.919     0.999512        57797      2048.00
     146.559     0.999561        57799      2275.56
     147.199     0.999609        57802      2560.00
     147.711     0.999658        57806      2925.71
     148.479     0.999707        57808      3413.33
     148.991     0.999756        57810      4096.00
     149.759     0.999780        57814      4551.11
     149.759     0.999805        57814      5120.00
     150.527     0.999829        57817      5851.43
     150.527     0.999854        57817      6826.67
     150.527     0.999878        57817      8192.00
     150.655     0.999890        57818      9102.22
     151.167     0.999902        57819     10240.00
     152.319     0.999915        57820     11702.86
     152.319     0.999927        57820     13653.33
     153.471     0.999939        57821     16384.00
     153.471     0.999945        57821     18204.44
     154.111     0.999951        57823     20480.00
     154.111     0.999957        57823     23405.71
     154.111     0.999963        57823     27306.67
     154.111     0.999969        57823     32768.00
     154.111     0.999973        57823     36408.89
     154.111     0.999976        57823     40960.00
     154.111     0.999979        57823     46811.43
     154.111     0.999982        57823     54613.33
    1020.927     0.999985        57824     65536.00
    1020.927     1.000000        57824          inf
#[Mean    =       21.975, StdDeviation   =       18.357]
#[Max     =     1020.416, Total count    =        57824]
#[Buckets =           27, SubBuckets     =         2048]
----------------------------------------------------------
  60008 requests in 5.00m, 22.15MB read
Requests/sec:    200.01
Transfer/sec:     75.59KB
