Running 5m test @ http://face/
  8 threads and 200 connections
  Thread calibration: mean lat.: 26.067ms, rate sampling interval: 95ms
  Thread calibration: mean lat.: 25.920ms, rate sampling interval: 96ms
  Thread calibration: mean lat.: 49.743ms, rate sampling interval: 124ms
  Thread calibration: mean lat.: 43.782ms, rate sampling interval: 132ms
  Thread calibration: mean lat.: 50.645ms, rate sampling interval: 124ms
  Thread calibration: mean lat.: 49.462ms, rate sampling interval: 123ms
  Thread calibration: mean lat.: 25.177ms, rate sampling interval: 91ms
  Thread calibration: mean lat.: 50.957ms, rate sampling interval: 124ms
  Thread Stats   Avg      Stdev     Max   +/- Stdev
    Latency    43.46ms   38.43ms   5.05s    95.41%
    Req/Sec    24.97     62.02   288.00     87.42%
  Latency Distribution (HdrHistogram - Recorded Latency)
 50.000%   44.35ms
 75.000%   52.48ms
 90.000%   64.38ms
 99.000%  124.10ms
 99.900%  180.99ms
 99.990%  198.65ms
 99.999%    4.06s 
100.000%    5.05s 

  Detailed Percentile spectrum:
       Value   Percentile   TotalCount 1/(1-Percentile)

       7.015     0.000000            1         1.00
      13.183     0.100000         5783         1.11
      23.279     0.200000        11564         1.25
      33.247     0.300000        17346         1.43
      39.775     0.400000        23136         1.67
      44.351     0.500000        28906         2.00
      46.079     0.550000        31808         2.22
      47.743     0.600000        34744         2.50
      49.311     0.650000        37633         2.86
      50.815     0.700000        40487         3.33
      52.479     0.750000        43371         4.00
      53.535     0.775000        44810         4.44
      54.751     0.800000        46273         5.00
      56.255     0.825000        47698         5.71
      58.047     0.850000        49141         6.67
      60.735     0.875000        50593         8.00
      62.399     0.887500        51314         8.89
      64.383     0.900000        52029        10.00
      66.687     0.912500        52753        11.43
      69.439     0.925000        53486        13.33
      73.215     0.937500        54197        16.00
      75.903     0.943750        54558        17.78
      79.807     0.950000        54919        20.00
      83.455     0.956250        55284        22.86
      88.511     0.962500        55643        26.67
      95.551     0.968750        56003        32.00
      98.367     0.971875        56186        35.56
     100.799     0.975000        56371        40.00
     102.911     0.978125        56545        45.71
     106.495     0.981250        56728        53.33
     111.231     0.984375        56907        64.00
     114.559     0.985938        56997        71.11
     117.631     0.987500        57087        80.00
     121.279     0.989062        57179        91.43
     128.127     0.990625        57268       106.67
     134.527     0.992188        57359       128.00
     137.343     0.992969        57403       142.22
     144.639     0.993750        57449       160.00
     147.967     0.994531        57497       182.86
     151.295     0.995313        57540       213.33
     156.031     0.996094        57585       256.00
     158.079     0.996484        57606       284.44
     160.767     0.996875        57630       320.00
     164.223     0.997266        57651       365.71
     173.567     0.997656        57674       426.67
     176.639     0.998047        57697       512.00
     177.791     0.998242        57708       568.89
     178.687     0.998437        57719       640.00
     179.327     0.998633        57731       731.43
     180.479     0.998828        57744       853.33
     181.375     0.999023        57753      1024.00
     183.807     0.999121        57759      1137.78
     186.239     0.999219        57764      1280.00
     189.183     0.999316        57770      1462.86
     191.359     0.999414        57776      1706.67
     191.743     0.999512        57781      2048.00
     192.127     0.999561        57784      2275.56
     192.383     0.999609        57788      2560.00
     193.279     0.999658        57790      2925.71
     194.047     0.999707        57793      3413.33
     194.175     0.999756        57795      4096.00
     194.559     0.999780        57797      4551.11
     194.687     0.999805        57798      5120.00
     195.199     0.999829        57800      5851.43
     197.119     0.999854        57801      6826.67
     197.503     0.999878        57802      8192.00
     198.655     0.999890        57803      9102.22
     199.551     0.999902        57804     10240.00
    1090.559     0.999915        57805     11702.86
    1090.559     0.999927        57805     13653.33
    2080.767     0.999939        57806     16384.00
    2080.767     0.999945        57806     18204.44
    3071.999     0.999951        57807     20480.00
    3071.999     0.999957        57807     23405.71
    3071.999     0.999963        57807     27306.67
    4059.135     0.999969        57808     32768.00
    4059.135     0.999973        57808     36408.89
    4059.135     0.999976        57808     40960.00
    4059.135     0.999979        57808     46811.43
    4059.135     0.999982        57808     54613.33
    5050.367     0.999985        57809     65536.00
    5050.367     1.000000        57809          inf
#[Mean    =       43.463, StdDeviation   =       38.432]
#[Max     =     5046.272, Total count    =        57809]
#[Buckets =           27, SubBuckets     =         2048]
----------------------------------------------------------
  59883 requests in 5.00m, 22.10MB read
  Socket errors: connect 0, read 0, write 0, timeout 1
Requests/sec:    199.58
Transfer/sec:     75.43KB
