Running 5m test @ http://face/
  8 threads and 200 connections
  Thread calibration: mean lat.: 33.487ms, rate sampling interval: 194ms
  Thread calibration: mean lat.: 30.251ms, rate sampling interval: 159ms
  Thread calibration: mean lat.: 31.941ms, rate sampling interval: 171ms
  Thread calibration: mean lat.: 29.898ms, rate sampling interval: 153ms
  Thread calibration: mean lat.: 33.889ms, rate sampling interval: 198ms
  Thread calibration: mean lat.: 31.079ms, rate sampling interval: 166ms
  Thread calibration: mean lat.: 31.522ms, rate sampling interval: 174ms
  Thread calibration: mean lat.: 34.949ms, rate sampling interval: 75ms
  Thread Stats   Avg      Stdev     Max   +/- Stdev
    Latency    22.29ms   19.49ms   1.04s    93.39%
    Req/Sec    24.92     57.49   337.00     86.45%
  Latency Distribution (HdrHistogram - Recorded Latency)
 50.000%   17.47ms
 75.000%   23.49ms
 90.000%   32.11ms
 99.000%  102.97ms
 99.900%  146.69ms
 99.990%  357.89ms
 99.999%  365.57ms
100.000%    1.04s 

  Detailed Percentile spectrum:
       Value   Percentile   TotalCount 1/(1-Percentile)

       6.379     0.000000            1         1.00
      11.383     0.100000         5819         1.11
      12.583     0.200000        11602         1.25
      13.855     0.300000        17355         1.43
      15.535     0.400000        23128         1.67
      17.471     0.500000        28924         2.00
      18.511     0.550000        31835         2.22
      19.647     0.600000        34729         2.50
      20.815     0.650000        37611         2.86
      22.047     0.700000        40487         3.33
      23.487     0.750000        43382         4.00
      24.319     0.775000        44818         4.44
      25.375     0.800000        46270         5.00
      26.543     0.825000        47712         5.71
      27.839     0.850000        49148         6.67
      29.551     0.875000        50601         8.00
      30.671     0.887500        51316         8.89
      32.111     0.900000        52046        10.00
      34.015     0.912500        52763        11.43
      37.247     0.925000        53486        13.33
      44.799     0.937500        54207        16.00
      50.495     0.943750        54573        17.78
      56.479     0.950000        54929        20.00
      63.199     0.956250        55291        22.86
      70.463     0.962500        55656        26.67
      77.311     0.968750        56016        32.00
      80.959     0.971875        56196        35.56
      83.839     0.975000        56375        40.00
      86.975     0.978125        56558        45.71
      90.239     0.981250        56736        53.33
      93.887     0.984375        56917        64.00
      95.743     0.985938        57008        71.11
      97.919     0.987500        57100        80.00
     101.119     0.989062        57189        91.43
     104.447     0.990625        57279       106.67
     108.415     0.992188        57372       128.00
     111.423     0.992969        57414       142.22
     115.391     0.993750        57459       160.00
     120.063     0.994531        57505       182.86
     124.415     0.995313        57550       213.33
     129.663     0.996094        57596       256.00
     131.583     0.996484        57618       284.44
     133.759     0.996875        57640       320.00
     135.807     0.997266        57664       365.71
     137.855     0.997656        57686       426.67
     139.391     0.998047        57709       512.00
     140.287     0.998242        57722       568.89
     141.055     0.998437        57732       640.00
     141.951     0.998633        57741       731.43
     143.231     0.998828        57753       853.33
     147.455     0.999023        57764      1024.00
     151.295     0.999121        57770      1137.78
     153.471     0.999219        57775      1280.00
     305.663     0.999316        57781      1462.86
     316.927     0.999414        57787      1706.67
     322.559     0.999512        57792      2048.00
     327.167     0.999561        57795      2275.56
     336.895     0.999609        57798      2560.00
     341.503     0.999658        57801      2925.71
     346.623     0.999707        57804      3413.33
     350.975     0.999756        57806      4096.00
     351.999     0.999780        57808      4551.11
     352.255     0.999805        57810      5120.00
     352.511     0.999829        57811      5851.43
     356.351     0.999854        57812      6826.67
     357.631     0.999878        57813      8192.00
     357.887     0.999890        57814      9102.22
     359.167     0.999902        57815     10240.00
     359.423     0.999915        57816     11702.86
     359.423     0.999927        57816     13653.33
     365.567     0.999939        57819     16384.00
     365.567     0.999945        57819     18204.44
     365.567     0.999951        57819     20480.00
     365.567     0.999957        57819     23405.71
     365.567     0.999963        57819     27306.67
     365.567     0.999969        57819     32768.00
     365.567     0.999973        57819     36408.89
     365.567     0.999976        57819     40960.00
     365.567     0.999979        57819     46811.43
     365.567     0.999982        57819     54613.33
    1040.895     0.999985        57820     65536.00
    1040.895     1.000000        57820          inf
#[Mean    =       22.293, StdDeviation   =       19.490]
#[Max     =     1040.384, Total count    =        57820]
#[Buckets =           27, SubBuckets     =         2048]
----------------------------------------------------------
  59983 requests in 5.00m, 22.14MB read
Requests/sec:    199.93
Transfer/sec:     75.56KB
