Running 5m test @ http://face/
  8 threads and 200 connections
  Thread calibration: mean lat.: 21.400ms, rate sampling interval: 62ms
  Thread calibration: mean lat.: 21.454ms, rate sampling interval: 61ms
  Thread calibration: mean lat.: 21.685ms, rate sampling interval: 62ms
  Thread calibration: mean lat.: 22.614ms, rate sampling interval: 70ms
  Thread calibration: mean lat.: 22.468ms, rate sampling interval: 66ms
  Thread calibration: mean lat.: 23.275ms, rate sampling interval: 67ms
  Thread calibration: mean lat.: 22.082ms, rate sampling interval: 62ms
  Thread calibration: mean lat.: 21.652ms, rate sampling interval: 66ms
  Thread Stats   Avg      Stdev     Max   +/- Stdev
    Latency    24.52ms   23.66ms   1.04s    91.98%
    Req/Sec    25.02     57.85   366.00     86.73%
  Latency Distribution (HdrHistogram - Recorded Latency)
 50.000%   17.23ms
 75.000%   24.82ms
 90.000%   39.46ms
 99.000%  126.46ms
 99.900%  246.53ms
 99.990%  300.54ms
 99.999%  309.25ms
100.000%    1.04s 

  Detailed Percentile spectrum:
       Value   Percentile   TotalCount 1/(1-Percentile)

       6.915     0.000000            1         1.00
      11.959     0.100000         5788         1.11
      13.063     0.200000        11593         1.25
      14.135     0.300000        17373         1.43
      15.423     0.400000        23150         1.67
      17.231     0.500000        28926         2.00
      18.367     0.550000        31846         2.22
      19.791     0.600000        34716         2.50
      21.407     0.650000        37613         2.86
      23.039     0.700000        40489         3.33
      24.815     0.750000        43394         4.00
      25.887     0.775000        44828         4.44
      27.183     0.800000        46268         5.00
      28.751     0.825000        47721         5.71
      30.831     0.850000        49168         6.67
      33.631     0.875000        50613         8.00
      35.903     0.887500        51333         8.89
      39.455     0.900000        52050        10.00
      44.575     0.912500        52779        11.43
      51.199     0.925000        53499        13.33
      59.519     0.937500        54221        16.00
      65.375     0.943750        54581        17.78
      72.319     0.950000        54943        20.00
      78.911     0.956250        55305        22.86
      85.439     0.962500        55665        26.67
      91.583     0.968750        56029        32.00
      94.975     0.971875        56211        35.56
      98.687     0.975000        56389        40.00
     102.207     0.978125        56574        45.71
     105.983     0.981250        56751        53.33
     111.743     0.984375        56932        64.00
     114.943     0.985938        57021        71.11
     119.231     0.987500        57111        80.00
     123.327     0.989062        57202        91.43
     128.127     0.990625        57291       106.67
     134.655     0.992188        57382       128.00
     138.239     0.992969        57428       142.22
     141.695     0.993750        57473       160.00
     145.407     0.994531        57517       182.86
     149.247     0.995313        57563       213.33
     154.367     0.996094        57608       256.00
     158.207     0.996484        57630       284.44
     163.583     0.996875        57654       320.00
     170.239     0.997266        57676       365.71
     179.071     0.997656        57698       426.67
     209.279     0.998047        57722       512.00
     213.759     0.998242        57732       568.89
     220.927     0.998437        57743       640.00
     226.047     0.998633        57754       731.43
     235.135     0.998828        57766       853.33
     246.783     0.999023        57777      1024.00
     254.591     0.999121        57783      1137.78
     258.815     0.999219        57788      1280.00
     263.167     0.999316        57794      1462.86
     270.847     0.999414        57800      1706.67
     274.687     0.999512        57805      2048.00
     282.111     0.999561        57809      2275.56
     283.135     0.999609        57812      2560.00
     290.303     0.999658        57814      2925.71
     293.375     0.999707        57817      3413.33
     293.887     0.999756        57819      4096.00
     296.703     0.999780        57822      4551.11
     296.703     0.999805        57822      5120.00
     297.215     0.999829        57824      5851.43
     297.471     0.999854        57825      6826.67
     297.727     0.999878        57826      8192.00
     300.543     0.999890        57827      9102.22
     301.055     0.999902        57828     10240.00
     304.639     0.999915        57829     11702.86
     304.639     0.999927        57829     13653.33
     307.967     0.999939        57830     16384.00
     307.967     0.999945        57830     18204.44
     308.991     0.999951        57831     20480.00
     308.991     0.999957        57831     23405.71
     308.991     0.999963        57831     27306.67
     309.247     0.999969        57832     32768.00
     309.247     0.999973        57832     36408.89
     309.247     0.999976        57832     40960.00
     309.247     0.999979        57832     46811.43
     309.247     0.999982        57832     54613.33
    1038.847     0.999985        57833     65536.00
    1038.847     1.000000        57833          inf
#[Mean    =       24.518, StdDeviation   =       23.658]
#[Max     =     1038.336, Total count    =        57833]
#[Buckets =           27, SubBuckets     =         2048]
----------------------------------------------------------
  60008 requests in 5.00m, 22.15MB read
Requests/sec:    200.02
Transfer/sec:     75.59KB
