Running 5m test @ http://face/
  8 threads and 200 connections
  Thread calibration: mean lat.: 22.954ms, rate sampling interval: 73ms
  Thread calibration: mean lat.: 24.131ms, rate sampling interval: 83ms
  Thread calibration: mean lat.: 24.049ms, rate sampling interval: 87ms
  Thread calibration: mean lat.: 25.984ms, rate sampling interval: 98ms
  Thread calibration: mean lat.: 24.772ms, rate sampling interval: 83ms
  Thread calibration: mean lat.: 23.825ms, rate sampling interval: 86ms
  Thread calibration: mean lat.: 24.805ms, rate sampling interval: 92ms
  Thread calibration: mean lat.: 23.938ms, rate sampling interval: 82ms
  Thread Stats   Avg      Stdev     Max   +/- Stdev
    Latency    23.56ms   21.31ms   1.05s    91.86%
    Req/Sec    24.98     56.80   342.00     86.14%
  Latency Distribution (HdrHistogram - Recorded Latency)
 50.000%   17.23ms
 75.000%   24.14ms
 90.000%   37.02ms
 99.000%  113.66ms
 99.900%  230.53ms
 99.990%  300.80ms
 99.999%  307.45ms
100.000%    1.05s 

  Detailed Percentile spectrum:
       Value   Percentile   TotalCount 1/(1-Percentile)

       7.543     0.000000            1         1.00
      11.791     0.100000         5787         1.11
      12.991     0.200000        11571         1.25
      14.079     0.300000        17348         1.43
      15.415     0.400000        23138         1.67
      17.231     0.500000        28924         2.00
      18.367     0.550000        31831         2.22
      19.663     0.600000        34703         2.50
      21.103     0.650000        37589         2.86
      22.591     0.700000        40502         3.33
      24.143     0.750000        43374         4.00
      25.087     0.775000        44832         4.44
      26.223     0.800000        46268         5.00
      27.679     0.825000        47712         5.71
      29.487     0.850000        49151         6.67
      32.095     0.875000        50599         8.00
      33.951     0.887500        51319         8.89
      37.023     0.900000        52044        10.00
      42.015     0.912500        52763        11.43
      48.319     0.925000        53486        13.33
      55.903     0.937500        54209        16.00
      60.671     0.943750        54571        17.78
      66.303     0.950000        54931        20.00
      72.127     0.956250        55294        22.86
      78.399     0.962500        55661        26.67
      84.095     0.968750        56021        32.00
      86.719     0.971875        56199        35.56
      89.343     0.975000        56380        40.00
      92.479     0.978125        56560        45.71
      96.447     0.981250        56738        53.33
     101.055     0.984375        56920        64.00
     103.743     0.985938        57010        71.11
     106.879     0.987500        57102        80.00
     111.103     0.989062        57190        91.43
     115.327     0.990625        57280       106.67
     120.575     0.992188        57372       128.00
     123.071     0.992969        57417       142.22
     126.527     0.993750        57462       160.00
     130.111     0.994531        57506       182.86
     133.247     0.995313        57551       213.33
     137.215     0.996094        57598       256.00
     138.751     0.996484        57619       284.44
     140.159     0.996875        57642       320.00
     142.463     0.997266        57664       365.71
     143.999     0.997656        57687       426.67
     147.583     0.998047        57710       512.00
     150.015     0.998242        57721       568.89
     185.983     0.998437        57732       640.00
     201.087     0.998633        57743       731.43
     214.655     0.998828        57755       853.33
     233.215     0.999023        57766      1024.00
     246.655     0.999121        57773      1137.78
     254.719     0.999219        57777      1280.00
     264.447     0.999316        57783      1462.86
     272.895     0.999414        57789      1706.67
     276.991     0.999512        57794      2048.00
     281.599     0.999561        57798      2275.56
     284.159     0.999609        57801      2560.00
     285.951     0.999658        57803      2925.71
     290.815     0.999707        57806      3413.33
     292.607     0.999756        57808      4096.00
     294.143     0.999780        57810      4551.11
     294.655     0.999805        57811      5120.00
     296.191     0.999829        57813      5851.43
     296.959     0.999854        57814      6826.67
     300.031     0.999878        57815      8192.00
     300.799     0.999890        57816      9102.22
     302.847     0.999902        57818     10240.00
     302.847     0.999915        57818     11702.86
     302.847     0.999927        57818     13653.33
     303.359     0.999939        57819     16384.00
     303.359     0.999945        57819     18204.44
     304.895     0.999951        57820     20480.00
     304.895     0.999957        57820     23405.71
     304.895     0.999963        57820     27306.67
     307.455     0.999969        57821     32768.00
     307.455     0.999973        57821     36408.89
     307.455     0.999976        57821     40960.00
     307.455     0.999979        57821     46811.43
     307.455     0.999982        57821     54613.33
    1047.039     0.999985        57822     65536.00
    1047.039     1.000000        57822          inf
#[Mean    =       23.557, StdDeviation   =       21.314]
#[Max     =     1046.528, Total count    =        57822]
#[Buckets =           27, SubBuckets     =         2048]
----------------------------------------------------------
  60008 requests in 5.00m, 22.15MB read
Requests/sec:    200.01
Transfer/sec:     75.59KB
