Running 5m test @ http://face/
  8 threads and 200 connections
  Thread calibration: mean lat.: 18.003ms, rate sampling interval: 53ms
  Thread calibration: mean lat.: 18.978ms, rate sampling interval: 53ms
  Thread calibration: mean lat.: 19.000ms, rate sampling interval: 54ms
  Thread calibration: mean lat.: 19.214ms, rate sampling interval: 56ms
  Thread calibration: mean lat.: 18.462ms, rate sampling interval: 51ms
  Thread calibration: mean lat.: 49.264ms, rate sampling interval: 110ms
  Thread calibration: mean lat.: 44.807ms, rate sampling interval: 115ms
  Thread calibration: mean lat.: 49.609ms, rate sampling interval: 109ms
  Thread Stats   Avg      Stdev     Max   +/- Stdev
    Latency    27.65ms   15.74ms  63.26ms   63.05%
    Req/Sec     4.97     29.33   259.00     96.89%
  Latency Distribution (HdrHistogram - Recorded Latency)
 50.000%   20.05ms
 75.000%   43.65ms
 90.000%   51.46ms
 99.000%   57.85ms
 99.900%   60.86ms
 99.990%   63.07ms
 99.999%   63.29ms
100.000%   63.29ms

  Detailed Percentile spectrum:
       Value   Percentile   TotalCount 1/(1-Percentile)

       6.295     0.000000            1         1.00
      11.607     0.100000         1153         1.11
      13.479     0.200000         2301         1.25
      15.191     0.300000         3450         1.43
      17.343     0.400000         4600         1.67
      20.047     0.500000         5751         2.00
      22.367     0.550000         6322         2.22
      26.287     0.600000         6896         2.50
      36.095     0.650000         7472         2.86
      40.543     0.700000         8049         3.33
      43.647     0.750000         8626         4.00
      45.119     0.775000         8914         4.44
      46.527     0.800000         9195         5.00
      47.999     0.825000         9489         5.71
      49.151     0.850000         9774         6.67
      50.175     0.875000        10057         8.00
      50.847     0.887500        10202         8.89
      51.455     0.900000        10344        10.00
      52.095     0.912500        10488        11.43
      52.703     0.925000        10631        13.33
      53.343     0.937500        10774        16.00
      53.695     0.943750        10849        17.78
      54.047     0.950000        10919        20.00
      54.463     0.956250        10991        22.86
      54.943     0.962500        11064        26.67
      55.487     0.968750        11136        32.00
      55.807     0.971875        11171        35.56
      56.095     0.975000        11206        40.00
      56.383     0.978125        11244        45.71
      56.767     0.981250        11277        53.33
      57.183     0.984375        11314        64.00
      57.343     0.985938        11331        71.11
      57.535     0.987500        11349        80.00
      57.759     0.989062        11367        91.43
      58.079     0.990625        11386       106.67
      58.335     0.992188        11403       128.00
      58.527     0.992969        11413       142.22
      58.655     0.993750        11423       160.00
      58.783     0.994531        11433       182.86
      59.071     0.995313        11441       213.33
      59.327     0.996094        11449       256.00
      59.455     0.996484        11453       284.44
      59.807     0.996875        11457       320.00
      60.095     0.997266        11461       365.71
      60.191     0.997656        11466       426.67
      60.415     0.998047        11470       512.00
      60.479     0.998242        11472       568.89
      60.831     0.998437        11478       640.00
      60.831     0.998633        11478       731.43
      60.863     0.998828        11481       853.33
      60.863     0.999023        11481      1024.00
      61.311     0.999121        11482      1137.78
      61.599     0.999219        11484      1280.00
      61.663     0.999316        11485      1462.86
      61.919     0.999414        11486      1706.67
      61.983     0.999512        11487      2048.00
      61.983     0.999561        11487      2275.56
      62.431     0.999609        11488      2560.00
      62.687     0.999658        11489      2925.71
      62.687     0.999707        11489      3413.33
      62.751     0.999756        11490      4096.00
      62.751     0.999780        11490      4551.11
      62.751     0.999805        11490      5120.00
      63.071     0.999829        11491      5851.43
      63.071     0.999854        11491      6826.67
      63.071     0.999878        11491      8192.00
      63.071     0.999890        11491      9102.22
      63.071     0.999902        11491     10240.00
      63.295     0.999915        11492     11702.86
      63.295     1.000000        11492          inf
#[Mean    =       27.654, StdDeviation   =       15.738]
#[Max     =       63.264, Total count    =        11492]
#[Buckets =           27, SubBuckets     =         2048]
----------------------------------------------------------
  12005 requests in 5.00m, 5.86MB read
  Socket errors: connect 0, read 0, write 0, timeout 18000
Requests/sec:     40.00
Transfer/sec:     19.98KB
