Running 5m test @ http://face/
  8 threads and 200 connections
  Thread calibration: mean lat.: 10.710ms, rate sampling interval: 30ms
  Thread calibration: mean lat.: 10.894ms, rate sampling interval: 30ms
  Thread calibration: mean lat.: 11.040ms, rate sampling interval: 31ms
  Thread calibration: mean lat.: 11.029ms, rate sampling interval: 31ms
  Thread calibration: mean lat.: 10.940ms, rate sampling interval: 31ms
  Thread calibration: mean lat.: 11.122ms, rate sampling interval: 33ms
  Thread calibration: mean lat.: 11.304ms, rate sampling interval: 33ms
  Thread calibration: mean lat.: 11.020ms, rate sampling interval: 33ms
  Thread Stats   Avg      Stdev     Max   +/- Stdev
    Latency     9.67ms    2.03ms  22.16ms   72.58%
    Req/Sec     4.98     30.13   275.00     97.19%
  Latency Distribution (HdrHistogram - Recorded Latency)
 50.000%    9.38ms
 75.000%   10.74ms
 90.000%   12.27ms
 99.000%   16.03ms
 99.900%   19.49ms
 99.990%   22.09ms
 99.999%   22.17ms
100.000%   22.17ms

  Detailed Percentile spectrum:
       Value   Percentile   TotalCount 1/(1-Percentile)

       5.035     0.000000            1         1.00
       7.415     0.100000         1145         1.11
       8.015     0.200000         2291         1.25
       8.495     0.300000         3441         1.43
       8.927     0.400000         4584         1.67
       9.375     0.500000         5720         2.00
       9.599     0.550000         6282         2.22
       9.839     0.600000         6851         2.50
      10.111     0.650000         7431         2.86
      10.415     0.700000         7998         3.33
      10.743     0.750000         8558         4.00
      10.943     0.775000         8854         4.44
      11.127     0.800000         9134         5.00
      11.359     0.825000         9424         5.71
      11.623     0.850000         9706         6.67
      11.903     0.875000         9984         8.00
      12.071     0.887500        10132         8.89
      12.271     0.900000        10271        10.00
      12.495     0.912500        10416        11.43
      12.767     0.925000        10558        13.33
      13.015     0.937500        10699        16.00
      13.175     0.943750        10771        17.78
      13.351     0.950000        10840        20.00
      13.615     0.956250        10911        22.86
      13.831     0.962500        10984        26.67
      14.143     0.968750        11054        32.00
      14.335     0.971875        11091        35.56
      14.543     0.975000        11125        40.00
      14.791     0.978125        11163        45.71
      15.031     0.981250        11197        53.33
      15.303     0.984375        11232        64.00
      15.527     0.985938        11252        71.11
      15.711     0.987500        11268        80.00
      15.911     0.989062        11287        91.43
      16.143     0.990625        11304       106.67
      16.607     0.992188        11321       128.00
      16.831     0.992969        11330       142.22
      16.991     0.993750        11339       160.00
      17.199     0.994531        11348       182.86
      17.327     0.995313        11357       213.33
      17.695     0.996094        11366       256.00
      17.823     0.996484        11370       284.44
      18.031     0.996875        11375       320.00
      18.175     0.997266        11379       365.71
      18.383     0.997656        11384       426.67
      18.815     0.998047        11389       512.00
      18.831     0.998242        11390       568.89
      18.911     0.998437        11393       640.00
      18.959     0.998633        11395       731.43
      19.199     0.998828        11397       853.33
      19.487     0.999023        11399      1024.00
      19.743     0.999121        11400      1137.78
      20.479     0.999219        11402      1280.00
      20.687     0.999316        11403      1462.86
      21.039     0.999414        11404      1706.67
      21.199     0.999512        11405      2048.00
      21.199     0.999561        11405      2275.56
      21.455     0.999609        11406      2560.00
      21.535     0.999658        11407      2925.71
      21.535     0.999707        11407      3413.33
      22.015     0.999756        11408      4096.00
      22.015     0.999780        11408      4551.11
      22.015     0.999805        11408      5120.00
      22.095     0.999829        11409      5851.43
      22.095     0.999854        11409      6826.67
      22.095     0.999878        11409      8192.00
      22.095     0.999890        11409      9102.22
      22.095     0.999902        11409     10240.00
      22.175     0.999915        11410     11702.86
      22.175     1.000000        11410          inf
#[Mean    =        9.669, StdDeviation   =        2.031]
#[Max     =       22.160, Total count    =        11410]
#[Buckets =           27, SubBuckets     =         2048]
----------------------------------------------------------
  12008 requests in 5.00m, 5.85MB read
  Socket errors: connect 0, read 0, write 0, timeout 18000
Requests/sec:     40.02
Transfer/sec:     19.96KB
