Running 5m test @ http://face/
  8 threads and 200 connections
  Thread calibration: mean lat.: 8.928ms, rate sampling interval: 22ms
  Thread calibration: mean lat.: 9.178ms, rate sampling interval: 26ms
  Thread calibration: mean lat.: 9.525ms, rate sampling interval: 26ms
  Thread calibration: mean lat.: 9.261ms, rate sampling interval: 25ms
  Thread calibration: mean lat.: 9.500ms, rate sampling interval: 24ms
  Thread calibration: mean lat.: 9.174ms, rate sampling interval: 26ms
  Thread calibration: mean lat.: 23.771ms, rate sampling interval: 52ms
  Thread calibration: mean lat.: 24.153ms, rate sampling interval: 53ms
  Thread Stats   Avg      Stdev     Max   +/- Stdev
    Latency    12.26ms    6.94ms  32.13ms   77.00%
    Req/Sec     5.02     32.52   490.00     97.32%
  Latency Distribution (HdrHistogram - Recorded Latency)
 50.000%    8.67ms
 75.000%   16.93ms
 90.000%   24.27ms
 99.000%   28.88ms
 99.900%   31.33ms
 99.990%   31.89ms
 99.999%   32.14ms
100.000%   32.14ms

  Detailed Percentile spectrum:
       Value   Percentile   TotalCount 1/(1-Percentile)

       4.503     0.000000            1         1.00
       6.479     0.100000         1156         1.11
       7.003     0.200000         2297         1.25
       7.483     0.300000         3446         1.43
       8.003     0.400000         4592         1.67
       8.671     0.500000         5749         2.00
       9.151     0.550000         6314         2.22
      10.007     0.600000         6886         2.50
      11.367     0.650000         7456         2.86
      13.095     0.700000         8029         3.33
      16.927     0.750000         8603         4.00
      19.199     0.775000         8890         4.44
      20.591     0.800000         9180         5.00
      21.695     0.825000         9465         5.71
      22.623     0.850000         9749         6.67
      23.471     0.875000        10044         8.00
      23.855     0.887500        10181         8.89
      24.271     0.900000        10328        10.00
      24.719     0.912500        10470        11.43
      25.151     0.925000        10612        13.33
      25.615     0.937500        10756        16.00
      25.871     0.943750        10825        17.78
      26.143     0.950000        10899        20.00
      26.495     0.956250        10972        22.86
      26.767     0.962500        11039        26.67
      27.167     0.968750        11111        32.00
      27.423     0.971875        11151        35.56
      27.631     0.975000        11184        40.00
      27.871     0.978125        11221        45.71
      28.079     0.981250        11254        53.33
      28.287     0.984375        11290        64.00
      28.447     0.985938        11309        71.11
      28.639     0.987500        11326        80.00
      28.799     0.989062        11344        91.43
      28.975     0.990625        11365       106.67
      29.263     0.992188        11380       128.00
      29.359     0.992969        11389       142.22
      29.631     0.993750        11398       160.00
      29.871     0.994531        11407       182.86
      30.159     0.995313        11417       213.33
      30.479     0.996094        11425       256.00
      30.623     0.996484        11429       284.44
      30.703     0.996875        11434       320.00
      30.767     0.997266        11438       365.71
      30.975     0.997656        11443       426.67
      31.007     0.998047        11447       512.00
      31.087     0.998242        11449       568.89
      31.183     0.998437        11455       640.00
      31.183     0.998633        11455       731.43
      31.199     0.998828        11456       853.33
      31.327     0.999023        11458      1024.00
      31.343     0.999121        11459      1137.78
      31.407     0.999219        11461      1280.00
      31.471     0.999316        11462      1462.86
      31.487     0.999414        11463      1706.67
      31.551     0.999512        11464      2048.00
      31.551     0.999561        11464      2275.56
      31.631     0.999609        11466      2560.00
      31.631     0.999658        11466      2925.71
      31.631     0.999707        11466      3413.33
      31.727     0.999756        11467      4096.00
      31.727     0.999780        11467      4551.11
      31.727     0.999805        11467      5120.00
      31.887     0.999829        11468      5851.43
      31.887     0.999854        11468      6826.67
      31.887     0.999878        11468      8192.00
      31.887     0.999890        11468      9102.22
      31.887     0.999902        11468     10240.00
      32.143     0.999915        11469     11702.86
      32.143     1.000000        11469          inf
#[Mean    =       12.259, StdDeviation   =        6.945]
#[Max     =       32.128, Total count    =        11469]
#[Buckets =           27, SubBuckets     =         2048]
----------------------------------------------------------
  12006 requests in 5.00m, 5.85MB read
  Socket errors: connect 0, read 0, write 0, timeout 18000
Requests/sec:     40.00
Transfer/sec:     19.96KB
