Running 5m test @ http://face/
  8 threads and 200 connections
  Thread calibration: mean lat.: 39.288ms, rate sampling interval: 118ms
  Thread calibration: mean lat.: 38.567ms, rate sampling interval: 110ms
  Thread calibration: mean lat.: 41.791ms, rate sampling interval: 138ms
  Thread calibration: mean lat.: 35.657ms, rate sampling interval: 120ms
  Thread calibration: mean lat.: 42.837ms, rate sampling interval: 135ms
  Thread calibration: mean lat.: 40.455ms, rate sampling interval: 125ms
  Thread calibration: mean lat.: 23.695ms, rate sampling interval: 55ms
  Thread calibration: mean lat.: 23.602ms, rate sampling interval: 53ms
  Thread Stats   Avg      Stdev     Max   +/- Stdev
    Latency    30.83ms   13.09ms  82.62ms   70.90%
    Req/Sec     4.99     35.81   480.00     97.10%
  Latency Distribution (HdrHistogram - Recorded Latency)
 50.000%   26.66ms
 75.000%   39.29ms
 90.000%   50.30ms
 99.000%   67.71ms
 99.900%   75.65ms
 99.990%   79.49ms
 99.999%   82.69ms
100.000%   82.69ms

  Detailed Percentile spectrum:
       Value   Percentile   TotalCount 1/(1-Percentile)

       5.599     0.000000            1         1.00
      17.199     0.100000         1152         1.11
      20.127     0.200000         2305         1.25
      22.287     0.300000         3461         1.43
      24.239     0.400000         4608         1.67
      26.655     0.500000         5760         2.00
      28.447     0.550000         6330         2.22
      30.895     0.600000         6905         2.50
      33.567     0.650000         7479         2.86
      36.383     0.700000         8054         3.33
      39.295     0.750000         8632         4.00
      40.735     0.775000         8922         4.44
      42.335     0.800000         9204         5.00
      44.063     0.825000         9498         5.71
      45.919     0.850000         9783         6.67
      47.743     0.875000        10068         8.00
      48.959     0.887500        10213         8.89
      50.303     0.900000        10356        10.00
      51.743     0.912500        10499        11.43
      53.087     0.925000        10645        13.33
      54.463     0.937500        10786        16.00
      55.487     0.943750        10858        17.78
      56.351     0.950000        10932        20.00
      57.375     0.956250        11002        22.86
      58.527     0.962500        11075        26.67
      59.967     0.968750        11148        32.00
      60.799     0.971875        11184        35.56
      61.567     0.975000        11219        40.00
      62.719     0.978125        11254        45.71
      64.031     0.981250        11291        53.33
      65.119     0.984375        11326        64.00
      65.535     0.985938        11344        71.11
      66.111     0.987500        11364        80.00
      67.135     0.989062        11382        91.43
      68.095     0.990625        11401       106.67
      68.863     0.992188        11419       128.00
      69.311     0.992969        11425       142.22
      69.887     0.993750        11436       160.00
      70.463     0.994531        11443       182.86
      70.975     0.995313        11452       213.33
      71.423     0.996094        11462       256.00
      71.679     0.996484        11465       284.44
      72.319     0.996875        11472       320.00
      72.383     0.997266        11474       365.71
      72.703     0.997656        11479       426.67
      73.535     0.998047        11483       512.00
      73.599     0.998242        11485       568.89
      74.175     0.998437        11488       640.00
      74.687     0.998633        11490       731.43
      75.199     0.998828        11492       853.33
      75.775     0.999023        11494      1024.00
      75.839     0.999121        11495      1137.78
      77.183     0.999219        11497      1280.00
      78.015     0.999316        11498      1462.86
      79.039     0.999414        11499      1706.67
      79.103     0.999512        11500      2048.00
      79.103     0.999561        11500      2275.56
      79.231     0.999609        11501      2560.00
      79.295     0.999658        11502      2925.71
      79.295     0.999707        11502      3413.33
      79.359     0.999756        11503      4096.00
      79.359     0.999780        11503      4551.11
      79.359     0.999805        11503      5120.00
      79.487     0.999829        11504      5851.43
      79.487     0.999854        11504      6826.67
      79.487     0.999878        11504      8192.00
      79.487     0.999890        11504      9102.22
      79.487     0.999902        11504     10240.00
      82.687     0.999915        11505     11702.86
      82.687     1.000000        11505          inf
#[Mean    =       30.825, StdDeviation   =       13.087]
#[Max     =       82.624, Total count    =        11505]
#[Buckets =           27, SubBuckets     =         2048]
----------------------------------------------------------
  12006 requests in 5.00m, 5.86MB read
  Socket errors: connect 0, read 0, write 0, timeout 18000
Requests/sec:     40.00
Transfer/sec:     19.99KB
