Running 5m test @ http://face/
  8 threads and 200 connections
  Thread calibration: mean lat.: 10.776ms, rate sampling interval: 27ms
  Thread calibration: mean lat.: 10.642ms, rate sampling interval: 28ms
  Thread calibration: mean lat.: 10.618ms, rate sampling interval: 28ms
  Thread calibration: mean lat.: 11.051ms, rate sampling interval: 32ms
  Thread calibration: mean lat.: 11.079ms, rate sampling interval: 33ms
  Thread calibration: mean lat.: 10.271ms, rate sampling interval: 27ms
  Thread calibration: mean lat.: 10.663ms, rate sampling interval: 32ms
  Thread calibration: mean lat.: 10.846ms, rate sampling interval: 27ms
  Thread Stats   Avg      Stdev     Max   +/- Stdev
    Latency     9.09ms    2.03ms  31.10ms   79.70%
    Req/Sec     4.99     30.40   307.00     97.15%
  Latency Distribution (HdrHistogram - Recorded Latency)
 50.000%    8.77ms
 75.000%    9.89ms
 90.000%   11.26ms
 99.000%   16.58ms
 99.900%   24.38ms
 99.990%   30.05ms
 99.999%   31.12ms
100.000%   31.12ms

  Detailed Percentile spectrum:
       Value   Percentile   TotalCount 1/(1-Percentile)

       4.911     0.000000            1         1.00
       7.103     0.100000         1147         1.11
       7.615     0.200000         2290         1.25
       8.023     0.300000         3426         1.43
       8.407     0.400000         4590         1.67
       8.767     0.500000         5724         2.00
       8.951     0.550000         6289         2.22
       9.151     0.600000         6854         2.50
       9.367     0.650000         7428         2.86
       9.615     0.700000         7996         3.33
       9.887     0.750000         8556         4.00
      10.047     0.775000         8849         4.44
      10.215     0.800000         9131         5.00
      10.407     0.825000         9415         5.71
      10.647     0.850000         9699         6.67
      10.903     0.875000         9988         8.00
      11.087     0.887500        10133         8.89
      11.263     0.900000        10268        10.00
      11.479     0.912500        10414        11.43
      11.703     0.925000        10554        13.33
      12.007     0.937500        10696        16.00
      12.191     0.943750        10769        17.78
      12.407     0.950000        10838        20.00
      12.719     0.956250        10909        22.86
      12.975     0.962500        10981        26.67
      13.407     0.968750        11053        32.00
      13.607     0.971875        11089        35.56
      13.855     0.975000        11123        40.00
      14.135     0.978125        11159        45.71
      14.623     0.981250        11195        53.33
      15.119     0.984375        11230        64.00
      15.495     0.985938        11248        71.11
      15.879     0.987500        11266        80.00
      16.351     0.989062        11284        91.43
      16.767     0.990625        11302       106.67
      17.615     0.992188        11319       128.00
      18.047     0.992969        11328       142.22
      18.319     0.993750        11337       160.00
      18.719     0.994531        11346       182.86
      19.087     0.995313        11355       213.33
      19.679     0.996094        11364       256.00
      19.903     0.996484        11368       284.44
      20.399     0.996875        11373       320.00
      20.751     0.997266        11377       365.71
      21.311     0.997656        11382       426.67
      21.919     0.998047        11386       512.00
      22.415     0.998242        11388       568.89
      23.503     0.998437        11391       640.00
      23.823     0.998633        11393       731.43
      23.999     0.998828        11395       853.33
      24.383     0.999023        11397      1024.00
      24.719     0.999121        11398      1137.78
      25.183     0.999219        11400      1280.00
      26.655     0.999316        11401      1462.86
      27.839     0.999414        11402      1706.67
      28.191     0.999512        11403      2048.00
      28.191     0.999561        11403      2275.56
      28.735     0.999609        11404      2560.00
      28.975     0.999658        11405      2925.71
      28.975     0.999707        11405      3413.33
      29.727     0.999756        11406      4096.00
      29.727     0.999780        11406      4551.11
      29.727     0.999805        11406      5120.00
      30.047     0.999829        11407      5851.43
      30.047     0.999854        11407      6826.67
      30.047     0.999878        11407      8192.00
      30.047     0.999890        11407      9102.22
      30.047     0.999902        11407     10240.00
      31.119     0.999915        11408     11702.86
      31.119     1.000000        11408          inf
#[Mean    =        9.086, StdDeviation   =        2.028]
#[Max     =       31.104, Total count    =        11408]
#[Buckets =           27, SubBuckets     =         2048]
----------------------------------------------------------
  12008 requests in 5.00m, 5.85MB read
  Socket errors: connect 0, read 0, write 0, timeout 18000
Requests/sec:     40.03
Transfer/sec:     19.96KB
