Running 5m test @ http://face/
  8 threads and 200 connections
  Thread calibration: mean lat.: 47.027ms, rate sampling interval: 143ms
  Thread calibration: mean lat.: 46.795ms, rate sampling interval: 140ms
  Thread calibration: mean lat.: 43.921ms, rate sampling interval: 132ms
  Thread calibration: mean lat.: 46.281ms, rate sampling interval: 139ms
  Thread calibration: mean lat.: 44.555ms, rate sampling interval: 136ms
  Thread calibration: mean lat.: 44.717ms, rate sampling interval: 136ms
  Thread calibration: mean lat.: 42.931ms, rate sampling interval: 126ms
  Thread calibration: mean lat.: 44.629ms, rate sampling interval: 131ms
  Thread Stats   Avg      Stdev     Max   +/- Stdev
    Latency    37.43ms   15.27ms  94.34ms   65.45%
    Req/Sec     4.94     23.22   184.00     95.24%
  Latency Distribution (HdrHistogram - Recorded Latency)
 50.000%   36.22ms
 75.000%   47.90ms
 90.000%   58.46ms
 99.000%   75.14ms
 99.900%   87.17ms
 99.990%   93.95ms
 99.999%   94.40ms
100.000%   94.40ms

  Detailed Percentile spectrum:
       Value   Percentile   TotalCount 1/(1-Percentile)

       6.635     0.000000            1         1.00
      18.159     0.100000         1151         1.11
      23.423     0.200000         2301         1.25
      27.871     0.300000         3446         1.43
      31.983     0.400000         4593         1.67
      36.223     0.500000         5741         2.00
      38.303     0.550000         6324         2.22
      40.575     0.600000         6890         2.50
      42.687     0.650000         7470         2.86
      45.055     0.700000         8043         3.33
      47.903     0.750000         8613         4.00
      49.439     0.775000         8900         4.44
      50.911     0.800000         9186         5.00
      52.511     0.825000         9473         5.71
      54.047     0.850000         9761         6.67
      56.255     0.875000        10052         8.00
      57.311     0.887500        10195         8.89
      58.463     0.900000        10336        10.00
      59.711     0.912500        10479        11.43
      61.151     0.925000        10622        13.33
      62.591     0.937500        10765        16.00
      63.615     0.943750        10840        17.78
      64.479     0.950000        10908        20.00
      65.503     0.956250        10981        22.86
      66.687     0.962500        11053        26.67
      68.159     0.968750        11126        32.00
      68.991     0.971875        11162        35.56
      69.759     0.975000        11197        40.00
      70.463     0.978125        11231        45.71
      71.487     0.981250        11269        53.33
      72.511     0.984375        11303        64.00
      73.215     0.985938        11321        71.11
      74.111     0.987500        11341        80.00
      74.687     0.989062        11357        91.43
      75.647     0.990625        11375       106.67
      76.671     0.992188        11393       128.00
      77.503     0.992969        11405       142.22
      77.759     0.993750        11412       160.00
      78.847     0.994531        11420       182.86
      79.551     0.995313        11429       213.33
      80.319     0.996094        11438       256.00
      81.279     0.996484        11443       284.44
      82.175     0.996875        11447       320.00
      82.751     0.997266        11452       365.71
      83.391     0.997656        11456       426.67
      83.647     0.998047        11460       512.00
      83.839     0.998242        11462       568.89
      84.735     0.998437        11466       640.00
      85.503     0.998633        11467       731.43
      86.591     0.998828        11469       853.33
      87.167     0.999023        11471      1024.00
      88.255     0.999121        11472      1137.78
      88.895     0.999219        11474      1280.00
      89.727     0.999316        11475      1462.86
      90.175     0.999414        11476      1706.67
      90.943     0.999512        11477      2048.00
      90.943     0.999561        11477      2275.56
      92.479     0.999609        11478      2560.00
      92.927     0.999658        11479      2925.71
      92.927     0.999707        11479      3413.33
      93.759     0.999756        11480      4096.00
      93.759     0.999780        11480      4551.11
      93.759     0.999805        11480      5120.00
      93.951     0.999829        11481      5851.43
      93.951     0.999854        11481      6826.67
      93.951     0.999878        11481      8192.00
      93.951     0.999890        11481      9102.22
      93.951     0.999902        11481     10240.00
      94.399     0.999915        11482     11702.86
      94.399     1.000000        11482          inf
#[Mean    =       37.432, StdDeviation   =       15.274]
#[Max     =       94.336, Total count    =        11482]
#[Buckets =           27, SubBuckets     =         2048]
----------------------------------------------------------
  12008 requests in 5.00m, 5.86MB read
  Socket errors: connect 0, read 0, write 0, timeout 18000
Requests/sec:     40.02
Transfer/sec:     20.00KB
