Running 5m test @ http://face/
  8 threads and 200 connections
  Thread calibration: mean lat.: 10.155ms, rate sampling interval: 27ms
  Thread calibration: mean lat.: 10.236ms, rate sampling interval: 29ms
  Thread calibration: mean lat.: 9.919ms, rate sampling interval: 31ms
  Thread calibration: mean lat.: 10.036ms, rate sampling interval: 31ms
  Thread calibration: mean lat.: 9.991ms, rate sampling interval: 32ms
  Thread calibration: mean lat.: 10.510ms, rate sampling interval: 33ms
  Thread calibration: mean lat.: 10.319ms, rate sampling interval: 31ms
  Thread calibration: mean lat.: 15.424ms, rate sampling interval: 35ms
  Thread Stats   Avg      Stdev     Max   +/- Stdev
    Latency     8.84ms    2.44ms  23.07ms   78.74%
    Req/Sec     5.00     34.61   735.00     97.45%
  Latency Distribution (HdrHistogram - Recorded Latency)
 50.000%    8.18ms
 75.000%    9.47ms
 90.000%   12.87ms
 99.000%   16.29ms
 99.900%   18.90ms
 99.990%   22.64ms
 99.999%   23.09ms
100.000%   23.09ms

  Detailed Percentile spectrum:
       Value   Percentile   TotalCount 1/(1-Percentile)

       4.523     0.000000            1         1.00
       6.591     0.100000         1152         1.11
       7.067     0.200000         2293         1.25
       7.435     0.300000         3434         1.43
       7.807     0.400000         4582         1.67
       8.175     0.500000         5718         2.00
       8.367     0.550000         6296         2.22
       8.583     0.600000         6867         2.50
       8.839     0.650000         7438         2.86
       9.127     0.700000         8012         3.33
       9.471     0.750000         8575         4.00
       9.687     0.775000         8863         4.44
       9.983     0.800000         9150         5.00
      10.351     0.825000         9434         5.71
      10.935     0.850000         9723         6.67
      11.967     0.875000        10004         8.00
      12.407     0.887500        10149         8.89
      12.871     0.900000        10291        10.00
      13.271     0.912500        10433        11.43
      13.687     0.925000        10577        13.33
      14.127     0.937500        10719        16.00
      14.319     0.943750        10791        17.78
      14.495     0.950000        10861        20.00
      14.687     0.956250        10932        22.86
      14.903     0.962500        11004        26.67
      15.151     0.968750        11075        32.00
      15.279     0.971875        11111        35.56
      15.391     0.975000        11148        40.00
      15.551     0.978125        11182        45.71
      15.727     0.981250        11219        53.33
      15.903     0.984375        11255        64.00
      15.999     0.985938        11272        71.11
      16.111     0.987500        11290        80.00
      16.207     0.989062        11307        91.43
      16.359     0.990625        11326       106.67
      16.671     0.992188        11343       128.00
      16.831     0.992969        11352       142.22
      16.975     0.993750        11362       160.00
      17.151     0.994531        11370       182.86
      17.343     0.995313        11380       213.33
      17.583     0.996094        11388       256.00
      17.647     0.996484        11393       284.44
      17.919     0.996875        11398       320.00
      17.967     0.997266        11401       365.71
      18.207     0.997656        11406       426.67
      18.511     0.998047        11410       512.00
      18.559     0.998242        11412       568.89
      18.783     0.998437        11415       640.00
      18.815     0.998633        11417       731.43
      18.863     0.998828        11419       853.33
      18.895     0.999023        11421      1024.00
      19.119     0.999121        11422      1137.78
      19.215     0.999219        11424      1280.00
      19.263     0.999316        11425      1462.86
      19.359     0.999414        11426      1706.67
      19.567     0.999512        11427      2048.00
      19.567     0.999561        11427      2275.56
      20.639     0.999609        11428      2560.00
      21.007     0.999658        11429      2925.71
      21.007     0.999707        11429      3413.33
      21.631     0.999756        11430      4096.00
      21.631     0.999780        11430      4551.11
      21.631     0.999805        11430      5120.00
      22.639     0.999829        11431      5851.43
      22.639     0.999854        11431      6826.67
      22.639     0.999878        11431      8192.00
      22.639     0.999890        11431      9102.22
      22.639     0.999902        11431     10240.00
      23.087     0.999915        11432     11702.86
      23.087     1.000000        11432          inf
#[Mean    =        8.841, StdDeviation   =        2.435]
#[Max     =       23.072, Total count    =        11432]
#[Buckets =           27, SubBuckets     =         2048]
----------------------------------------------------------
  12007 requests in 5.00m, 5.85MB read
  Socket errors: connect 0, read 0, write 0, timeout 18000
Requests/sec:     40.00
Transfer/sec:     19.96KB
