Running 5m test @ http://face/
  8 threads and 200 connections
  Thread calibration: mean lat.: 9.600ms, rate sampling interval: 23ms
  Thread calibration: mean lat.: 9.656ms, rate sampling interval: 23ms
  Thread calibration: mean lat.: 9.481ms, rate sampling interval: 23ms
  Thread calibration: mean lat.: 9.192ms, rate sampling interval: 22ms
  Thread calibration: mean lat.: 9.466ms, rate sampling interval: 23ms
  Thread calibration: mean lat.: 10.048ms, rate sampling interval: 25ms
  Thread calibration: mean lat.: 9.953ms, rate sampling interval: 23ms
  Thread calibration: mean lat.: 15.744ms, rate sampling interval: 34ms
  Thread Stats   Avg      Stdev     Max   +/- Stdev
    Latency     9.49ms    2.65ms  23.02ms   76.60%
    Req/Sec     5.02     34.42   757.00     97.39%
  Latency Distribution (HdrHistogram - Recorded Latency)
 50.000%    8.74ms
 75.000%   10.38ms
 90.000%   13.81ms
 99.000%   17.66ms
 99.900%   21.39ms
 99.990%   22.61ms
 99.999%   23.04ms
100.000%   23.04ms

  Detailed Percentile spectrum:
       Value   Percentile   TotalCount 1/(1-Percentile)

       4.299     0.000000            1         1.00
       6.947     0.100000         1145         1.11
       7.467     0.200000         2294         1.25
       7.903     0.300000         3433         1.43
       8.303     0.400000         4586         1.67
       8.743     0.500000         5735         2.00
       8.991     0.550000         6295         2.22
       9.247     0.600000         6861         2.50
       9.559     0.650000         7434         2.86
       9.895     0.700000         8014         3.33
      10.375     0.750000         8575         4.00
      10.671     0.775000         8864         4.44
      11.047     0.800000         9147         5.00
      11.543     0.825000         9435         5.71
      12.175     0.850000         9720         6.67
      12.983     0.875000        10004         8.00
      13.423     0.887500        10150         8.89
      13.815     0.900000        10290        10.00
      14.183     0.912500        10435        11.43
      14.495     0.925000        10577        13.33
      14.903     0.937500        10723        16.00
      15.111     0.943750        10790        17.78
      15.351     0.950000        10864        20.00
      15.535     0.956250        10934        22.86
      15.751     0.962500        11007        26.67
      15.951     0.968750        11078        32.00
      16.071     0.971875        11112        35.56
      16.239     0.975000        11151        40.00
      16.415     0.978125        11184        45.71
      16.639     0.981250        11219        53.33
      16.879     0.984375        11259        64.00
      16.975     0.985938        11276        71.11
      17.119     0.987500        11292        80.00
      17.423     0.989062        11308        91.43
      17.727     0.990625        11327       106.67
      17.919     0.992188        11344       128.00
      18.063     0.992969        11353       142.22
      18.319     0.993750        11362       160.00
      18.399     0.994531        11371       182.86
      18.495     0.995313        11380       213.33
      18.655     0.996094        11389       256.00
      18.815     0.996484        11393       284.44
      18.911     0.996875        11398       320.00
      19.215     0.997266        11403       365.71
      19.887     0.997656        11407       426.67
      20.271     0.998047        11411       512.00
      20.495     0.998242        11413       568.89
      21.007     0.998437        11416       640.00
      21.183     0.998633        11419       731.43
      21.215     0.998828        11420       853.33
      21.391     0.999023        11422      1024.00
      21.407     0.999121        11423      1137.78
      21.583     0.999219        11425      1280.00
      21.663     0.999316        11426      1462.86
      21.743     0.999414        11427      1706.67
      21.759     0.999512        11429      2048.00
      21.759     0.999561        11429      2275.56
      21.759     0.999609        11429      2560.00
      22.271     0.999658        11430      2925.71
      22.271     0.999707        11430      3413.33
      22.511     0.999756        11431      4096.00
      22.511     0.999780        11431      4551.11
      22.511     0.999805        11431      5120.00
      22.607     0.999829        11432      5851.43
      22.607     0.999854        11432      6826.67
      22.607     0.999878        11432      8192.00
      22.607     0.999890        11432      9102.22
      22.607     0.999902        11432     10240.00
      23.039     0.999915        11433     11702.86
      23.039     1.000000        11433          inf
#[Mean    =        9.486, StdDeviation   =        2.648]
#[Max     =       23.024, Total count    =        11433]
#[Buckets =           27, SubBuckets     =         2048]
----------------------------------------------------------
  12007 requests in 5.00m, 5.85MB read
  Socket errors: connect 0, read 0, write 0, timeout 18000
Requests/sec:     40.00
Transfer/sec:     19.96KB
