Running 5m test @ http://face/
  8 threads and 200 connections
  Thread calibration: mean lat.: 11.127ms, rate sampling interval: 33ms
  Thread calibration: mean lat.: 11.429ms, rate sampling interval: 32ms
  Thread calibration: mean lat.: 11.723ms, rate sampling interval: 35ms
  Thread calibration: mean lat.: 11.173ms, rate sampling interval: 35ms
  Thread calibration: mean lat.: 11.346ms, rate sampling interval: 35ms
  Thread calibration: mean lat.: 11.127ms, rate sampling interval: 34ms
  Thread calibration: mean lat.: 10.958ms, rate sampling interval: 33ms
  Thread calibration: mean lat.: 11.321ms, rate sampling interval: 34ms
  Thread Stats   Avg      Stdev     Max   +/- Stdev
    Latency    10.39ms    2.52ms  25.14ms   73.82%
    Req/Sec     4.98     30.07   290.00     97.16%
  Latency Distribution (HdrHistogram - Recorded Latency)
 50.000%    9.93ms
 75.000%   11.65ms
 90.000%   13.57ms
 99.000%   18.62ms
 99.900%   23.04ms
 99.990%   24.85ms
 99.999%   25.15ms
100.000%   25.15ms

  Detailed Percentile spectrum:
       Value   Percentile   TotalCount 1/(1-Percentile)

       5.035     0.000000            1         1.00
       7.687     0.100000         1148         1.11
       8.367     0.200000         2283         1.25
       8.943     0.300000         3432         1.43
       9.431     0.400000         4578         1.67
       9.927     0.500000         5709         2.00
      10.223     0.550000         6291         2.22
      10.527     0.600000         6859         2.50
      10.855     0.650000         7424         2.86
      11.231     0.700000         7999         3.33
      11.647     0.750000         8563         4.00
      11.863     0.775000         8849         4.44
      12.103     0.800000         9133         5.00
      12.375     0.825000         9418         5.71
      12.711     0.850000         9708         6.67
      13.087     0.875000         9988         8.00
      13.311     0.887500        10130         8.89
      13.567     0.900000        10276        10.00
      13.879     0.912500        10416        11.43
      14.239     0.925000        10558        13.33
      14.719     0.937500        10702        16.00
      14.951     0.943750        10772        17.78
      15.223     0.950000        10845        20.00
      15.503     0.956250        10915        22.86
      15.855     0.962500        10986        26.67
      16.223     0.968750        11058        32.00
      16.527     0.971875        11095        35.56
      16.735     0.975000        11129        40.00
      17.055     0.978125        11165        45.71
      17.343     0.981250        11203        53.33
      17.663     0.984375        11237        64.00
      17.935     0.985938        11254        71.11
      18.223     0.987500        11272        80.00
      18.495     0.989062        11291        91.43
      18.879     0.990625        11309       106.67
      19.199     0.992188        11325       128.00
      19.343     0.992969        11334       142.22
      19.663     0.993750        11343       160.00
      19.887     0.994531        11352       182.86
      20.223     0.995313        11361       213.33
      20.719     0.996094        11370       256.00
      20.831     0.996484        11374       284.44
      21.119     0.996875        11379       320.00
      21.423     0.997266        11383       365.71
      21.919     0.997656        11388       426.67
      22.143     0.998047        11392       512.00
      22.207     0.998242        11394       568.89
      22.495     0.998437        11397       640.00
      22.591     0.998633        11399       731.43
      22.639     0.998828        11401       853.33
      23.039     0.999023        11403      1024.00
      23.119     0.999121        11404      1137.78
      23.455     0.999219        11406      1280.00
      23.519     0.999316        11407      1462.86
      23.647     0.999414        11408      1706.67
      23.823     0.999512        11409      2048.00
      23.823     0.999561        11409      2275.56
      23.999     0.999609        11410      2560.00
      24.255     0.999658        11411      2925.71
      24.255     0.999707        11411      3413.33
      24.655     0.999756        11412      4096.00
      24.655     0.999780        11412      4551.11
      24.655     0.999805        11412      5120.00
      24.847     0.999829        11413      5851.43
      24.847     0.999854        11413      6826.67
      24.847     0.999878        11413      8192.00
      24.847     0.999890        11413      9102.22
      24.847     0.999902        11413     10240.00
      25.151     0.999915        11414     11702.86
      25.151     1.000000        11414          inf
#[Mean    =       10.391, StdDeviation   =        2.517]
#[Max     =       25.136, Total count    =        11414]
#[Buckets =           27, SubBuckets     =         2048]
----------------------------------------------------------
  12008 requests in 5.00m, 5.85MB read
  Socket errors: connect 0, read 0, write 0, timeout 18000
Requests/sec:     40.03
Transfer/sec:     19.97KB
