Running 5m test @ http://face/
  8 threads and 200 connections
  Thread calibration: mean lat.: 20.928ms, rate sampling interval: 59ms
  Thread calibration: mean lat.: 21.930ms, rate sampling interval: 63ms
  Thread calibration: mean lat.: 22.047ms, rate sampling interval: 61ms
  Thread calibration: mean lat.: 21.803ms, rate sampling interval: 64ms
  Thread calibration: mean lat.: 22.198ms, rate sampling interval: 66ms
  Thread calibration: mean lat.: 21.035ms, rate sampling interval: 63ms
  Thread calibration: mean lat.: 52.975ms, rate sampling interval: 119ms
  Thread calibration: mean lat.: 52.769ms, rate sampling interval: 118ms
  Thread Stats   Avg      Stdev     Max   +/- Stdev
    Latency    26.19ms   15.04ms  62.59ms   70.87%
    Req/Sec     4.96     28.57   258.00     96.82%
  Latency Distribution (HdrHistogram - Recorded Latency)
 50.000%   19.87ms
 75.000%   36.51ms
 90.000%   52.64ms
 99.000%   58.49ms
 99.900%   61.69ms
 99.990%   62.49ms
 99.999%   62.62ms
100.000%   62.62ms

  Detailed Percentile spectrum:
       Value   Percentile   TotalCount 1/(1-Percentile)

       6.923     0.000000            1         1.00
      12.303     0.100000         1150         1.11
      14.303     0.200000         2300         1.25
      16.031     0.300000         3444         1.43
      17.871     0.400000         4595         1.67
      19.871     0.500000         5742         2.00
      20.991     0.550000         6314         2.22
      22.479     0.600000         6892         2.50
      24.351     0.650000         7461         2.86
      27.247     0.700000         8037         3.33
      36.511     0.750000         8610         4.00
      42.687     0.775000         8899         4.44
      45.535     0.800000         9184         5.00
      47.999     0.825000         9474         5.71
      49.887     0.850000         9760         6.67
      51.327     0.875000        10051         8.00
      51.967     0.887500        10190         8.89
      52.639     0.900000        10338        10.00
      53.151     0.912500        10476        11.43
      53.791     0.925000        10627        13.33
      54.431     0.937500        10763        16.00
      54.783     0.943750        10836        17.78
      55.231     0.950000        10910        20.00
      55.551     0.956250        10977        22.86
      55.935     0.962500        11051        26.67
      56.351     0.968750        11123        32.00
      56.607     0.971875        11157        35.56
      56.831     0.975000        11194        40.00
      57.087     0.978125        11230        45.71
      57.343     0.981250        11264        53.33
      57.695     0.984375        11303        64.00
      57.823     0.985938        11320        71.11
      58.015     0.987500        11335        80.00
      58.239     0.989062        11353        91.43
      58.623     0.990625        11373       106.67
      58.879     0.992188        11390       128.00
      59.135     0.992969        11399       142.22
      59.391     0.993750        11412       160.00
      59.487     0.994531        11416       182.86
      59.679     0.995313        11425       213.33
      59.903     0.996094        11434       256.00
      60.031     0.996484        11438       284.44
      60.351     0.996875        11444       320.00
      60.415     0.997266        11448       365.71
      60.607     0.997656        11452       426.67
      60.735     0.998047        11456       512.00
      60.863     0.998242        11458       568.89
      61.247     0.998437        11461       640.00
      61.439     0.998633        11464       731.43
      61.503     0.998828        11465       853.33
      61.695     0.999023        11468      1024.00
      61.695     0.999121        11468      1137.78
      61.887     0.999219        11470      1280.00
      62.047     0.999316        11471      1462.86
      62.207     0.999414        11472      1706.67
      62.303     0.999512        11474      2048.00
      62.303     0.999561        11474      2275.56
      62.303     0.999609        11474      2560.00
      62.399     0.999658        11475      2925.71
      62.399     0.999707        11475      3413.33
      62.463     0.999756        11476      4096.00
      62.463     0.999780        11476      4551.11
      62.463     0.999805        11476      5120.00
      62.495     0.999829        11477      5851.43
      62.495     0.999854        11477      6826.67
      62.495     0.999878        11477      8192.00
      62.495     0.999890        11477      9102.22
      62.495     0.999902        11477     10240.00
      62.623     0.999915        11478     11702.86
      62.623     1.000000        11478          inf
#[Mean    =       26.190, StdDeviation   =       15.037]
#[Max     =       62.592, Total count    =        11478]
#[Buckets =           27, SubBuckets     =         2048]
----------------------------------------------------------
  12006 requests in 5.00m, 5.86MB read
  Socket errors: connect 0, read 0, write 0, timeout 18000
Requests/sec:     40.00
Transfer/sec:     19.98KB
