Running 5m test @ http://face/
  8 threads and 200 connections
  Thread calibration: mean lat.: 10.789ms, rate sampling interval: 27ms
  Thread calibration: mean lat.: 10.998ms, rate sampling interval: 29ms
  Thread calibration: mean lat.: 11.050ms, rate sampling interval: 30ms
  Thread calibration: mean lat.: 11.533ms, rate sampling interval: 31ms
  Thread calibration: mean lat.: 11.143ms, rate sampling interval: 30ms
  Thread calibration: mean lat.: 11.808ms, rate sampling interval: 35ms
  Thread calibration: mean lat.: 11.333ms, rate sampling interval: 27ms
  Thread calibration: mean lat.: 11.048ms, rate sampling interval: 30ms
  Thread Stats   Avg      Stdev     Max   +/- Stdev
    Latency    10.20ms    2.25ms  25.38ms   73.01%
    Req/Sec     4.99     30.12   296.00     97.16%
  Latency Distribution (HdrHistogram - Recorded Latency)
 50.000%    9.84ms
 75.000%   11.38ms
 90.000%   13.05ms
 99.000%   17.42ms
 99.900%   22.72ms
 99.990%   24.80ms
 99.999%   25.39ms
100.000%   25.39ms

  Detailed Percentile spectrum:
       Value   Percentile   TotalCount 1/(1-Percentile)

       5.479     0.000000            1         1.00
       7.735     0.100000         1142         1.11
       8.391     0.200000         2290         1.25
       8.879     0.300000         3433         1.43
       9.359     0.400000         4575         1.67
       9.839     0.500000         5716         2.00
      10.111     0.550000         6286         2.22
      10.391     0.600000         6853         2.50
      10.671     0.650000         7426         2.86
      10.999     0.700000         7990         3.33
      11.375     0.750000         8565         4.00
      11.575     0.775000         8844         4.44
      11.775     0.800000         9133         5.00
      12.031     0.825000         9422         5.71
      12.335     0.850000         9704         6.67
      12.647     0.875000         9994         8.00
      12.831     0.887500        10132         8.89
      13.047     0.900000        10272        10.00
      13.295     0.912500        10414        11.43
      13.559     0.925000        10557        13.33
      13.879     0.937500        10699        16.00
      14.031     0.943750        10770        17.78
      14.271     0.950000        10841        20.00
      14.511     0.956250        10913        22.86
      14.847     0.962500        10984        26.67
      15.223     0.968750        11055        32.00
      15.391     0.971875        11091        35.56
      15.607     0.975000        11128        40.00
      15.863     0.978125        11163        45.71
      16.135     0.981250        11198        53.33
      16.479     0.984375        11236        64.00
      16.607     0.985938        11252        71.11
      16.879     0.987500        11269        80.00
      17.135     0.989062        11287        91.43
      17.535     0.990625        11306       106.67
      17.807     0.992188        11322       128.00
      18.015     0.992969        11331       142.22
      18.367     0.993750        11341       160.00
      18.527     0.994531        11349       182.86
      18.927     0.995313        11358       213.33
      19.487     0.996094        11367       256.00
      19.887     0.996484        11371       284.44
      20.127     0.996875        11377       320.00
      20.447     0.997266        11381       365.71
      20.575     0.997656        11386       426.67
      20.831     0.998047        11389       512.00
      21.007     0.998242        11392       568.89
      21.039     0.998437        11394       640.00
      21.567     0.998633        11396       731.43
      21.903     0.998828        11398       853.33
      22.719     0.999023        11400      1024.00
      22.751     0.999121        11401      1137.78
      23.023     0.999219        11403      1280.00
      23.055     0.999316        11404      1462.86
      23.071     0.999414        11405      1706.67
      23.375     0.999512        11406      2048.00
      23.375     0.999561        11406      2275.56
      24.063     0.999609        11407      2560.00
      24.207     0.999658        11408      2925.71
      24.207     0.999707        11408      3413.33
      24.399     0.999756        11409      4096.00
      24.399     0.999780        11409      4551.11
      24.399     0.999805        11409      5120.00
      24.799     0.999829        11410      5851.43
      24.799     0.999854        11410      6826.67
      24.799     0.999878        11410      8192.00
      24.799     0.999890        11410      9102.22
      24.799     0.999902        11410     10240.00
      25.391     0.999915        11411     11702.86
      25.391     1.000000        11411          inf
#[Mean    =       10.198, StdDeviation   =        2.245]
#[Max     =       25.376, Total count    =        11411]
#[Buckets =           27, SubBuckets     =         2048]
----------------------------------------------------------
  12008 requests in 5.00m, 5.85MB read
  Socket errors: connect 0, read 0, write 0, timeout 18000
Requests/sec:     40.02
Transfer/sec:     19.97KB
