Running 5m test @ http://face/
  8 threads and 200 connections
  Thread calibration: mean lat.: 8.093ms, rate sampling interval: 19ms
  Thread calibration: mean lat.: 8.154ms, rate sampling interval: 22ms
  Thread calibration: mean lat.: 7.760ms, rate sampling interval: 19ms
  Thread calibration: mean lat.: 24.426ms, rate sampling interval: 58ms
  Thread calibration: mean lat.: 8.432ms, rate sampling interval: 21ms
  Thread calibration: mean lat.: 8.342ms, rate sampling interval: 23ms
  Thread calibration: mean lat.: 8.132ms, rate sampling interval: 22ms
  Thread calibration: mean lat.: 22.462ms, rate sampling interval: 52ms
  Thread Stats   Avg      Stdev     Max   +/- Stdev
    Latency    11.49ms    6.78ms  32.62ms   76.97%
    Req/Sec     5.03     33.58   490.00     97.48%
  Latency Distribution (HdrHistogram - Recorded Latency)
 50.000%    7.98ms
 75.000%   15.93ms
 90.000%   23.61ms
 99.000%   27.58ms
 99.900%   30.75ms
 99.990%   32.38ms
 99.999%   32.64ms
100.000%   32.64ms

  Detailed Percentile spectrum:
       Value   Percentile   TotalCount 1/(1-Percentile)

       4.515     0.000000            1         1.00
       6.267     0.100000         1149         1.11
       6.739     0.200000         2295         1.25
       7.127     0.300000         3440         1.43
       7.519     0.400000         4591         1.67
       7.979     0.500000         5735         2.00
       8.279     0.550000         6311         2.22
       8.679     0.600000         6882         2.50
       9.311     0.650000         7451         2.86
      10.631     0.700000         8021         3.33
      15.927     0.750000         8593         4.00
      18.671     0.775000         8883         4.44
      19.935     0.800000         9166         5.00
      21.007     0.825000         9454         5.71
      21.951     0.850000         9739         6.67
      22.799     0.875000        10026         8.00
      23.231     0.887500        10175         8.89
      23.615     0.900000        10313        10.00
      24.047     0.912500        10458        11.43
      24.431     0.925000        10601        13.33
      24.799     0.937500        10742        16.00
      25.023     0.943750        10814        17.78
      25.263     0.950000        10887        20.00
      25.567     0.956250        10958        22.86
      25.839     0.962500        11036        26.67
      26.111     0.968750        11104        32.00
      26.271     0.971875        11138        35.56
      26.431     0.975000        11171        40.00
      26.623     0.978125        11207        45.71
      26.879     0.981250        11244        53.33
      27.087     0.984375        11278        64.00
      27.183     0.985938        11296        71.11
      27.343     0.987500        11316        80.00
      27.471     0.989062        11333        91.43
      27.663     0.990625        11350       106.67
      27.855     0.992188        11369       128.00
      27.951     0.992969        11377       142.22
      28.095     0.993750        11386       160.00
      28.255     0.994531        11397       182.86
      28.351     0.995313        11404       213.33
      28.639     0.996094        11413       256.00
      28.799     0.996484        11418       284.44
      28.911     0.996875        11422       320.00
      29.071     0.997266        11426       365.71
      29.375     0.997656        11431       426.67
      29.679     0.998047        11435       512.00
      29.759     0.998242        11437       568.89
      30.239     0.998437        11440       640.00
      30.591     0.998633        11442       731.43
      30.623     0.998828        11444       853.33
      30.751     0.999023        11446      1024.00
      30.783     0.999121        11447      1137.78
      31.199     0.999219        11450      1280.00
      31.199     0.999316        11450      1462.86
      31.327     0.999414        11451      1706.67
      31.359     0.999512        11452      2048.00
      31.359     0.999561        11452      2275.56
      31.551     0.999609        11453      2560.00
      31.647     0.999658        11454      2925.71
      31.647     0.999707        11454      3413.33
      31.903     0.999756        11455      4096.00
      31.903     0.999780        11455      4551.11
      31.903     0.999805        11455      5120.00
      32.383     0.999829        11456      5851.43
      32.383     0.999854        11456      6826.67
      32.383     0.999878        11456      8192.00
      32.383     0.999890        11456      9102.22
      32.383     0.999902        11456     10240.00
      32.639     0.999915        11457     11702.86
      32.639     1.000000        11457          inf
#[Mean    =       11.492, StdDeviation   =        6.785]
#[Max     =       32.624, Total count    =        11457]
#[Buckets =           27, SubBuckets     =         2048]
----------------------------------------------------------
  12006 requests in 5.00m, 5.85MB read
  Socket errors: connect 0, read 0, write 0, timeout 18000
Requests/sec:     40.00
Transfer/sec:     19.96KB
