Running 5m test @ http://face/
  8 threads and 200 connections
  Thread calibration: mean lat.: 10.267ms, rate sampling interval: 28ms
  Thread calibration: mean lat.: 10.336ms, rate sampling interval: 29ms
  Thread calibration: mean lat.: 10.314ms, rate sampling interval: 29ms
  Thread calibration: mean lat.: 10.128ms, rate sampling interval: 29ms
  Thread calibration: mean lat.: 10.468ms, rate sampling interval: 34ms
  Thread calibration: mean lat.: 10.653ms, rate sampling interval: 33ms
  Thread calibration: mean lat.: 10.240ms, rate sampling interval: 29ms
  Thread calibration: mean lat.: 14.954ms, rate sampling interval: 34ms
  Thread Stats   Avg      Stdev     Max   +/- Stdev
    Latency     9.25ms    2.49ms  23.47ms   73.97%
    Req/Sec     5.00     35.02   757.00     97.47%
  Latency Distribution (HdrHistogram - Recorded Latency)
 50.000%    8.54ms
 75.000%   10.30ms
 90.000%   13.17ms
 99.000%   16.42ms
 99.900%   19.69ms
 99.990%   22.48ms
 99.999%   23.49ms
100.000%   23.49ms

  Detailed Percentile spectrum:
       Value   Percentile   TotalCount 1/(1-Percentile)

       4.535     0.000000            1         1.00
       6.775     0.100000         1148         1.11
       7.323     0.200000         2299         1.25
       7.723     0.300000         3436         1.43
       8.111     0.400000         4576         1.67
       8.543     0.500000         5722         2.00
       8.791     0.550000         6292         2.22
       9.071     0.600000         6862         2.50
       9.383     0.650000         7432         2.86
       9.767     0.700000         8004         3.33
      10.303     0.750000         8579         4.00
      10.623     0.775000         8869         4.44
      11.007     0.800000         9146         5.00
      11.455     0.825000         9435         5.71
      12.023     0.850000         9721         6.67
      12.623     0.875000        10011         8.00
      12.895     0.887500        10151         8.89
      13.167     0.900000        10289        10.00
      13.527     0.912500        10433        11.43
      13.863     0.925000        10578        13.33
      14.151     0.937500        10721        16.00
      14.343     0.943750        10790        17.78
      14.503     0.950000        10861        20.00
      14.719     0.956250        10935        22.86
      14.887     0.962500        11008        26.67
      15.079     0.968750        11075        32.00
      15.199     0.971875        11111        35.56
      15.319     0.975000        11148        40.00
      15.471     0.978125        11182        45.71
      15.615     0.981250        11218        53.33
      15.831     0.984375        11254        64.00
      15.975     0.985938        11272        71.11
      16.111     0.987500        11291        80.00
      16.255     0.989062        11307        91.43
      16.543     0.990625        11327       106.67
      16.847     0.992188        11343       128.00
      16.959     0.992969        11352       142.22
      17.151     0.993750        11361       160.00
      17.487     0.994531        11370       182.86
      17.615     0.995313        11379       213.33
      17.871     0.996094        11389       256.00
      18.047     0.996484        11392       284.44
      18.271     0.996875        11397       320.00
      18.511     0.997266        11401       365.71
      18.703     0.997656        11407       426.67
      18.783     0.998047        11410       512.00
      18.959     0.998242        11412       568.89
      19.135     0.998437        11415       640.00
      19.151     0.998633        11417       731.43
      19.407     0.998828        11419       853.33
      19.695     0.999023        11421      1024.00
      19.727     0.999121        11422      1137.78
      19.839     0.999219        11424      1280.00
      20.271     0.999316        11425      1462.86
      20.559     0.999414        11426      1706.67
      20.591     0.999512        11427      2048.00
      20.591     0.999561        11427      2275.56
      21.007     0.999609        11428      2560.00
      22.239     0.999658        11429      2925.71
      22.239     0.999707        11429      3413.33
      22.383     0.999756        11430      4096.00
      22.383     0.999780        11430      4551.11
      22.383     0.999805        11430      5120.00
      22.479     0.999829        11431      5851.43
      22.479     0.999854        11431      6826.67
      22.479     0.999878        11431      8192.00
      22.479     0.999890        11431      9102.22
      22.479     0.999902        11431     10240.00
      23.487     0.999915        11432     11702.86
      23.487     1.000000        11432          inf
#[Mean    =        9.246, StdDeviation   =        2.485]
#[Max     =       23.472, Total count    =        11432]
#[Buckets =           27, SubBuckets     =         2048]
----------------------------------------------------------
  12007 requests in 5.00m, 5.85MB read
  Socket errors: connect 0, read 0, write 0, timeout 18000
Requests/sec:     40.00
Transfer/sec:     19.95KB
