Running 5m test @ http://face/
  8 threads and 200 connections
  Thread calibration: mean lat.: 9.057ms, rate sampling interval: 23ms
  Thread calibration: mean lat.: 9.273ms, rate sampling interval: 23ms
  Thread calibration: mean lat.: 9.086ms, rate sampling interval: 23ms
  Thread calibration: mean lat.: 8.892ms, rate sampling interval: 21ms
  Thread calibration: mean lat.: 9.262ms, rate sampling interval: 24ms
  Thread calibration: mean lat.: 9.499ms, rate sampling interval: 24ms
  Thread calibration: mean lat.: 9.239ms, rate sampling interval: 23ms
  Thread calibration: mean lat.: 14.780ms, rate sampling interval: 33ms
  Thread Stats   Avg      Stdev     Max   +/- Stdev
    Latency     9.42ms    2.47ms  22.69ms   75.73%
    Req/Sec     5.02     34.59   781.00     97.37%
  Latency Distribution (HdrHistogram - Recorded Latency)
 50.000%    8.74ms
 75.000%   10.29ms
 90.000%   13.41ms
 99.000%   16.82ms
 99.900%   19.45ms
 99.990%   22.35ms
 99.999%   22.70ms
100.000%   22.70ms

  Detailed Percentile spectrum:
       Value   Percentile   TotalCount 1/(1-Percentile)

       4.951     0.000000            1         1.00
       7.007     0.100000         1150         1.11
       7.531     0.200000         2288         1.25
       7.947     0.300000         3432         1.43
       8.335     0.400000         4580         1.67
       8.743     0.500000         5727         2.00
       8.975     0.550000         6298         2.22
       9.239     0.600000         6874         2.50
       9.511     0.650000         7436         2.86
       9.855     0.700000         8004         3.33
      10.287     0.750000         8585         4.00
      10.583     0.775000         8866         4.44
      10.927     0.800000         9153         5.00
      11.343     0.825000         9433         5.71
      11.943     0.850000         9718         6.67
      12.655     0.875000        10008         8.00
      13.031     0.887500        10148         8.89
      13.415     0.900000        10289        10.00
      13.743     0.912500        10432        11.43
      14.111     0.925000        10576        13.33
      14.439     0.937500        10721        16.00
      14.687     0.943750        10789        17.78
      14.903     0.950000        10863        20.00
      15.111     0.956250        10936        22.86
      15.311     0.962500        11007        26.67
      15.535     0.968750        11075        32.00
      15.679     0.971875        11111        35.56
      15.807     0.975000        11149        40.00
      15.959     0.978125        11182        45.71
      16.151     0.981250        11220        53.33
      16.319     0.984375        11254        64.00
      16.431     0.985938        11274        71.11
      16.591     0.987500        11293        80.00
      16.719     0.989062        11308        91.43
      16.847     0.990625        11325       106.67
      17.119     0.992188        11343       128.00
      17.231     0.992969        11352       142.22
      17.343     0.993750        11361       160.00
      17.519     0.994531        11370       182.86
      17.695     0.995313        11380       213.33
      18.015     0.996094        11388       256.00
      18.175     0.996484        11393       284.44
      18.287     0.996875        11399       320.00
      18.351     0.997266        11402       365.71
      18.463     0.997656        11406       426.67
      18.591     0.998047        11410       512.00
      18.735     0.998242        11412       568.89
      18.991     0.998437        11416       640.00
      19.039     0.998633        11417       731.43
      19.215     0.998828        11419       853.33
      19.455     0.999023        11421      1024.00
      19.551     0.999121        11422      1137.78
      19.823     0.999219        11424      1280.00
      19.839     0.999316        11425      1462.86
      19.999     0.999414        11426      1706.67
      20.159     0.999512        11427      2048.00
      20.159     0.999561        11427      2275.56
      20.175     0.999609        11428      2560.00
      21.567     0.999658        11429      2925.71
      21.567     0.999707        11429      3413.33
      21.775     0.999756        11430      4096.00
      21.775     0.999780        11430      4551.11
      21.775     0.999805        11430      5120.00
      22.351     0.999829        11431      5851.43
      22.351     0.999854        11431      6826.67
      22.351     0.999878        11431      8192.00
      22.351     0.999890        11431      9102.22
      22.351     0.999902        11431     10240.00
      22.703     0.999915        11432     11702.86
      22.703     1.000000        11432          inf
#[Mean    =        9.417, StdDeviation   =        2.473]
#[Max     =       22.688, Total count    =        11432]
#[Buckets =           27, SubBuckets     =         2048]
----------------------------------------------------------
  12007 requests in 5.00m, 5.85MB read
  Socket errors: connect 0, read 0, write 0, timeout 18000
Requests/sec:     40.00
Transfer/sec:     19.95KB
