Running 5m test @ http://face/
  8 threads and 200 connections
  Thread calibration: mean lat.: 11.126ms, rate sampling interval: 32ms
  Thread calibration: mean lat.: 10.947ms, rate sampling interval: 28ms
  Thread calibration: mean lat.: 11.485ms, rate sampling interval: 29ms
  Thread calibration: mean lat.: 10.747ms, rate sampling interval: 28ms
  Thread calibration: mean lat.: 11.500ms, rate sampling interval: 32ms
  Thread calibration: mean lat.: 11.128ms, rate sampling interval: 32ms
  Thread calibration: mean lat.: 11.416ms, rate sampling interval: 33ms
  Thread calibration: mean lat.: 11.467ms, rate sampling interval: 34ms
  Thread Stats   Avg      Stdev     Max   +/- Stdev
    Latency     9.21ms    1.78ms  26.88ms   74.93%
    Req/Sec     4.99     30.27   259.00     97.20%
  Latency Distribution (HdrHistogram - Recorded Latency)
 50.000%    8.97ms
 75.000%   10.12ms
 90.000%   11.31ms
 99.000%   15.18ms
 99.900%   19.97ms
 99.990%   24.11ms
 99.999%   26.90ms
100.000%   26.90ms

  Detailed Percentile spectrum:
       Value   Percentile   TotalCount 1/(1-Percentile)

       4.947     0.000000            1         1.00
       7.259     0.100000         1146         1.11
       7.811     0.200000         2285         1.25
       8.231     0.300000         3434         1.43
       8.607     0.400000         4585         1.67
       8.967     0.500000         5715         2.00
       9.175     0.550000         6296         2.22
       9.383     0.600000         6863         2.50
       9.607     0.650000         7431         2.86
       9.847     0.700000         7990         3.33
      10.119     0.750000         8566         4.00
      10.255     0.775000         8848         4.44
      10.423     0.800000         9137         5.00
      10.591     0.825000         9417         5.71
      10.791     0.850000         9703         6.67
      11.023     0.875000         9992         8.00
      11.151     0.887500        10127         8.89
      11.311     0.900000        10276        10.00
      11.479     0.912500        10412        11.43
      11.711     0.925000        10559        13.33
      11.943     0.937500        10699        16.00
      12.087     0.943750        10771        17.78
      12.255     0.950000        10841        20.00
      12.423     0.956250        10913        22.86
      12.671     0.962500        10984        26.67
      12.943     0.968750        11053        32.00
      13.095     0.971875        11089        35.56
      13.239     0.975000        11124        40.00
      13.447     0.978125        11160        45.71
      13.751     0.981250        11196        53.33
      14.159     0.984375        11231        64.00
      14.415     0.985938        11249        71.11
      14.631     0.987500        11267        80.00
      14.999     0.989062        11285        91.43
      15.295     0.990625        11304       106.67
      15.559     0.992188        11320       128.00
      15.799     0.992969        11329       142.22
      15.983     0.993750        11338       160.00
      16.447     0.994531        11348       182.86
      16.927     0.995313        11356       213.33
      17.135     0.996094        11365       256.00
      17.471     0.996484        11371       284.44
      17.567     0.996875        11374       320.00
      18.191     0.997266        11378       365.71
      18.655     0.997656        11384       426.67
      19.007     0.998047        11387       512.00
      19.183     0.998242        11389       568.89
      19.359     0.998437        11392       640.00
      19.679     0.998633        11394       731.43
      19.903     0.998828        11396       853.33
      19.967     0.999023        11398      1024.00
      19.983     0.999121        11399      1137.78
      20.703     0.999219        11401      1280.00
      20.911     0.999316        11402      1462.86
      21.151     0.999414        11403      1706.67
      21.167     0.999512        11404      2048.00
      21.167     0.999561        11404      2275.56
      21.455     0.999609        11405      2560.00
      21.935     0.999658        11406      2925.71
      21.935     0.999707        11406      3413.33
      23.647     0.999756        11407      4096.00
      23.647     0.999780        11407      4551.11
      23.647     0.999805        11407      5120.00
      24.111     0.999829        11408      5851.43
      24.111     0.999854        11408      6826.67
      24.111     0.999878        11408      8192.00
      24.111     0.999890        11408      9102.22
      24.111     0.999902        11408     10240.00
      26.895     0.999915        11409     11702.86
      26.895     1.000000        11409          inf
#[Mean    =        9.208, StdDeviation   =        1.780]
#[Max     =       26.880, Total count    =        11409]
#[Buckets =           27, SubBuckets     =         2048]
----------------------------------------------------------
  12008 requests in 5.00m, 5.85MB read
  Socket errors: connect 0, read 0, write 0, timeout 18000
Requests/sec:     40.03
Transfer/sec:     19.96KB
