Running 5m test @ http://face/
  8 threads and 200 connections
  Thread calibration: mean lat.: 19.186ms, rate sampling interval: 66ms
  Thread calibration: mean lat.: 18.786ms, rate sampling interval: 60ms
  Thread calibration: mean lat.: 18.866ms, rate sampling interval: 63ms
  Thread calibration: mean lat.: 19.009ms, rate sampling interval: 65ms
  Thread calibration: mean lat.: 30.734ms, rate sampling interval: 79ms
  Thread calibration: mean lat.: 19.194ms, rate sampling interval: 62ms
  Thread calibration: mean lat.: 33.581ms, rate sampling interval: 85ms
  Thread calibration: mean lat.: 19.677ms, rate sampling interval: 65ms
  Thread Stats   Avg      Stdev     Max   +/- Stdev
    Latency    35.98ms   39.61ms   5.05s    93.92%
    Req/Sec    50.11     80.91   329.00     82.76%
  Latency Distribution (HdrHistogram - Recorded Latency)
 50.000%   30.37ms
 75.000%   43.65ms
 90.000%   63.55ms
 99.000%  135.93ms
 99.900%  243.20ms
 99.990%  362.24ms
 99.999%    4.59s 
100.000%    5.05s 

  Detailed Percentile spectrum:
       Value   Percentile   TotalCount 1/(1-Percentile)

       4.651     0.000000            1         1.00
      11.575     0.100000        11590         1.11
      17.823     0.200000        23199         1.25
      22.575     0.300000        34752         1.43
      26.543     0.400000        46338         1.67
      30.367     0.500000        57937         2.00
      32.351     0.550000        63748         2.22
      34.463     0.600000        69546         2.50
      36.863     0.650000        75329         2.86
      39.839     0.700000        81089         3.33
      43.647     0.750000        86879         4.00
      45.759     0.775000        89777         4.44
      48.255     0.800000        92692         5.00
      50.879     0.825000        95583         5.71
      54.047     0.850000        98458         6.67
      58.207     0.875000       101368         8.00
      60.703     0.887500       102800         8.89
      63.551     0.900000       104250        10.00
      66.815     0.912500       105700        11.43
      70.591     0.925000       107147        13.33
      75.007     0.937500       108598        16.00
      77.503     0.943750       109315        17.78
      80.639     0.950000       110050        20.00
      83.967     0.956250       110760        22.86
      87.935     0.962500       111487        26.67
      92.991     0.968750       112216        32.00
      96.255     0.971875       112578        35.56
      99.839     0.975000       112932        40.00
     103.935     0.978125       113298        45.71
     109.247     0.981250       113659        53.33
     116.991     0.984375       114021        64.00
     121.471     0.985938       114200        71.11
     126.335     0.987500       114383        80.00
     131.967     0.989062       114565        91.43
     139.007     0.990625       114745       106.67
     146.303     0.992188       114923       128.00
     152.063     0.992969       115016       142.22
     156.927     0.993750       115105       160.00
     163.327     0.994531       115196       182.86
     170.879     0.995313       115286       213.33
     178.303     0.996094       115376       256.00
     183.167     0.996484       115420       284.44
     188.287     0.996875       115468       320.00
     193.407     0.997266       115511       365.71
     201.983     0.997656       115556       426.67
     209.023     0.998047       115601       512.00
     214.911     0.998242       115625       568.89
     223.103     0.998437       115647       640.00
     227.839     0.998633       115669       731.43
     237.439     0.998828       115692       853.33
     243.967     0.999023       115714      1024.00
     249.599     0.999121       115726      1137.78
     255.615     0.999219       115737      1280.00
     259.711     0.999316       115748      1462.86
     269.055     0.999414       115760      1706.67
     276.991     0.999512       115771      2048.00
     281.343     0.999561       115777      2275.56
     286.975     0.999609       115782      2560.00
     295.423     0.999658       115788      2925.71
     300.799     0.999707       115794      3413.33
     306.687     0.999756       115799      4096.00
     317.695     0.999780       115802      4551.11
     320.767     0.999805       115806      5120.00
     323.839     0.999829       115808      5851.43
     331.007     0.999854       115811      6826.67
     336.639     0.999878       115813      8192.00
     362.239     0.999890       115815      9102.22
     371.711     0.999902       115816     10240.00
     868.351     0.999915       115818     11702.86
    1360.895     0.999927       115819     13653.33
    1852.415     0.999939       115820     16384.00
    2332.671     0.999945       115821     18204.44
    2818.047     0.999951       115822     20480.00
    3289.087     0.999957       115823     23405.71
    3289.087     0.999963       115823     27306.67
    3717.119     0.999969       115824     32768.00
    3717.119     0.999973       115824     36408.89
    4145.151     0.999976       115825     40960.00
    4145.151     0.999979       115825     46811.43
    4145.151     0.999982       115825     54613.33
    4591.615     0.999985       115826     65536.00
    4591.615     0.999986       115826     72817.78
    4591.615     0.999988       115826     81920.00
    4591.615     0.999989       115826     93622.86
    4591.615     0.999991       115826    109226.67
    5054.463     0.999992       115827    131072.00
    5054.463     1.000000       115827          inf
#[Mean    =       35.983, StdDeviation   =       39.605]
#[Max     =     5050.368, Total count    =       115827]
#[Buckets =           27, SubBuckets     =         2048]
----------------------------------------------------------
  119908 requests in 5.00m, 58.50MB read
  Socket errors: connect 0, read 0, write 0, timeout 2
Requests/sec:    399.65
Transfer/sec:    199.65KB
