Running 5m test @ http://face/
  8 threads and 200 connections
  Thread calibration: mean lat.: 12.692ms, rate sampling interval: 54ms
  Thread calibration: mean lat.: 29.622ms, rate sampling interval: 75ms
  Thread calibration: mean lat.: 12.072ms, rate sampling interval: 51ms
  Thread calibration: mean lat.: 12.539ms, rate sampling interval: 52ms
  Thread calibration: mean lat.: 12.272ms, rate sampling interval: 50ms
  Thread calibration: mean lat.: 11.986ms, rate sampling interval: 49ms
  Thread calibration: mean lat.: 12.720ms, rate sampling interval: 54ms
  Thread calibration: mean lat.: 32.015ms, rate sampling interval: 80ms
  Thread Stats   Avg      Stdev     Max   +/- Stdev
    Latency    38.50ms   50.18ms   1.07s    91.36%
    Req/Sec    50.34     93.26   450.00     82.95%
  Latency Distribution (HdrHistogram - Recorded Latency)
 50.000%   25.92ms
 75.000%   43.10ms
 90.000%   81.92ms
 99.000%  262.40ms
 99.900%  500.48ms
 99.990%  682.49ms
 99.999%    1.06s 
100.000%    1.07s 

  Detailed Percentile spectrum:
       Value   Percentile   TotalCount 1/(1-Percentile)

       4.359     0.000000            1         1.00
       7.387     0.100000        11581         1.11
       8.815     0.200000        23164         1.25
      12.903     0.300000        34752         1.43
      19.663     0.400000        46335         1.67
      25.919     0.500000        57911         2.00
      28.671     0.550000        63714         2.22
      31.439     0.600000        69498         2.50
      34.303     0.650000        75295         2.86
      38.015     0.700000        81092         3.33
      43.103     0.750000        86867         4.00
      46.431     0.775000        89764         4.44
      50.143     0.800000        92658         5.00
      54.943     0.825000        95541         5.71
      61.759     0.850000        98438         6.67
      70.911     0.875000       101331         8.00
      76.159     0.887500       102782         8.89
      81.919     0.900000       104236        10.00
      88.191     0.912500       105683        11.43
      95.039     0.925000       107138        13.33
     104.127     0.937500       108569        16.00
     110.399     0.943750       109294        17.78
     117.631     0.950000       110020        20.00
     126.207     0.956250       110744        22.86
     136.831     0.962500       111467        26.67
     150.271     0.968750       112192        32.00
     157.823     0.971875       112552        35.56
     166.527     0.975000       112913        40.00
     176.639     0.978125       113274        45.71
     189.823     0.981250       113638        53.33
     207.743     0.984375       113997        64.00
     219.903     0.985938       114183        71.11
     234.111     0.987500       114359        80.00
     251.007     0.989062       114541        91.43
     270.847     0.990625       114722       106.67
     298.495     0.992188       114904       128.00
     312.831     0.992969       114995       142.22
     328.191     0.993750       115083       160.00
     346.367     0.994531       115173       182.86
     365.311     0.995313       115264       213.33
     382.719     0.996094       115355       256.00
     392.959     0.996484       115399       284.44
     404.991     0.996875       115446       320.00
     417.279     0.997266       115490       365.71
     427.775     0.997656       115535       426.67
     443.391     0.998047       115580       512.00
     453.119     0.998242       115603       568.89
     460.287     0.998437       115626       640.00
     470.527     0.998633       115648       731.43
     483.327     0.998828       115671       853.33
     502.015     0.999023       115693      1024.00
     515.327     0.999121       115705      1137.78
     532.991     0.999219       115716      1280.00
     538.623     0.999316       115727      1462.86
     550.911     0.999414       115739      1706.67
     573.951     0.999512       115750      2048.00
     586.239     0.999561       115756      2275.56
     590.847     0.999609       115761      2560.00
     602.111     0.999658       115767      2925.71
     610.815     0.999707       115773      3413.33
     621.055     0.999756       115778      4096.00
     631.807     0.999780       115781      4551.11
     638.463     0.999805       115784      5120.00
     647.679     0.999829       115787      5851.43
     650.751     0.999854       115790      6826.67
     664.575     0.999878       115792      8192.00
     682.495     0.999890       115794      9102.22
     683.007     0.999902       115795     10240.00
     690.687     0.999915       115797     11702.86
     707.583     0.999927       115798     13653.33
     716.287     0.999939       115799     16384.00
     717.311     0.999945       115800     18204.44
     722.431     0.999951       115801     20480.00
     741.887     0.999957       115802     23405.71
     741.887     0.999963       115802     27306.67
     851.455     0.999969       115803     32768.00
     851.455     0.999973       115803     36408.89
    1044.991     0.999976       115804     40960.00
    1044.991     0.999979       115804     46811.43
    1044.991     0.999982       115804     54613.33
    1059.839     0.999985       115805     65536.00
    1059.839     0.999986       115805     72817.78
    1059.839     0.999988       115805     81920.00
    1059.839     0.999989       115805     93622.86
    1059.839     0.999991       115805    109226.67
    1070.079     0.999992       115806    131072.00
    1070.079     1.000000       115806          inf
#[Mean    =       38.497, StdDeviation   =       50.181]
#[Max     =     1069.056, Total count    =       115806]
#[Buckets =           27, SubBuckets     =         2048]
----------------------------------------------------------
  119916 requests in 5.00m, 58.48MB read
Requests/sec:    399.65
Transfer/sec:    199.59KB
