Running 5m test @ http://face/
  8 threads and 200 connections
  Thread calibration: mean lat.: 57.815ms, rate sampling interval: 168ms
  Thread calibration: mean lat.: 57.457ms, rate sampling interval: 168ms
  Thread calibration: mean lat.: 58.833ms, rate sampling interval: 171ms
  Thread calibration: mean lat.: 57.580ms, rate sampling interval: 170ms
  Thread calibration: mean lat.: 56.650ms, rate sampling interval: 167ms
  Thread calibration: mean lat.: 56.508ms, rate sampling interval: 162ms
  Thread calibration: mean lat.: 59.691ms, rate sampling interval: 174ms
  Thread calibration: mean lat.: 28.398ms, rate sampling interval: 79ms
  Thread Stats   Avg      Stdev     Max   +/- Stdev
    Latency   104.10ms   88.58ms   5.03s    87.32%
    Req/Sec    49.78     60.56   320.00     85.14%
  Latency Distribution (HdrHistogram - Recorded Latency)
 50.000%   76.74ms
 75.000%  126.40ms
 90.000%  213.38ms
 99.000%  410.37ms
 99.900%  542.21ms
 99.990%  903.17ms
 99.999%    4.61s 
100.000%    5.03s 

  Detailed Percentile spectrum:
       Value   Percentile   TotalCount 1/(1-Percentile)

       8.103     0.000000            1         1.00
      33.183     0.100000        11610         1.11
      46.175     0.200000        23182         1.25
      56.895     0.300000        34797         1.43
      66.559     0.400000        46380         1.67
      76.735     0.500000        57991         2.00
      82.623     0.550000        63739         2.22
      89.599     0.600000        69538         2.50
      98.751     0.650000        75346         2.86
     111.295     0.700000        81137         3.33
     126.399     0.750000        86923         4.00
     134.783     0.775000        89833         4.44
     144.127     0.800000        92707         5.00
     155.391     0.825000        95629         5.71
     168.959     0.850000        98503         6.67
     187.647     0.875000       101404         8.00
     199.679     0.887500       102853         8.89
     213.375     0.900000       104298        10.00
     229.631     0.912500       105742        11.43
     247.807     0.925000       107194        13.33
     269.055     0.937500       108648        16.00
     279.807     0.943750       109368        17.78
     292.095     0.950000       110090        20.00
     305.663     0.956250       110818        22.86
     320.767     0.962500       111535        26.67
     337.407     0.968750       112262        32.00
     345.599     0.971875       112625        35.56
     354.559     0.975000       112984        40.00
     363.775     0.978125       113349        45.71
     374.271     0.981250       113708        53.33
     385.279     0.984375       114070        64.00
     390.911     0.985938       114250        71.11
     398.335     0.987500       114436        80.00
     405.503     0.989062       114612        91.43
     413.183     0.990625       114798       106.67
     422.655     0.992188       114978       128.00
     428.543     0.992969       115065       142.22
     435.455     0.993750       115159       160.00
     442.879     0.994531       115250       182.86
     451.583     0.995313       115337       213.33
     461.055     0.996094       115427       256.00
     468.479     0.996484       115472       284.44
     475.391     0.996875       115520       320.00
     483.071     0.997266       115563       365.71
     491.007     0.997656       115611       426.67
     498.175     0.998047       115653       512.00
     508.159     0.998242       115677       568.89
     516.095     0.998437       115698       640.00
     523.519     0.998633       115721       731.43
     534.015     0.998828       115744       853.33
     544.255     0.999023       115767      1024.00
     551.423     0.999121       115778      1137.78
     562.687     0.999219       115789      1280.00
     568.319     0.999316       115801      1462.86
     591.871     0.999414       115812      1706.67
     604.159     0.999512       115823      2048.00
     612.351     0.999561       115829      2275.56
     620.543     0.999609       115835      2560.00
     626.687     0.999658       115840      2925.71
     635.903     0.999707       115846      3413.33
     660.991     0.999756       115851      4096.00
     675.327     0.999780       115854      4551.11
     692.223     0.999805       115857      5120.00
     718.847     0.999829       115860      5851.43
     733.695     0.999854       115863      6826.67
     760.319     0.999878       115865      8192.00
     903.167     0.999890       115867      9102.22
     912.383     0.999902       115868     10240.00
    1224.703     0.999915       115870     11702.86
    1245.183     0.999927       115871     13653.33
    1709.055     0.999939       115872     16384.00
    2197.503     0.999945       115873     18204.44
    2693.119     0.999951       115874     20480.00
    3188.735     0.999957       115875     23405.71
    3188.735     0.999963       115875     27306.67
    3684.351     0.999969       115876     32768.00
    3684.351     0.999973       115876     36408.89
    4173.823     0.999976       115877     40960.00
    4173.823     0.999979       115877     46811.43
    4173.823     0.999982       115877     54613.33
    4612.095     0.999985       115878     65536.00
    4612.095     0.999986       115878     72817.78
    4612.095     0.999988       115878     81920.00
    4612.095     0.999989       115878     93622.86
    4612.095     0.999991       115878    109226.67
    5033.983     0.999992       115879    131072.00
    5033.983     1.000000       115879          inf
#[Mean    =      104.104, StdDeviation   =       88.576]
#[Max     =     5029.888, Total count    =       115879]
#[Buckets =           27, SubBuckets     =         2048]
----------------------------------------------------------
  119958 requests in 5.00m, 58.56MB read
  Socket errors: connect 0, read 0, write 0, timeout 2
Requests/sec:    399.81
Transfer/sec:    199.86KB
