Running 5m test @ http://face/
  8 threads and 200 connections
  Thread calibration: mean lat.: 53.947ms, rate sampling interval: 157ms
  Thread calibration: mean lat.: 55.750ms, rate sampling interval: 162ms
  Thread calibration: mean lat.: 56.144ms, rate sampling interval: 158ms
  Thread calibration: mean lat.: 54.624ms, rate sampling interval: 157ms
  Thread calibration: mean lat.: 55.368ms, rate sampling interval: 156ms
  Thread calibration: mean lat.: 55.422ms, rate sampling interval: 157ms
  Thread calibration: mean lat.: 55.902ms, rate sampling interval: 161ms
  Thread calibration: mean lat.: 54.946ms, rate sampling interval: 161ms
  Thread Stats   Avg      Stdev     Max   +/- Stdev
    Latency    98.34ms   69.70ms   1.11s    83.85%
    Req/Sec    49.82     50.34   161.00     79.62%
  Latency Distribution (HdrHistogram - Recorded Latency)
 50.000%   75.26ms
 75.000%  121.54ms
 90.000%  191.36ms
 99.000%  361.21ms
 99.900%  461.82ms
 99.990%  647.17ms
 99.999%  932.86ms
100.000%    1.11s 

  Detailed Percentile spectrum:
       Value   Percentile   TotalCount 1/(1-Percentile)

       7.343     0.000000            1         1.00
      38.623     0.100000        11601         1.11
      48.255     0.200000        23196         1.25
      56.703     0.300000        34803         1.43
      65.439     0.400000        46387         1.67
      75.263     0.500000        57962         2.00
      81.407     0.550000        63782         2.22
      88.767     0.600000        69584         2.50
      97.791     0.650000        75347         2.86
     108.799     0.700000        81133         3.33
     121.535     0.750000        86931         4.00
     128.895     0.775000        89825         4.44
     136.959     0.800000        92722         5.00
     146.431     0.825000        95638         5.71
     157.439     0.850000        98544         6.67
     172.159     0.875000       101429         8.00
     180.991     0.887500       102863         8.89
     191.359     0.900000       104319        10.00
     202.367     0.912500       105760        11.43
     214.655     0.925000       107217        13.33
     228.607     0.937500       108665        16.00
     235.775     0.943750       109389        17.78
     244.095     0.950000       110122        20.00
     252.799     0.956250       110831        22.86
     263.423     0.962500       111553        26.67
     277.247     0.968750       112279        32.00
     284.927     0.971875       112649        35.56
     292.863     0.975000       113004        40.00
     303.615     0.978125       113371        45.71
     315.135     0.981250       113729        53.33
     330.239     0.984375       114090        64.00
     337.919     0.985938       114272        71.11
     346.623     0.987500       114453        80.00
     355.583     0.989062       114634        91.43
     365.311     0.990625       114817       106.67
     375.039     0.992188       114997       128.00
     380.415     0.992969       115089       142.22
     385.791     0.993750       115177       160.00
     392.447     0.994531       115266       182.86
     400.639     0.995313       115357       213.33
     408.319     0.996094       115448       256.00
     413.183     0.996484       115493       284.44
     417.023     0.996875       115537       320.00
     423.167     0.997266       115585       365.71
     429.055     0.997656       115628       426.67
     437.247     0.998047       115674       512.00
     441.087     0.998242       115697       568.89
     445.439     0.998437       115718       640.00
     450.815     0.998633       115741       731.43
     456.703     0.998828       115766       853.33
     462.847     0.999023       115787      1024.00
     467.967     0.999121       115799      1137.78
     473.599     0.999219       115809      1280.00
     479.231     0.999316       115820      1462.86
     487.423     0.999414       115832      1706.67
     503.807     0.999512       115843      2048.00
     514.303     0.999561       115849      2275.56
     517.119     0.999609       115854      2560.00
     524.287     0.999658       115860      2925.71
     541.183     0.999707       115866      3413.33
     560.127     0.999756       115871      4096.00
     578.559     0.999780       115876      4551.11
     581.631     0.999805       115877      5120.00
     589.311     0.999829       115880      5851.43
     605.695     0.999854       115883      6826.67
     636.927     0.999878       115885      8192.00
     647.167     0.999890       115887      9102.22
     650.239     0.999902       115888     10240.00
     654.335     0.999915       115890     11702.86
     668.159     0.999927       115891     13653.33
     672.255     0.999939       115892     16384.00
     759.295     0.999945       115893     18204.44
     759.807     0.999951       115894     20480.00
     777.727     0.999957       115895     23405.71
     777.727     0.999963       115895     27306.67
     785.919     0.999969       115896     32768.00
     785.919     0.999973       115896     36408.89
     795.135     0.999976       115897     40960.00
     795.135     0.999979       115897     46811.43
     795.135     0.999982       115897     54613.33
     932.863     0.999985       115898     65536.00
     932.863     0.999986       115898     72817.78
     932.863     0.999988       115898     81920.00
     932.863     0.999989       115898     93622.86
     932.863     0.999991       115898    109226.67
    1108.991     0.999992       115899    131072.00
    1108.991     1.000000       115899          inf
#[Mean    =       98.336, StdDeviation   =       69.702]
#[Max     =     1107.968, Total count    =       115899]
#[Buckets =           27, SubBuckets     =         2048]
----------------------------------------------------------
  120008 requests in 5.00m, 58.59MB read
Requests/sec:    399.94
Transfer/sec:    199.94KB
