Running 5m test @ http://face/
  8 threads and 200 connections
  Thread calibration: mean lat.: 21.720ms, rate sampling interval: 85ms
  Thread calibration: mean lat.: 22.097ms, rate sampling interval: 84ms
  Thread calibration: mean lat.: 22.576ms, rate sampling interval: 87ms
  Thread calibration: mean lat.: 21.821ms, rate sampling interval: 84ms
  Thread calibration: mean lat.: 41.722ms, rate sampling interval: 107ms
  Thread calibration: mean lat.: 21.923ms, rate sampling interval: 87ms
  Thread calibration: mean lat.: 45.278ms, rate sampling interval: 109ms
  Thread calibration: mean lat.: 22.014ms, rate sampling interval: 84ms
  Thread Stats   Avg      Stdev     Max   +/- Stdev
    Latency    55.72ms   49.29ms   1.08s    88.15%
    Req/Sec    50.00     78.44   282.00     81.99%
  Latency Distribution (HdrHistogram - Recorded Latency)
 50.000%   43.17ms
 75.000%   68.74ms
 90.000%  109.50ms
 99.000%  256.00ms
 99.900%  347.39ms
 99.990%  414.72ms
 99.999%  593.92ms
100.000%    1.08s 

  Detailed Percentile spectrum:
       Value   Percentile   TotalCount 1/(1-Percentile)

       4.695     0.000000            1         1.00
      10.871     0.100000        11590         1.11
      21.215     0.200000        23164         1.25
      29.711     0.300000        34770         1.43
      36.735     0.400000        46379         1.67
      43.167     0.500000        57931         2.00
      46.335     0.550000        63738         2.22
      49.919     0.600000        69518         2.50
      54.399     0.650000        75289         2.86
      60.639     0.700000        81075         3.33
      68.735     0.750000        86876         4.00
      73.151     0.775000        89785         4.44
      77.887     0.800000        92674         5.00
      83.263     0.825000        95563         5.71
      89.599     0.850000        98463         6.67
      97.663     0.875000       101360         8.00
     102.783     0.887500       102802         8.89
     109.503     0.900000       104247        10.00
     117.759     0.912500       105696        11.43
     128.575     0.925000       107137        13.33
     141.183     0.937500       108588        16.00
     148.607     0.943750       109316        17.78
     157.311     0.950000       110041        20.00
     167.039     0.956250       110757        22.86
     177.279     0.962500       111482        26.67
     188.799     0.968750       112203        32.00
     195.839     0.971875       112566        35.56
     203.647     0.975000       112930        40.00
     211.711     0.978125       113291        45.71
     220.799     0.981250       113650        53.33
     232.063     0.984375       114010        64.00
     237.951     0.985938       114192        71.11
     244.479     0.987500       114371        80.00
     252.159     0.989062       114554        91.43
     259.071     0.990625       114734       106.67
     268.031     0.992188       114914       128.00
     272.895     0.992969       115006       142.22
     278.783     0.993750       115098       160.00
     285.183     0.994531       115187       182.86
     291.839     0.995313       115278       213.33
     298.495     0.996094       115366       256.00
     303.103     0.996484       115413       284.44
     308.479     0.996875       115459       320.00
     313.087     0.997266       115503       365.71
     318.719     0.997656       115547       426.67
     326.399     0.998047       115592       512.00
     329.471     0.998242       115615       568.89
     335.359     0.998437       115639       640.00
     339.199     0.998633       115660       731.43
     343.807     0.998828       115685       853.33
     348.159     0.999023       115706      1024.00
     351.999     0.999121       115717      1137.78
     354.559     0.999219       115728      1280.00
     359.679     0.999316       115739      1462.86
     365.311     0.999414       115751      1706.67
     373.503     0.999512       115762      2048.00
     379.135     0.999561       115769      2275.56
     380.671     0.999609       115773      2560.00
     386.559     0.999658       115779      2925.71
     389.887     0.999707       115786      3413.33
     391.679     0.999756       115790      4096.00
     397.823     0.999780       115793      4551.11
     401.151     0.999805       115796      5120.00
     403.711     0.999829       115799      5851.43
     409.599     0.999854       115802      6826.67
     411.903     0.999878       115804      8192.00
     414.719     0.999890       115806      9102.22
     418.047     0.999902       115807     10240.00
     435.199     0.999915       115809     11702.86
     444.415     0.999927       115810     13653.33
     448.255     0.999939       115811     16384.00
     450.815     0.999945       115812     18204.44
     452.095     0.999951       115813     20480.00
     453.119     0.999957       115814     23405.71
     453.119     0.999963       115814     27306.67
     453.887     0.999969       115815     32768.00
     453.887     0.999973       115815     36408.89
     472.831     0.999976       115816     40960.00
     472.831     0.999979       115816     46811.43
     472.831     0.999982       115816     54613.33
     593.919     0.999985       115817     65536.00
     593.919     0.999986       115817     72817.78
     593.919     0.999988       115817     81920.00
     593.919     0.999989       115817     93622.86
     593.919     0.999991       115817    109226.67
    1084.415     0.999992       115818    131072.00
    1084.415     1.000000       115818          inf
#[Mean    =       55.720, StdDeviation   =       49.288]
#[Max     =     1083.392, Total count    =       115818]
#[Buckets =           27, SubBuckets     =         2048]
----------------------------------------------------------
  119910 requests in 5.00m, 58.51MB read
Requests/sec:    399.58
Transfer/sec:    199.64KB
