Running 5m test @ http://face/
  8 threads and 200 connections
  Thread calibration: mean lat.: 45.367ms, rate sampling interval: 128ms
  Thread calibration: mean lat.: 46.018ms, rate sampling interval: 130ms
  Thread calibration: mean lat.: 32.737ms, rate sampling interval: 87ms
  Thread calibration: mean lat.: 47.096ms, rate sampling interval: 135ms
  Thread calibration: mean lat.: 45.828ms, rate sampling interval: 131ms
  Thread calibration: mean lat.: 46.782ms, rate sampling interval: 134ms
  Thread calibration: mean lat.: 46.216ms, rate sampling interval: 131ms
  Thread calibration: mean lat.: 47.279ms, rate sampling interval: 135ms
  Thread Stats   Avg      Stdev     Max   +/- Stdev
    Latency    87.08ms   69.46ms   1.09s    86.27%
    Req/Sec    49.88     62.22   290.00     81.97%
  Latency Distribution (HdrHistogram - Recorded Latency)
 50.000%   62.27ms
 75.000%  110.46ms
 90.000%  179.97ms
 99.000%  349.70ms
 99.900%  460.29ms
 99.990%  630.27ms
 99.999%    1.06s 
100.000%    1.09s 

  Detailed Percentile spectrum:
       Value   Percentile   TotalCount 1/(1-Percentile)

       9.919     0.000000            1         1.00
      29.919     0.100000        11599         1.11
      37.375     0.200000        23213         1.25
      44.799     0.300000        34794         1.43
      52.863     0.400000        46379         1.67
      62.271     0.500000        57960         2.00
      68.031     0.550000        63756         2.22
      74.943     0.600000        69545         2.50
      84.159     0.650000        75316         2.86
      96.383     0.700000        81117         3.33
     110.463     0.750000        86924         4.00
     118.143     0.775000        89807         4.44
     126.335     0.800000        92701         5.00
     135.807     0.825000        95619         5.71
     146.815     0.850000        98494         6.67
     161.407     0.875000       101394         8.00
     169.983     0.887500       102844         8.89
     179.967     0.900000       104297        10.00
     190.975     0.912500       105732        11.43
     203.391     0.925000       107192        13.33
     217.087     0.937500       108629        16.00
     225.151     0.943750       109359        17.78
     233.471     0.950000       110085        20.00
     241.791     0.956250       110802        22.86
     252.415     0.962500       111523        26.67
     264.703     0.968750       112250        32.00
     272.127     0.971875       112611        35.56
     281.087     0.975000       112972        40.00
     291.071     0.978125       113336        45.71
     303.359     0.981250       113701        53.33
     317.183     0.984375       114068        64.00
     324.095     0.985938       114241        71.11
     333.567     0.987500       114421        80.00
     343.039     0.989062       114603        91.43
     354.303     0.990625       114785       106.67
     364.543     0.992188       114964       128.00
     371.455     0.992969       115058       142.22
     378.111     0.993750       115148       160.00
     386.303     0.994531       115235       182.86
     392.959     0.995313       115325       213.33
     401.151     0.996094       115416       256.00
     406.527     0.996484       115462       284.44
     412.159     0.996875       115508       320.00
     416.511     0.997266       115552       365.71
     424.447     0.997656       115599       426.67
     431.359     0.998047       115642       512.00
     435.967     0.998242       115665       568.89
     440.575     0.998437       115687       640.00
     447.231     0.998633       115710       731.43
     453.631     0.998828       115733       853.33
     462.335     0.999023       115755      1024.00
     467.967     0.999121       115767      1137.78
     470.527     0.999219       115778      1280.00
     475.903     0.999316       115789      1462.86
     482.559     0.999414       115801      1706.67
     492.799     0.999512       115812      2048.00
     499.455     0.999561       115819      2275.56
     503.039     0.999609       115823      2560.00
     514.303     0.999658       115829      2925.71
     530.431     0.999707       115835      3413.33
     546.303     0.999756       115840      4096.00
     553.983     0.999780       115843      4551.11
     583.679     0.999805       115846      5120.00
     603.135     0.999829       115850      5851.43
     622.079     0.999854       115852      6826.67
     623.615     0.999878       115854      8192.00
     630.271     0.999890       115856      9102.22
     643.583     0.999902       115857     10240.00
     664.575     0.999915       115859     11702.86
     672.255     0.999927       115860     13653.33
     673.279     0.999939       115861     16384.00
     677.375     0.999945       115862     18204.44
     681.471     0.999951       115863     20480.00
     703.487     0.999957       115864     23405.71
     703.487     0.999963       115864     27306.67
     763.903     0.999969       115865     32768.00
     763.903     0.999973       115865     36408.89
     797.695     0.999976       115866     40960.00
     797.695     0.999979       115866     46811.43
     797.695     0.999982       115866     54613.33
    1064.959     0.999985       115867     65536.00
    1064.959     0.999986       115867     72817.78
    1064.959     0.999988       115867     81920.00
    1064.959     0.999989       115867     93622.86
    1064.959     0.999991       115867    109226.67
    1086.463     0.999992       115868    131072.00
    1086.463     1.000000       115868          inf
#[Mean    =       87.082, StdDeviation   =       69.462]
#[Max     =     1085.440, Total count    =       115868]
#[Buckets =           27, SubBuckets     =         2048]
----------------------------------------------------------
  119958 requests in 5.00m, 58.57MB read
Requests/sec:    399.78
Transfer/sec:    199.86KB
