Running 5m test @ http://face/
  8 threads and 200 connections
  Thread calibration: mean lat.: 48.860ms, rate sampling interval: 149ms
  Thread calibration: mean lat.: 48.711ms, rate sampling interval: 147ms
  Thread calibration: mean lat.: 50.423ms, rate sampling interval: 153ms
  Thread calibration: mean lat.: 49.146ms, rate sampling interval: 149ms
  Thread calibration: mean lat.: 51.675ms, rate sampling interval: 153ms
  Thread calibration: mean lat.: 49.613ms, rate sampling interval: 151ms
  Thread calibration: mean lat.: 50.683ms, rate sampling interval: 152ms
  Thread calibration: mean lat.: 45.009ms, rate sampling interval: 123ms
  Thread Stats   Avg      Stdev     Max   +/- Stdev
    Latency   104.92ms   83.63ms   1.24s    85.63%
    Req/Sec    49.84     55.11   204.00     81.14%
  Latency Distribution (HdrHistogram - Recorded Latency)
 50.000%   74.05ms
 75.000%  128.26ms
 90.000%  219.52ms
 99.000%  406.78ms
 99.900%  527.87ms
 99.990%  699.39ms
 99.999%    1.07s 
100.000%    1.24s 

  Detailed Percentile spectrum:
       Value   Percentile   TotalCount 1/(1-Percentile)

       7.547     0.000000            1         1.00
      38.047     0.100000        11610         1.11
      47.615     0.200000        23190         1.25
      55.615     0.300000        34765         1.43
      63.903     0.400000        46377         1.67
      74.047     0.500000        58010         2.00
      80.639     0.550000        63762         2.22
      89.215     0.600000        69558         2.50
     100.287     0.650000        75326         2.86
     113.727     0.700000        81137         3.33
     128.255     0.750000        86920         4.00
     136.831     0.775000        89825         4.44
     146.175     0.800000        92724         5.00
     158.207     0.825000        95606         5.71
     173.567     0.850000        98503         6.67
     193.151     0.875000       101398         8.00
     205.439     0.887500       102848         8.89
     219.519     0.900000       104295        10.00
     235.135     0.912500       105741        11.43
     252.415     0.925000       107197        13.33
     272.127     0.937500       108635        16.00
     283.391     0.943750       109374        17.78
     294.911     0.950000       110093        20.00
     307.967     0.956250       110818        22.86
     322.047     0.962500       111542        26.67
     336.639     0.968750       112260        32.00
     344.319     0.971875       112620        35.56
     352.511     0.975000       112982        40.00
     360.959     0.978125       113344        45.71
     370.431     0.981250       113714        53.33
     380.927     0.984375       114068        64.00
     386.815     0.985938       114249        71.11
     394.239     0.987500       114431        80.00
     401.407     0.989062       114612        91.43
     410.623     0.990625       114792       106.67
     418.303     0.992188       114972       128.00
     423.679     0.992969       115065       142.22
     430.079     0.993750       115154       160.00
     436.991     0.994531       115246       182.86
     444.927     0.995313       115335       213.33
     453.119     0.996094       115429       256.00
     457.983     0.996484       115471       284.44
     463.359     0.996875       115517       320.00
     470.527     0.997266       115563       365.71
     476.159     0.997656       115607       426.67
     484.863     0.998047       115653       512.00
     489.983     0.998242       115675       568.89
     495.359     0.998437       115696       640.00
     502.527     0.998633       115719       731.43
     515.071     0.998828       115744       853.33
     530.431     0.999023       115764      1024.00
     540.159     0.999121       115777      1137.78
     544.767     0.999219       115787      1280.00
     551.423     0.999316       115798      1462.86
     566.271     0.999414       115810      1706.67
     574.463     0.999512       115821      2048.00
     585.215     0.999561       115827      2275.56
     589.311     0.999609       115833      2560.00
     594.943     0.999658       115838      2925.71
     603.647     0.999707       115844      3413.33
     610.815     0.999756       115849      4096.00
     617.471     0.999780       115852      4551.11
     628.223     0.999805       115855      5120.00
     646.143     0.999829       115858      5851.43
     663.039     0.999854       115861      6826.67
     672.767     0.999878       115863      8192.00
     699.391     0.999890       115865      9102.22
     712.703     0.999902       115866     10240.00
     719.871     0.999915       115868     11702.86
     740.351     0.999927       115869     13653.33
     763.903     0.999939       115870     16384.00
     799.743     0.999945       115871     18204.44
     827.903     0.999951       115872     20480.00
     840.703     0.999957       115873     23405.71
     840.703     0.999963       115873     27306.67
     844.799     0.999969       115874     32768.00
     844.799     0.999973       115874     36408.89
     883.199     0.999976       115875     40960.00
     883.199     0.999979       115875     46811.43
     883.199     0.999982       115875     54613.33
    1071.103     0.999985       115876     65536.00
    1071.103     0.999986       115876     72817.78
    1071.103     0.999988       115876     81920.00
    1071.103     0.999989       115876     93622.86
    1071.103     0.999991       115876    109226.67
    1243.135     0.999992       115877    131072.00
    1243.135     1.000000       115877          inf
#[Mean    =      104.921, StdDeviation   =       83.627]
#[Max     =     1242.112, Total count    =       115877]
#[Buckets =           27, SubBuckets     =         2048]
----------------------------------------------------------
  119958 requests in 5.00m, 58.57MB read
Requests/sec:    399.72
Transfer/sec:    199.87KB
