Running 5m test @ http://face/
  8 threads and 200 connections
  Thread calibration: mean lat.: 15.966ms, rate sampling interval: 57ms
  Thread calibration: mean lat.: 16.491ms, rate sampling interval: 59ms
  Thread calibration: mean lat.: 15.916ms, rate sampling interval: 60ms
  Thread calibration: mean lat.: 16.559ms, rate sampling interval: 61ms
  Thread calibration: mean lat.: 15.757ms, rate sampling interval: 60ms
  Thread calibration: mean lat.: 16.594ms, rate sampling interval: 60ms
  Thread calibration: mean lat.: 16.039ms, rate sampling interval: 62ms
  Thread calibration: mean lat.: 30.064ms, rate sampling interval: 77ms
  Thread Stats   Avg      Stdev     Max   +/- Stdev
    Latency    44.44ms   53.66ms   5.20s    90.10%
    Req/Sec    50.28     91.51   423.00     82.80%
  Latency Distribution (HdrHistogram - Recorded Latency)
 50.000%   29.85ms
 75.000%   57.57ms
 90.000%   97.66ms
 99.000%  207.87ms
 99.900%  283.90ms
 99.990%  550.40ms
 99.999%    4.77s 
100.000%    5.20s 

  Detailed Percentile spectrum:
       Value   Percentile   TotalCount 1/(1-Percentile)

       4.967     0.000000            1         1.00
       9.255     0.100000        11603         1.11
      12.471     0.200000        23176         1.25
      18.111     0.300000        34763         1.43
      24.079     0.400000        46341         1.67
      29.855     0.500000        57905         2.00
      33.215     0.550000        63750         2.22
      37.151     0.600000        69509         2.50
      42.335     0.650000        75278         2.86
      49.343     0.700000        81085         3.33
      57.567     0.750000        86874         4.00
      62.111     0.775000        89761         4.44
      67.135     0.800000        92648         5.00
      72.895     0.825000        95546         5.71
      79.551     0.850000        98443         6.67
      87.551     0.875000       101347         8.00
      92.287     0.887500       102801         8.89
      97.663     0.900000       104228        10.00
     104.063     0.912500       105680        11.43
     111.743     0.925000       107130        13.33
     121.599     0.937500       108575        16.00
     127.103     0.943750       109303        17.78
     133.119     0.950000       110021        20.00
     140.543     0.956250       110754        22.86
     148.351     0.962500       111471        26.67
     157.311     0.968750       112201        32.00
     161.919     0.971875       112556        35.56
     167.551     0.975000       112918        40.00
     174.207     0.978125       113283        45.71
     180.735     0.981250       113644        53.33
     188.543     0.984375       113999        64.00
     193.407     0.985938       114180        71.11
     198.399     0.987500       114365        80.00
     203.775     0.989062       114543        91.43
     210.559     0.990625       114724       106.67
     216.959     0.992188       114905       128.00
     222.079     0.992969       114996       142.22
     226.559     0.993750       115087       160.00
     230.783     0.994531       115178       182.86
     235.519     0.995313       115266       213.33
     241.407     0.996094       115357       256.00
     244.479     0.996484       115402       284.44
     248.063     0.996875       115448       320.00
     252.287     0.997266       115493       365.71
     257.151     0.997656       115537       426.67
     262.911     0.998047       115584       512.00
     265.727     0.998242       115606       568.89
     270.079     0.998437       115629       640.00
     273.663     0.998633       115650       731.43
     277.503     0.998828       115675       853.33
     284.671     0.999023       115696      1024.00
     288.255     0.999121       115708      1137.78
     295.679     0.999219       115718      1280.00
     300.031     0.999316       115729      1462.86
     307.967     0.999414       115743      1706.67
     312.575     0.999512       115752      2048.00
     320.767     0.999561       115758      2275.56
     328.191     0.999609       115763      2560.00
     332.799     0.999658       115769      2925.71
     340.479     0.999707       115775      3413.33
     345.855     0.999756       115780      4096.00
     347.135     0.999780       115783      4551.11
     349.951     0.999805       115786      5120.00
     353.535     0.999829       115789      5851.43
     360.447     0.999854       115792      6826.67
     361.215     0.999878       115794      8192.00
     550.399     0.999890       115796      9102.22
     732.159     0.999902       115797     10240.00
    1217.535     0.999915       115799     11702.86
    1709.055     0.999927       115800     13653.33
    2201.599     0.999939       115801     16384.00
    2697.215     0.999945       115802     18204.44
    3186.687     0.999951       115803     20480.00
    3678.207     0.999957       115804     23405.71
    3678.207     0.999963       115804     27306.67
    4104.191     0.999969       115805     32768.00
    4104.191     0.999973       115805     36408.89
    4444.159     0.999976       115806     40960.00
    4444.159     0.999979       115806     46811.43
    4444.159     0.999982       115806     54613.33
    4767.743     0.999985       115807     65536.00
    4767.743     0.999986       115807     72817.78
    4767.743     0.999988       115807     81920.00
    4767.743     0.999989       115807     93622.86
    4767.743     0.999991       115807    109226.67
    5201.919     0.999992       115808    131072.00
    5201.919     1.000000       115808          inf
#[Mean    =       44.440, StdDeviation   =       53.662]
#[Max     =     5197.824, Total count    =       115808]
#[Buckets =           27, SubBuckets     =         2048]
----------------------------------------------------------
  119958 requests in 5.00m, 58.52MB read
  Socket errors: connect 0, read 0, write 0, timeout 1
Requests/sec:    399.81
Transfer/sec:    199.72KB
