Running 5m test @ http://face/
  8 threads and 200 connections
  Thread calibration: mean lat.: 9.283ms, rate sampling interval: 23ms
  Thread calibration: mean lat.: 9.444ms, rate sampling interval: 24ms
  Thread calibration: mean lat.: 9.255ms, rate sampling interval: 25ms
  Thread calibration: mean lat.: 9.532ms, rate sampling interval: 24ms
  Thread calibration: mean lat.: 9.285ms, rate sampling interval: 22ms
  Thread calibration: mean lat.: 9.535ms, rate sampling interval: 26ms
  Thread calibration: mean lat.: 15.256ms, rate sampling interval: 33ms
  Thread calibration: mean lat.: 9.315ms, rate sampling interval: 22ms
  Thread Stats   Avg      Stdev     Max   +/- Stdev
    Latency     9.15ms    2.53ms  29.84ms   79.40%
    Req/Sec    10.11     48.58   781.00     95.04%
  Latency Distribution (HdrHistogram - Recorded Latency)
 50.000%    8.45ms
 75.000%    9.76ms
 90.000%   13.41ms
 99.000%   16.77ms
 99.900%   21.15ms
 99.990%   28.14ms
 99.999%   29.85ms
100.000%   29.85ms

  Detailed Percentile spectrum:
       Value   Percentile   TotalCount 1/(1-Percentile)

       4.295     0.000000            1         1.00
       6.835     0.100000         2311         1.11
       7.335     0.200000         4621         1.25
       7.719     0.300000         6918         1.43
       8.075     0.400000         9221         1.67
       8.447     0.500000        11558         2.00
       8.647     0.550000        12670         2.22
       8.871     0.600000        13850         2.50
       9.111     0.650000        14997         2.86
       9.383     0.700000        16127         3.33
       9.759     0.750000        17290         4.00
       9.991     0.775000        17853         4.44
      10.287     0.800000        18432         5.00
      10.687     0.825000        19004         5.71
      11.311     0.850000        19582         6.67
      12.359     0.875000        20153         8.00
      12.919     0.887500        20445         8.89
      13.415     0.900000        20730        10.00
      13.847     0.912500        21021        11.43
      14.247     0.925000        21307        13.33
      14.639     0.937500        21597        16.00
      14.831     0.943750        21737        17.78
      15.039     0.950000        21883        20.00
      15.255     0.956250        22027        22.86
      15.447     0.962500        22170        26.67
      15.703     0.968750        22316        32.00
      15.815     0.971875        22385        35.56
      15.935     0.975000        22458        40.00
      16.079     0.978125        22532        45.71
      16.223     0.981250        22603        53.33
      16.399     0.984375        22674        64.00
      16.495     0.985938        22712        71.11
      16.591     0.987500        22747        80.00
      16.703     0.989062        22782        91.43
      16.815     0.990625        22819       106.67
      17.023     0.992188        22855       128.00
      17.087     0.992969        22871       142.22
      17.231     0.993750        22891       160.00
      17.359     0.994531        22909       182.86
      17.519     0.995313        22925       213.33
      17.823     0.996094        22943       256.00
      17.983     0.996484        22952       284.44
      18.207     0.996875        22963       320.00
      18.431     0.997266        22972       365.71
      18.671     0.997656        22979       426.67
      19.167     0.998047        22988       512.00
      19.279     0.998242        22992       568.89
      19.743     0.998437        22997       640.00
      20.431     0.998633        23001       731.43
      20.895     0.998828        23006       853.33
      21.279     0.999023        23010      1024.00
      21.679     0.999121        23012      1137.78
      22.143     0.999219        23015      1280.00
      23.071     0.999316        23017      1462.86
      24.383     0.999414        23019      1706.67
      24.575     0.999512        23021      2048.00
      24.783     0.999561        23022      2275.56
      25.775     0.999609        23024      2560.00
      26.143     0.999658        23025      2925.71
      26.207     0.999707        23026      3413.33
      26.303     0.999756        23028      4096.00
      26.303     0.999780        23028      4551.11
      26.303     0.999805        23028      5120.00
      27.263     0.999829        23029      5851.43
      27.263     0.999854        23029      6826.67
      28.143     0.999878        23030      8192.00
      28.143     0.999890        23030      9102.22
      28.143     0.999902        23030     10240.00
      29.103     0.999915        23031     11702.86
      29.103     0.999927        23031     13653.33
      29.103     0.999939        23031     16384.00
      29.103     0.999945        23031     18204.44
      29.103     0.999951        23031     20480.00
      29.855     0.999957        23032     23405.71
      29.855     1.000000        23032          inf
#[Mean    =        9.152, StdDeviation   =        2.534]
#[Max     =       29.840, Total count    =        23032]
#[Buckets =           27, SubBuckets     =         2048]
----------------------------------------------------------
  24007 requests in 5.00m, 11.70MB read
  Socket errors: connect 0, read 0, write 0, timeout 6000
Requests/sec:     79.99
Transfer/sec:     39.90KB
