Running 5m test @ http://face/
  8 threads and 200 connections
  Thread calibration: mean lat.: 8.716ms, rate sampling interval: 22ms
  Thread calibration: mean lat.: 8.766ms, rate sampling interval: 21ms
  Thread calibration: mean lat.: 9.085ms, rate sampling interval: 22ms
  Thread calibration: mean lat.: 9.040ms, rate sampling interval: 23ms
  Thread calibration: mean lat.: 8.935ms, rate sampling interval: 21ms
  Thread calibration: mean lat.: 14.254ms, rate sampling interval: 32ms
  Thread calibration: mean lat.: 9.105ms, rate sampling interval: 23ms
  Thread calibration: mean lat.: 8.677ms, rate sampling interval: 22ms
  Thread Stats   Avg      Stdev     Max   +/- Stdev
    Latency     9.19ms    2.44ms  30.14ms   77.98%
    Req/Sec    10.13     48.94   806.00     95.09%
  Latency Distribution (HdrHistogram - Recorded Latency)
 50.000%    8.54ms
 75.000%    9.91ms
 90.000%   13.06ms
 99.000%   16.91ms
 99.900%   19.71ms
 99.990%   23.06ms
 99.999%   30.16ms
100.000%   30.16ms

  Detailed Percentile spectrum:
       Value   Percentile   TotalCount 1/(1-Percentile)

       4.207     0.000000            1         1.00
       6.891     0.100000         2308         1.11
       7.391     0.200000         4612         1.25
       7.783     0.300000         6925         1.43
       8.147     0.400000         9225         1.67
       8.543     0.500000        11542         2.00
       8.751     0.550000        12695         2.22
       8.975     0.600000        13855         2.50
       9.231     0.650000        15005         2.86
       9.543     0.700000        16160         3.33
       9.911     0.750000        17283         4.00
      10.135     0.775000        17851         4.44
      10.423     0.800000        18427         5.00
      10.839     0.825000        19009         5.71
      11.391     0.850000        19578         6.67
      12.223     0.875000        20154         8.00
      12.663     0.887500        20441         8.89
      13.055     0.900000        20730        10.00
      13.471     0.912500        21021        11.43
      13.879     0.925000        21305        13.33
      14.287     0.937500        21598        16.00
      14.503     0.943750        21739        17.78
      14.751     0.950000        21882        20.00
      15.007     0.956250        22026        22.86
      15.263     0.962500        22173        26.67
      15.527     0.968750        22314        32.00
      15.663     0.971875        22385        35.56
      15.839     0.975000        22458        40.00
      15.991     0.978125        22530        45.71
      16.183     0.981250        22606        53.33
      16.415     0.984375        22673        64.00
      16.543     0.985938        22712        71.11
      16.671     0.987500        22748        80.00
      16.815     0.989062        22781        91.43
      17.039     0.990625        22820       106.67
      17.215     0.992188        22855       128.00
      17.327     0.992969        22872       142.22
      17.423     0.993750        22892       160.00
      17.615     0.994531        22907       182.86
      17.759     0.995313        22926       213.33
      17.951     0.996094        22944       256.00
      18.079     0.996484        22953       284.44
      18.175     0.996875        22961       320.00
      18.399     0.997266        22970       365.71
      18.591     0.997656        22979       426.67
      18.815     0.998047        22988       512.00
      19.039     0.998242        22992       568.89
      19.215     0.998437        22997       640.00
      19.359     0.998633        23001       731.43
      19.455     0.998828        23006       853.33
      19.743     0.999023        23010      1024.00
      19.775     0.999121        23012      1137.78
      19.807     0.999219        23015      1280.00
      19.903     0.999316        23017      1462.86
      20.031     0.999414        23019      1706.67
      20.111     0.999512        23021      2048.00
      20.127     0.999561        23022      2275.56
      20.415     0.999609        23024      2560.00
      20.575     0.999658        23025      2925.71
      20.943     0.999707        23026      3413.33
      21.407     0.999756        23027      4096.00
      21.407     0.999780        23027      4551.11
      21.583     0.999805        23028      5120.00
      22.191     0.999829        23029      5851.43
      22.191     0.999854        23029      6826.67
      23.055     0.999878        23030      8192.00
      23.055     0.999890        23030      9102.22
      23.055     0.999902        23030     10240.00
      24.959     0.999915        23031     11702.86
      24.959     0.999927        23031     13653.33
      24.959     0.999939        23031     16384.00
      24.959     0.999945        23031     18204.44
      24.959     0.999951        23031     20480.00
      30.159     0.999957        23032     23405.71
      30.159     1.000000        23032          inf
#[Mean    =        9.194, StdDeviation   =        2.445]
#[Max     =       30.144, Total count    =        23032]
#[Buckets =           27, SubBuckets     =         2048]
----------------------------------------------------------
  24007 requests in 5.00m, 11.69MB read
  Socket errors: connect 0, read 0, write 0, timeout 6000
Requests/sec:     79.99
Transfer/sec:     39.90KB
