Running 5m test @ http://face/
  8 threads and 200 connections
  Thread calibration: mean lat.: 9.743ms, rate sampling interval: 24ms
  Thread calibration: mean lat.: 9.567ms, rate sampling interval: 24ms
  Thread calibration: mean lat.: 9.896ms, rate sampling interval: 25ms
  Thread calibration: mean lat.: 10.006ms, rate sampling interval: 25ms
  Thread calibration: mean lat.: 9.874ms, rate sampling interval: 25ms
  Thread calibration: mean lat.: 9.690ms, rate sampling interval: 24ms
  Thread calibration: mean lat.: 9.738ms, rate sampling interval: 24ms
  Thread calibration: mean lat.: 9.587ms, rate sampling interval: 23ms
  Thread Stats   Avg      Stdev     Max   +/- Stdev
    Latency     9.81ms    2.11ms  30.27ms   73.45%
    Req/Sec    10.11     43.00   304.00     94.61%
  Latency Distribution (HdrHistogram - Recorded Latency)
 50.000%    9.48ms
 75.000%   10.85ms
 90.000%   12.45ms
 99.000%   16.58ms
 99.900%   21.63ms
 99.990%   29.85ms
 99.999%   30.29ms
100.000%   30.29ms

  Detailed Percentile spectrum:
       Value   Percentile   TotalCount 1/(1-Percentile)

       5.079     0.000000            1         1.00
       7.507     0.100000         2313         1.11
       8.115     0.200000         4618         1.25
       8.607     0.300000         6912         1.43
       9.047     0.400000         9232         1.67
       9.479     0.500000        11524         2.00
       9.719     0.550000        12678         2.22
       9.975     0.600000        13833         2.50
      10.247     0.650000        14978         2.86
      10.535     0.700000        16134         3.33
      10.863     0.750000        17283         4.00
      11.047     0.775000        17842         4.44
      11.263     0.800000        18418         5.00
      11.495     0.825000        18990         5.71
      11.759     0.850000        19567         6.67
      12.087     0.875000        20145         8.00
      12.247     0.887500        20428         8.89
      12.455     0.900000        20715        10.00
      12.711     0.912500        21005        11.43
      12.991     0.925000        21292        13.33
      13.327     0.937500        21585        16.00
      13.487     0.943750        21725        17.78
      13.695     0.950000        21868        20.00
      13.903     0.956250        22011        22.86
      14.167     0.962500        22153        26.67
      14.487     0.968750        22297        32.00
      14.655     0.971875        22371        35.56
      14.863     0.975000        22440        40.00
      15.119     0.978125        22512        45.71
      15.375     0.981250        22587        53.33
      15.735     0.984375        22656        64.00
      15.919     0.985938        22693        71.11
      16.167     0.987500        22730        80.00
      16.351     0.989062        22765        91.43
      16.719     0.990625        22802       106.67
      17.039     0.992188        22836       128.00
      17.343     0.992969        22854       142.22
      17.519     0.993750        22872       160.00
      17.791     0.994531        22891       182.86
      17.935     0.995313        22908       213.33
      18.287     0.996094        22927       256.00
      18.527     0.996484        22935       284.44
      18.847     0.996875        22944       320.00
      19.167     0.997266        22954       365.71
      19.471     0.997656        22962       426.67
      19.711     0.998047        22971       512.00
      19.887     0.998242        22975       568.89
      20.063     0.998437        22980       640.00
      20.543     0.998633        22984       731.43
      21.311     0.998828        22989       853.33
      21.727     0.999023        22993      1024.00
      21.839     0.999121        22995      1137.78
      22.543     0.999219        22998      1280.00
      22.703     0.999316        23000      1462.86
      23.103     0.999414        23002      1706.67
      23.311     0.999512        23004      2048.00
      23.423     0.999561        23005      2275.56
      23.631     0.999609        23007      2560.00
      23.663     0.999658        23008      2925.71
      23.887     0.999707        23009      3413.33
      23.951     0.999756        23010      4096.00
      23.951     0.999780        23010      4551.11
      24.175     0.999805        23011      5120.00
      27.839     0.999829        23012      5851.43
      27.839     0.999854        23012      6826.67
      29.855     0.999878        23013      8192.00
      29.855     0.999890        23013      9102.22
      29.855     0.999902        23013     10240.00
      29.999     0.999915        23014     11702.86
      29.999     0.999927        23014     13653.33
      29.999     0.999939        23014     16384.00
      29.999     0.999945        23014     18204.44
      29.999     0.999951        23014     20480.00
      30.287     0.999957        23015     23405.71
      30.287     1.000000        23015          inf
#[Mean    =        9.813, StdDeviation   =        2.110]
#[Max     =       30.272, Total count    =        23015]
#[Buckets =           27, SubBuckets     =         2048]
----------------------------------------------------------
  24008 requests in 5.00m, 11.69MB read
  Socket errors: connect 0, read 0, write 0, timeout 6000
Requests/sec:     80.02
Transfer/sec:     39.91KB
