Running 5m test @ http://face/
  8 threads and 200 connections
  Thread calibration: mean lat.: 8.301ms, rate sampling interval: 20ms
  Thread calibration: mean lat.: 8.060ms, rate sampling interval: 19ms
  Thread calibration: mean lat.: 8.304ms, rate sampling interval: 20ms
  Thread calibration: mean lat.: 8.307ms, rate sampling interval: 22ms
  Thread calibration: mean lat.: 8.420ms, rate sampling interval: 20ms
  Thread calibration: mean lat.: 23.995ms, rate sampling interval: 56ms
  Thread calibration: mean lat.: 8.287ms, rate sampling interval: 20ms
  Thread calibration: mean lat.: 24.741ms, rate sampling interval: 58ms
  Thread Stats   Avg      Stdev     Max   +/- Stdev
    Latency    11.37ms    6.82ms  30.14ms   77.10%
    Req/Sec    10.15     46.30   454.00     95.15%
  Latency Distribution (HdrHistogram - Recorded Latency)
 50.000%    7.93ms
 75.000%   14.75ms
 90.000%   23.81ms
 99.000%   27.39ms
 99.900%   29.01ms
 99.990%   29.90ms
 99.999%   30.16ms
100.000%   30.16ms

  Detailed Percentile spectrum:
       Value   Percentile   TotalCount 1/(1-Percentile)

       4.391     0.000000            1         1.00
       6.331     0.100000         2316         1.11
       6.779     0.200000         4616         1.25
       7.163     0.300000         6929         1.43
       7.531     0.400000         9225         1.67
       7.935     0.500000        11541         2.00
       8.175     0.550000        12684         2.22
       8.479     0.600000        13866         2.50
       8.839     0.650000        14999         2.86
       9.447     0.700000        16150         3.33
      14.751     0.750000        17292         4.00
      18.543     0.775000        17870         4.44
      20.079     0.800000        18448         5.00
      21.231     0.825000        19030         5.71
      22.143     0.850000        19598         6.67
      23.007     0.875000        20181         8.00
      23.407     0.887500        20468         8.89
      23.807     0.900000        20756        10.00
      24.223     0.912500        21040        11.43
      24.623     0.925000        21328        13.33
      25.007     0.937500        21624        16.00
      25.231     0.943750        21767        17.78
      25.439     0.950000        21905        20.00
      25.679     0.956250        22052        22.86
      25.919     0.962500        22196        26.67
      26.159     0.968750        22337        32.00
      26.303     0.971875        22414        35.56
      26.431     0.975000        22481        40.00
      26.591     0.978125        22556        45.71
      26.751     0.981250        22632        53.33
      26.975     0.984375        22698        64.00
      27.103     0.985938        22732        71.11
      27.215     0.987500        22775        80.00
      27.327     0.989062        22805        91.43
      27.423     0.990625        22840       106.67
      27.615     0.992188        22877       128.00
      27.727     0.992969        22897       142.22
      27.823     0.993750        22914       160.00
      27.935     0.994531        22933       182.86
      28.015     0.995313        22950       213.33
      28.143     0.996094        22966       256.00
      28.223     0.996484        22976       284.44
      28.319     0.996875        22989       320.00
      28.351     0.997266        22993       365.71
      28.463     0.997656        23003       426.67
      28.511     0.998047        23012       512.00
      28.575     0.998242        23016       568.89
      28.703     0.998437        23021       640.00
      28.799     0.998633        23025       731.43
      28.879     0.998828        23029       853.33
      29.039     0.999023        23034      1024.00
      29.087     0.999121        23037      1137.78
      29.103     0.999219        23038      1280.00
      29.279     0.999316        23041      1462.86
      29.311     0.999414        23043      1706.67
      29.455     0.999512        23047      2048.00
      29.455     0.999561        23047      2275.56
      29.455     0.999609        23047      2560.00
      29.551     0.999658        23049      2925.71
      29.583     0.999707        23050      3413.33
      29.775     0.999756        23051      4096.00
      29.775     0.999780        23051      4551.11
      29.823     0.999805        23052      5120.00
      29.903     0.999829        23054      5851.43
      29.903     0.999854        23054      6826.67
      29.903     0.999878        23054      8192.00
      29.903     0.999890        23054      9102.22
      29.903     0.999902        23054     10240.00
      30.159     0.999915        23056     11702.86
      30.159     1.000000        23056          inf
#[Mean    =       11.372, StdDeviation   =        6.818]
#[Max     =       30.144, Total count    =        23056]
#[Buckets =           27, SubBuckets     =         2048]
----------------------------------------------------------
  24006 requests in 5.00m, 11.70MB read
  Socket errors: connect 0, read 0, write 0, timeout 6000
Requests/sec:     79.98
Transfer/sec:     39.90KB
