Running 5m test @ http://face/
  8 threads and 200 connections
  Thread calibration: mean lat.: 8.751ms, rate sampling interval: 22ms
  Thread calibration: mean lat.: 8.769ms, rate sampling interval: 23ms
  Thread calibration: mean lat.: 9.123ms, rate sampling interval: 22ms
  Thread calibration: mean lat.: 9.235ms, rate sampling interval: 24ms
  Thread calibration: mean lat.: 8.920ms, rate sampling interval: 24ms
  Thread calibration: mean lat.: 9.080ms, rate sampling interval: 23ms
  Thread calibration: mean lat.: 9.292ms, rate sampling interval: 24ms
  Thread calibration: mean lat.: 14.619ms, rate sampling interval: 34ms
  Thread Stats   Avg      Stdev     Max   +/- Stdev
    Latency     9.35ms    2.48ms  30.10ms   77.14%
    Req/Sec    10.12     48.28   757.00     95.05%
  Latency Distribution (HdrHistogram - Recorded Latency)
 50.000%    8.72ms
 75.000%   10.18ms
 90.000%   13.15ms
 99.000%   17.12ms
 99.900%   19.47ms
 99.990%   27.47ms
 99.999%   30.11ms
100.000%   30.11ms

  Detailed Percentile spectrum:
       Value   Percentile   TotalCount 1/(1-Percentile)

       4.791     0.000000            1         1.00
       6.971     0.100000         2316         1.11
       7.483     0.200000         4623         1.25
       7.887     0.300000         6913         1.43
       8.287     0.400000         9232         1.67
       8.719     0.500000        11549         2.00
       8.935     0.550000        12668         2.22
       9.175     0.600000        13847         2.50
       9.439     0.650000        14971         2.86
       9.759     0.700000        16126         3.33
      10.183     0.750000        17291         4.00
      10.423     0.775000        17862         4.44
      10.727     0.800000        18430         5.00
      11.119     0.825000        19002         5.71
      11.671     0.850000        19579         6.67
      12.367     0.875000        20156         8.00
      12.767     0.887500        20441         8.89
      13.151     0.900000        20729        10.00
      13.559     0.912500        21018        11.43
      14.007     0.925000        21309        13.33
      14.423     0.937500        21596        16.00
      14.647     0.943750        21737        17.78
      14.903     0.950000        21888        20.00
      15.111     0.956250        22029        22.86
      15.359     0.962500        22170        26.67
      15.639     0.968750        22314        32.00
      15.767     0.971875        22387        35.56
      15.959     0.975000        22457        40.00
      16.167     0.978125        22530        45.71
      16.351     0.981250        22604        53.33
      16.623     0.984375        22677        64.00
      16.751     0.985938        22712        71.11
      16.911     0.987500        22751        80.00
      17.007     0.989062        22783        91.43
      17.215     0.990625        22818       106.67
      17.439     0.992188        22855       128.00
      17.519     0.992969        22871       142.22
      17.663     0.993750        22889       160.00
      17.807     0.994531        22907       182.86
      17.967     0.995313        22925       213.33
      18.175     0.996094        22944       256.00
      18.271     0.996484        22953       284.44
      18.383     0.996875        22962       320.00
      18.495     0.997266        22972       365.71
      18.575     0.997656        22979       426.67
      18.735     0.998047        22988       512.00
      18.991     0.998242        22992       568.89
      19.119     0.998437        22997       640.00
      19.199     0.998633        23001       731.43
      19.391     0.998828        23006       853.33
      19.551     0.999023        23010      1024.00
      19.647     0.999121        23012      1137.78
      20.271     0.999219        23015      1280.00
      20.815     0.999316        23017      1462.86
      20.975     0.999414        23019      1706.67
      21.407     0.999512        23021      2048.00
      22.047     0.999561        23022      2275.56
      23.535     0.999609        23024      2560.00
      24.639     0.999658        23025      2925.71
      24.687     0.999707        23026      3413.33
      24.831     0.999756        23027      4096.00
      24.831     0.999780        23027      4551.11
      26.143     0.999805        23028      5120.00
      27.375     0.999829        23029      5851.43
      27.375     0.999854        23029      6826.67
      27.471     0.999878        23030      8192.00
      27.471     0.999890        23030      9102.22
      27.471     0.999902        23030     10240.00
      29.951     0.999915        23031     11702.86
      29.951     0.999927        23031     13653.33
      29.951     0.999939        23031     16384.00
      29.951     0.999945        23031     18204.44
      29.951     0.999951        23031     20480.00
      30.111     0.999957        23032     23405.71
      30.111     1.000000        23032          inf
#[Mean    =        9.352, StdDeviation   =        2.480]
#[Max     =       30.096, Total count    =        23032]
#[Buckets =           27, SubBuckets     =         2048]
----------------------------------------------------------
  24007 requests in 5.00m, 11.69MB read
  Socket errors: connect 0, read 0, write 0, timeout 6000
Requests/sec:     79.98
Transfer/sec:     39.89KB
