Running 5m test @ http://face/
  8 threads and 200 connections
  Thread calibration: mean lat.: 9.834ms, rate sampling interval: 25ms
  Thread calibration: mean lat.: 9.751ms, rate sampling interval: 25ms
  Thread calibration: mean lat.: 9.845ms, rate sampling interval: 25ms
  Thread calibration: mean lat.: 9.863ms, rate sampling interval: 25ms
  Thread calibration: mean lat.: 10.182ms, rate sampling interval: 27ms
  Thread calibration: mean lat.: 10.033ms, rate sampling interval: 26ms
  Thread calibration: mean lat.: 10.148ms, rate sampling interval: 27ms
  Thread calibration: mean lat.: 10.098ms, rate sampling interval: 25ms
  Thread Stats   Avg      Stdev     Max   +/- Stdev
    Latency     9.33ms    1.78ms  24.99ms   71.96%
    Req/Sec    10.10     42.87   291.00     94.60%
  Latency Distribution (HdrHistogram - Recorded Latency)
 50.000%    9.11ms
 75.000%   10.30ms
 90.000%   11.63ms
 99.000%   14.56ms
 99.900%   18.51ms
 99.990%   24.35ms
 99.999%   25.01ms
100.000%   25.01ms

  Detailed Percentile spectrum:
       Value   Percentile   TotalCount 1/(1-Percentile)

       4.919     0.000000            1         1.00
       7.323     0.100000         2305         1.11
       7.891     0.200000         4606         1.25
       8.319     0.300000         6910         1.43
       8.719     0.400000         9236         1.67
       9.111     0.500000        11534         2.00
       9.311     0.550000        12668         2.22
       9.527     0.600000        13807         2.50
       9.759     0.650000        14984         2.86
      10.015     0.700000        16130         3.33
      10.295     0.750000        17266         4.00
      10.455     0.775000        17851         4.44
      10.623     0.800000        18411         5.00
      10.815     0.825000        18996         5.71
      11.039     0.850000        19574         6.67
      11.295     0.875000        20144         8.00
      11.455     0.887500        20428         8.89
      11.631     0.900000        20719        10.00
      11.807     0.912500        21004        11.43
      12.007     0.925000        21289        13.33
      12.231     0.937500        21572        16.00
      12.367     0.943750        21722        17.78
      12.535     0.950000        21862        20.00
      12.719     0.956250        22004        22.86
      12.911     0.962500        22152        26.67
      13.127     0.968750        22296        32.00
      13.263     0.971875        22366        35.56
      13.423     0.975000        22441        40.00
      13.599     0.978125        22513        45.71
      13.799     0.981250        22581        53.33
      13.999     0.984375        22652        64.00
      14.127     0.985938        22687        71.11
      14.287     0.987500        22724        80.00
      14.439     0.989062        22759        91.43
      14.687     0.990625        22798       106.67
      14.927     0.992188        22832       128.00
      15.151     0.992969        22849       142.22
      15.367     0.993750        22867       160.00
      15.703     0.994531        22885       182.86
      15.935     0.995313        22903       213.33
      16.239     0.996094        22921       256.00
      16.367     0.996484        22930       284.44
      16.703     0.996875        22939       320.00
      16.911     0.997266        22950       365.71
      17.103     0.997656        22957       426.67
      17.391     0.998047        22966       512.00
      17.503     0.998242        22970       568.89
      17.679     0.998437        22976       640.00
      17.807     0.998633        22979       731.43
      18.015     0.998828        22984       853.33
      18.735     0.999023        22988      1024.00
      18.751     0.999121        22990      1137.78
      19.135     0.999219        22993      1280.00
      19.679     0.999316        22995      1462.86
      20.079     0.999414        22997      1706.67
      20.159     0.999512        22999      2048.00
      20.335     0.999561        23000      2275.56
      20.367     0.999609        23002      2560.00
      21.487     0.999658        23003      2925.71
      21.567     0.999707        23004      3413.33
      21.615     0.999756        23005      4096.00
      21.615     0.999780        23005      4551.11
      21.743     0.999805        23006      5120.00
      22.575     0.999829        23007      5851.43
      22.575     0.999854        23007      6826.67
      24.351     0.999878        23008      8192.00
      24.351     0.999890        23008      9102.22
      24.351     0.999902        23008     10240.00
      24.719     0.999915        23009     11702.86
      24.719     0.999927        23009     13653.33
      24.719     0.999939        23009     16384.00
      24.719     0.999945        23009     18204.44
      24.719     0.999951        23009     20480.00
      25.007     0.999957        23010     23405.71
      25.007     1.000000        23010          inf
#[Mean    =        9.333, StdDeviation   =        1.778]
#[Max     =       24.992, Total count    =        23010]
#[Buckets =           27, SubBuckets     =         2048]
----------------------------------------------------------
  24008 requests in 5.00m, 11.69MB read
  Socket errors: connect 0, read 0, write 0, timeout 6000
Requests/sec:     80.02
Transfer/sec:     39.92KB
