Running 5m test @ http://face/
  8 threads and 200 connections
  Thread calibration: mean lat.: 9.757ms, rate sampling interval: 26ms
  Thread calibration: mean lat.: 9.697ms, rate sampling interval: 27ms
  Thread calibration: mean lat.: 9.938ms, rate sampling interval: 27ms
  Thread calibration: mean lat.: 9.675ms, rate sampling interval: 26ms
  Thread calibration: mean lat.: 10.217ms, rate sampling interval: 28ms
  Thread calibration: mean lat.: 9.988ms, rate sampling interval: 27ms
  Thread calibration: mean lat.: 9.845ms, rate sampling interval: 26ms
  Thread calibration: mean lat.: 15.375ms, rate sampling interval: 34ms
  Thread Stats   Avg      Stdev     Max   +/- Stdev
    Latency     9.85ms    2.68ms  34.62ms   74.30%
    Req/Sec    10.10     48.55   757.00     94.96%
  Latency Distribution (HdrHistogram - Recorded Latency)
 50.000%    9.18ms
 75.000%   10.95ms
 90.000%   14.09ms
 99.000%   17.61ms
 99.900%   20.51ms
 99.990%   29.66ms
 99.999%   34.65ms
100.000%   34.65ms

  Detailed Percentile spectrum:
       Value   Percentile   TotalCount 1/(1-Percentile)

       4.743     0.000000            1         1.00
       7.135     0.100000         2313         1.11
       7.711     0.200000         4608         1.25
       8.207     0.300000         6927         1.43
       8.679     0.400000         9218         1.67
       9.175     0.500000        11531         2.00
       9.455     0.550000        12689         2.22
       9.751     0.600000        13823         2.50
      10.087     0.650000        14987         2.86
      10.471     0.700000        16142         3.33
      10.951     0.750000        17278         4.00
      11.255     0.775000        17857         4.44
      11.607     0.800000        18435         5.00
      12.063     0.825000        19011         5.71
      12.591     0.850000        19584         6.67
      13.263     0.875000        20155         8.00
      13.671     0.887500        20450         8.89
      14.087     0.900000        20737        10.00
      14.463     0.912500        21027        11.43
      14.815     0.925000        21314        13.33
      15.199     0.937500        21595        16.00
      15.447     0.943750        21745        17.78
      15.647     0.950000        21887        20.00
      15.879     0.956250        22032        22.86
      16.079     0.962500        22175        26.67
      16.399     0.968750        22321        32.00
      16.559     0.971875        22395        35.56
      16.671     0.975000        22459        40.00
      16.831     0.978125        22536        45.71
      17.007     0.981250        22604        53.33
      17.199     0.984375        22677        64.00
      17.311     0.985938        22714        71.11
      17.423     0.987500        22749        80.00
      17.551     0.989062        22789        91.43
      17.679     0.990625        22821       106.67
      17.887     0.992188        22855       128.00
      18.031     0.992969        22875       142.22
      18.127     0.993750        22895       160.00
      18.271     0.994531        22910       182.86
      18.367     0.995313        22927       213.33
      18.495     0.996094        22947       256.00
      18.607     0.996484        22954       284.44
      18.719     0.996875        22965       320.00
      18.895     0.997266        22972       365.71
      19.087     0.997656        22981       426.67
      19.295     0.998047        22991       512.00
      19.343     0.998242        22994       568.89
      19.583     0.998437        22999       640.00
      19.839     0.998633        23003       731.43
      20.271     0.998828        23008       853.33
      20.559     0.999023        23012      1024.00
      20.911     0.999121        23014      1137.78
      21.311     0.999219        23017      1280.00
      21.407     0.999316        23019      1462.86
      21.903     0.999414        23021      1706.67
      22.799     0.999512        23023      2048.00
      22.911     0.999561        23024      2275.56
      23.391     0.999609        23026      2560.00
      23.599     0.999658        23027      2925.71
      24.383     0.999707        23028      3413.33
      24.559     0.999756        23029      4096.00
      24.559     0.999780        23029      4551.11
      24.607     0.999805        23030      5120.00
      25.375     0.999829        23031      5851.43
      25.375     0.999854        23031      6826.67
      29.663     0.999878        23032      8192.00
      29.663     0.999890        23032      9102.22
      29.663     0.999902        23032     10240.00
      31.919     0.999915        23033     11702.86
      31.919     0.999927        23033     13653.33
      31.919     0.999939        23033     16384.00
      31.919     0.999945        23033     18204.44
      31.919     0.999951        23033     20480.00
      34.655     0.999957        23034     23405.71
      34.655     1.000000        23034          inf
#[Mean    =        9.849, StdDeviation   =        2.682]
#[Max     =       34.624, Total count    =        23034]
#[Buckets =           27, SubBuckets     =         2048]
----------------------------------------------------------
  24007 requests in 5.00m, 11.70MB read
  Socket errors: connect 0, read 0, write 0, timeout 6000
Requests/sec:     79.99
Transfer/sec:     39.90KB
