Running 5m test @ http://face/
  8 threads and 200 connections
  Thread calibration: mean lat.: 9.891ms, rate sampling interval: 25ms
  Thread calibration: mean lat.: 9.939ms, rate sampling interval: 25ms
  Thread calibration: mean lat.: 10.248ms, rate sampling interval: 26ms
  Thread calibration: mean lat.: 10.427ms, rate sampling interval: 26ms
  Thread calibration: mean lat.: 10.140ms, rate sampling interval: 25ms
  Thread calibration: mean lat.: 10.234ms, rate sampling interval: 25ms
  Thread calibration: mean lat.: 10.241ms, rate sampling interval: 26ms
  Thread calibration: mean lat.: 10.116ms, rate sampling interval: 25ms
  Thread Stats   Avg      Stdev     Max   +/- Stdev
    Latency     9.27ms    1.74ms  23.58ms   73.16%
    Req/Sec    10.11     43.11   320.00     94.63%
  Latency Distribution (HdrHistogram - Recorded Latency)
 50.000%    9.05ms
 75.000%   10.19ms
 90.000%   11.44ms
 99.000%   14.54ms
 99.900%   19.71ms
 99.990%   21.95ms
 99.999%   23.60ms
100.000%   23.60ms

  Detailed Percentile spectrum:
       Value   Percentile   TotalCount 1/(1-Percentile)

       4.895     0.000000            1         1.00
       7.339     0.100000         2309         1.11
       7.879     0.200000         4610         1.25
       8.287     0.300000         6912         1.43
       8.679     0.400000         9211         1.67
       9.047     0.500000        11506         2.00
       9.255     0.550000        12701         2.22
       9.455     0.600000        13815         2.50
       9.687     0.650000        14970         2.86
       9.935     0.700000        16137         3.33
      10.191     0.750000        17260         4.00
      10.351     0.775000        17852         4.44
      10.519     0.800000        18424         5.00
      10.695     0.825000        18988         5.71
      10.903     0.850000        19572         6.67
      11.143     0.875000        20139         8.00
      11.295     0.887500        20443         8.89
      11.439     0.900000        20720        10.00
      11.591     0.912500        21000        11.43
      11.791     0.925000        21286        13.33
      12.039     0.937500        21575        16.00
      12.167     0.943750        21719        17.78
      12.295     0.950000        21868        20.00
      12.455     0.956250        22005        22.86
      12.647     0.962500        22148        26.67
      12.863     0.968750        22296        32.00
      12.999     0.971875        22364        35.56
      13.143     0.975000        22435        40.00
      13.311     0.978125        22511        45.71
      13.567     0.981250        22581        53.33
      13.807     0.984375        22653        64.00
      13.935     0.985938        22688        71.11
      14.151     0.987500        22724        80.00
      14.415     0.989062        22759        91.43
      14.663     0.990625        22795       106.67
      15.015     0.992188        22831       128.00
      15.247     0.992969        22849       142.22
      15.471     0.993750        22867       160.00
      15.975     0.994531        22885       182.86
      16.335     0.995313        22903       213.33
      16.895     0.996094        22923       256.00
      16.991     0.996484        22930       284.44
      17.311     0.996875        22939       320.00
      17.903     0.997266        22948       365.71
      18.271     0.997656        22958       426.67
      18.639     0.998047        22966       512.00
      18.943     0.998242        22970       568.89
      19.071     0.998437        22975       640.00
      19.199     0.998633        22979       731.43
      19.471     0.998828        22984       853.33
      19.823     0.999023        22988      1024.00
      20.031     0.999121        22990      1137.78
      20.303     0.999219        22993      1280.00
      20.655     0.999316        22995      1462.86
      20.799     0.999414        22997      1706.67
      21.135     0.999512        22999      2048.00
      21.151     0.999561        23000      2275.56
      21.247     0.999609        23002      2560.00
      21.263     0.999658        23003      2925.71
      21.311     0.999707        23004      3413.33
      21.439     0.999756        23005      4096.00
      21.439     0.999780        23005      4551.11
      21.455     0.999805        23006      5120.00
      21.471     0.999829        23007      5851.43
      21.471     0.999854        23007      6826.67
      21.951     0.999878        23008      8192.00
      21.951     0.999890        23008      9102.22
      21.951     0.999902        23008     10240.00
      22.319     0.999915        23009     11702.86
      22.319     0.999927        23009     13653.33
      22.319     0.999939        23009     16384.00
      22.319     0.999945        23009     18204.44
      22.319     0.999951        23009     20480.00
      23.599     0.999957        23010     23405.71
      23.599     1.000000        23010          inf
#[Mean    =        9.274, StdDeviation   =        1.738]
#[Max     =       23.584, Total count    =        23010]
#[Buckets =           27, SubBuckets     =         2048]
----------------------------------------------------------
  24008 requests in 5.00m, 11.69MB read
  Socket errors: connect 0, read 0, write 0, timeout 6000
Requests/sec:     80.02
Transfer/sec:     39.92KB
