Running 5m test @ http://face/
  8 threads and 200 connections
  Thread calibration: mean lat.: 9.946ms, rate sampling interval: 26ms
  Thread calibration: mean lat.: 10.011ms, rate sampling interval: 27ms
  Thread calibration: mean lat.: 10.198ms, rate sampling interval: 26ms
  Thread calibration: mean lat.: 10.005ms, rate sampling interval: 26ms
  Thread calibration: mean lat.: 10.132ms, rate sampling interval: 25ms
  Thread calibration: mean lat.: 10.251ms, rate sampling interval: 28ms
  Thread calibration: mean lat.: 10.204ms, rate sampling interval: 28ms
  Thread calibration: mean lat.: 10.186ms, rate sampling interval: 27ms
  Thread Stats   Avg      Stdev     Max   +/- Stdev
    Latency     9.31ms    1.83ms  30.00ms   75.61%
    Req/Sec    10.10     42.89   320.00     94.57%
  Latency Distribution (HdrHistogram - Recorded Latency)
 50.000%    9.06ms
 75.000%   10.19ms
 90.000%   11.46ms
 99.000%   15.17ms
 99.900%   21.74ms
 99.990%   28.75ms
 99.999%   30.01ms
100.000%   30.01ms

  Detailed Percentile spectrum:
       Value   Percentile   TotalCount 1/(1-Percentile)

       5.023     0.000000            1         1.00
       7.359     0.100000         2309         1.11
       7.895     0.200000         4617         1.25
       8.319     0.300000         6955         1.43
       8.695     0.400000         9242         1.67
       9.063     0.500000        11516         2.00
       9.263     0.550000        12660         2.22
       9.471     0.600000        13848         2.50
       9.679     0.650000        14986         2.86
       9.919     0.700000        16110         3.33
      10.191     0.750000        17281         4.00
      10.343     0.775000        17839         4.44
      10.519     0.800000        18432         5.00
      10.703     0.825000        18997         5.71
      10.927     0.850000        19573         6.67
      11.159     0.875000        20153         8.00
      11.311     0.887500        20433         8.89
      11.463     0.900000        20718        10.00
      11.631     0.912500        21010        11.43
      11.847     0.925000        21294        13.33
      12.095     0.937500        21577        16.00
      12.247     0.943750        21721        17.78
      12.415     0.950000        21867        20.00
      12.615     0.956250        22008        22.86
      12.823     0.962500        22154        26.67
      13.063     0.968750        22297        32.00
      13.231     0.971875        22368        35.56
      13.399     0.975000        22438        40.00
      13.607     0.978125        22510        45.71
      13.879     0.981250        22583        53.33
      14.215     0.984375        22656        64.00
      14.391     0.985938        22690        71.11
      14.655     0.987500        22727        80.00
      14.935     0.989062        22762        91.43
      15.351     0.990625        22798       106.67
      15.863     0.992188        22835       128.00
      16.271     0.992969        22852       142.22
      16.559     0.993750        22870       160.00
      16.991     0.994531        22888       182.86
      17.503     0.995313        22906       213.33
      18.079     0.996094        22926       256.00
      18.399     0.996484        22933       284.44
      18.815     0.996875        22942       320.00
      19.135     0.997266        22951       365.71
      19.439     0.997656        22960       426.67
      19.887     0.998047        22969       512.00
      20.111     0.998242        22973       568.89
      20.351     0.998437        22978       640.00
      20.495     0.998633        22982       731.43
      21.039     0.998828        22987       853.33
      22.111     0.999023        22991      1024.00
      22.527     0.999121        22993      1137.78
      22.751     0.999219        22997      1280.00
      22.911     0.999316        22998      1462.86
      23.087     0.999414        23000      1706.67
      24.671     0.999512        23002      2048.00
      24.687     0.999561        23003      2275.56
      25.855     0.999609        23005      2560.00
      25.999     0.999658        23006      2925.71
      26.079     0.999707        23007      3413.33
      27.343     0.999756        23008      4096.00
      27.343     0.999780        23008      4551.11
      27.567     0.999805        23009      5120.00
      28.639     0.999829        23010      5851.43
      28.639     0.999854        23010      6826.67
      28.751     0.999878        23011      8192.00
      28.751     0.999890        23011      9102.22
      28.751     0.999902        23011     10240.00
      29.551     0.999915        23012     11702.86
      29.551     0.999927        23012     13653.33
      29.551     0.999939        23012     16384.00
      29.551     0.999945        23012     18204.44
      29.551     0.999951        23012     20480.00
      30.015     0.999957        23013     23405.71
      30.015     1.000000        23013          inf
#[Mean    =        9.313, StdDeviation   =        1.833]
#[Max     =       30.000, Total count    =        23013]
#[Buckets =           27, SubBuckets     =         2048]
----------------------------------------------------------
  24008 requests in 5.00m, 11.70MB read
  Socket errors: connect 0, read 0, write 0, timeout 6000
Requests/sec:     80.02
Transfer/sec:     39.92KB
