Running 5m test @ http://face/
  8 threads and 200 connections
  Thread calibration: mean lat.: 9.460ms, rate sampling interval: 23ms
  Thread calibration: mean lat.: 9.379ms, rate sampling interval: 24ms
  Thread calibration: mean lat.: 9.532ms, rate sampling interval: 24ms
  Thread calibration: mean lat.: 9.891ms, rate sampling interval: 24ms
  Thread calibration: mean lat.: 9.734ms, rate sampling interval: 24ms
  Thread calibration: mean lat.: 9.719ms, rate sampling interval: 25ms
  Thread calibration: mean lat.: 10.031ms, rate sampling interval: 24ms
  Thread calibration: mean lat.: 9.607ms, rate sampling interval: 24ms
  Thread Stats   Avg      Stdev     Max   +/- Stdev
    Latency     9.72ms    2.00ms  29.52ms   73.29%
    Req/Sec    10.11     43.22   320.00     94.66%
  Latency Distribution (HdrHistogram - Recorded Latency)
 50.000%    9.43ms
 75.000%   10.75ms
 90.000%   12.23ms
 99.000%   16.13ms
 99.900%   21.28ms
 99.990%   27.81ms
 99.999%   29.53ms
100.000%   29.53ms

  Detailed Percentile spectrum:
       Value   Percentile   TotalCount 1/(1-Percentile)

       5.251     0.000000            1         1.00
       7.519     0.100000         2307         1.11
       8.115     0.200000         4620         1.25
       8.567     0.300000         6929         1.43
       8.999     0.400000         9218         1.67
       9.431     0.500000        11545         2.00
       9.671     0.550000        12685         2.22
       9.903     0.600000        13841         2.50
      10.159     0.650000        14963         2.86
      10.431     0.700000        16113         3.33
      10.751     0.750000        17262         4.00
      10.927     0.775000        17843         4.44
      11.127     0.800000        18432         5.00
      11.335     0.825000        18991         5.71
      11.575     0.850000        19564         6.67
      11.895     0.875000        20150         8.00
      12.055     0.887500        20439         8.89
      12.231     0.900000        20722        10.00
      12.431     0.912500        21010        11.43
      12.631     0.925000        21297        13.33
      12.879     0.937500        21581        16.00
      13.039     0.943750        21722        17.78
      13.215     0.950000        21870        20.00
      13.407     0.956250        22012        22.86
      13.655     0.962500        22158        26.67
      13.967     0.968750        22296        32.00
      14.159     0.971875        22369        35.56
      14.367     0.975000        22441        40.00
      14.623     0.978125        22511        45.71
      14.903     0.981250        22585        53.33
      15.239     0.984375        22655        64.00
      15.415     0.985938        22691        71.11
      15.655     0.987500        22727        80.00
      15.983     0.989062        22763        91.43
      16.319     0.990625        22800       106.67
      16.655     0.992188        22836       128.00
      16.831     0.992969        22854       142.22
      17.103     0.993750        22871       160.00
      17.423     0.994531        22889       182.86
      17.711     0.995313        22907       213.33
      18.159     0.996094        22925       256.00
      18.319     0.996484        22934       284.44
      18.719     0.996875        22944       320.00
      18.975     0.997266        22953       365.71
      19.215     0.997656        22961       426.67
      19.791     0.998047        22970       512.00
      20.239     0.998242        22974       568.89
      20.623     0.998437        22979       640.00
      20.719     0.998633        22983       731.43
      21.135     0.998828        22988       853.33
      21.311     0.999023        22992      1024.00
      21.519     0.999121        22994      1137.78
      21.887     0.999219        22997      1280.00
      22.015     0.999316        22999      1462.86
      22.255     0.999414        23001      1706.67
      23.311     0.999512        23003      2048.00
      23.647     0.999561        23004      2275.56
      24.111     0.999609        23006      2560.00
      24.239     0.999658        23007      2925.71
      24.303     0.999707        23008      3413.33
      25.167     0.999756        23009      4096.00
      25.167     0.999780        23009      4551.11
      25.679     0.999805        23010      5120.00
      26.735     0.999829        23011      5851.43
      26.735     0.999854        23011      6826.67
      27.807     0.999878        23012      8192.00
      27.807     0.999890        23012      9102.22
      27.807     0.999902        23012     10240.00
      28.239     0.999915        23013     11702.86
      28.239     0.999927        23013     13653.33
      28.239     0.999939        23013     16384.00
      28.239     0.999945        23013     18204.44
      28.239     0.999951        23013     20480.00
      29.535     0.999957        23014     23405.71
      29.535     1.000000        23014          inf
#[Mean    =        9.720, StdDeviation   =        2.003]
#[Max     =       29.520, Total count    =        23014]
#[Buckets =           27, SubBuckets     =         2048]
----------------------------------------------------------
  24008 requests in 5.00m, 11.69MB read
  Socket errors: connect 0, read 0, write 0, timeout 6000
Requests/sec:     80.02
Transfer/sec:     39.92KB
