Running 5m test @ http://face/
  8 threads and 200 connections
  Thread calibration: mean lat.: 11.574ms, rate sampling interval: 30ms
  Thread calibration: mean lat.: 11.075ms, rate sampling interval: 28ms
  Thread calibration: mean lat.: 11.021ms, rate sampling interval: 29ms
  Thread calibration: mean lat.: 11.275ms, rate sampling interval: 29ms
  Thread calibration: mean lat.: 11.139ms, rate sampling interval: 30ms
  Thread calibration: mean lat.: 11.436ms, rate sampling interval: 30ms
  Thread calibration: mean lat.: 11.605ms, rate sampling interval: 30ms
  Thread calibration: mean lat.: 10.890ms, rate sampling interval: 29ms
  Thread Stats   Avg      Stdev     Max   +/- Stdev
    Latency    10.92ms    2.47ms  28.37ms   70.86%
    Req/Sec    10.07     42.35   310.00     94.40%
  Latency Distribution (HdrHistogram - Recorded Latency)
 50.000%   10.58ms
 75.000%   12.32ms
 90.000%   14.14ms
 99.000%   18.43ms
 99.900%   22.08ms
 99.990%   24.86ms
 99.999%   28.38ms
100.000%   28.38ms

  Detailed Percentile spectrum:
       Value   Percentile   TotalCount 1/(1-Percentile)

       5.239     0.000000            1         1.00
       8.087     0.100000         2305         1.11
       8.847     0.200000         4606         1.25
       9.471     0.300000         6940         1.43
      10.023     0.400000         9220         1.67
      10.583     0.500000        11520         2.00
      10.879     0.550000        12690         2.22
      11.199     0.600000        13831         2.50
      11.527     0.650000        14960         2.86
      11.895     0.700000        16112         3.33
      12.319     0.750000        17263         4.00
      12.543     0.775000        17844         4.44
      12.783     0.800000        18424         5.00
      13.047     0.825000        18994         5.71
      13.359     0.850000        19567         6.67
      13.743     0.875000        20146         8.00
      13.927     0.887500        20436         8.89
      14.135     0.900000        20714        10.00
      14.383     0.912500        21010        11.43
      14.671     0.925000        21292        13.33
      14.999     0.937500        21576        16.00
      15.207     0.943750        21720        17.78
      15.407     0.950000        21864        20.00
      15.671     0.956250        22010        22.86
      15.983     0.962500        22153        26.67
      16.343     0.968750        22298        32.00
      16.575     0.971875        22371        35.56
      16.767     0.975000        22439        40.00
      17.023     0.978125        22514        45.71
      17.231     0.981250        22586        53.33
      17.663     0.984375        22657        64.00
      17.855     0.985938        22692        71.11
      18.031     0.987500        22727        80.00
      18.287     0.989062        22765        91.43
      18.527     0.990625        22799       106.67
      18.831     0.992188        22836       128.00
      19.023     0.992969        22854       142.22
      19.199     0.993750        22871       160.00
      19.375     0.994531        22890       182.86
      19.663     0.995313        22907       213.33
      19.967     0.996094        22925       256.00
      20.047     0.996484        22934       284.44
      20.335     0.996875        22946       320.00
      20.447     0.997266        22952       365.71
      20.767     0.997656        22962       426.67
      21.135     0.998047        22970       512.00
      21.359     0.998242        22974       568.89
      21.631     0.998437        22980       640.00
      21.775     0.998633        22983       731.43
      21.999     0.998828        22988       853.33
      22.127     0.999023        22992      1024.00
      22.191     0.999121        22994      1137.78
      22.607     0.999219        22998      1280.00
      22.895     0.999316        22999      1462.86
      23.199     0.999414        23001      1706.67
      23.359     0.999512        23005      2048.00
      23.359     0.999561        23005      2275.56
      23.375     0.999609        23006      2560.00
      23.519     0.999658        23007      2925.71
      24.271     0.999707        23008      3413.33
      24.511     0.999756        23009      4096.00
      24.511     0.999780        23009      4551.11
      24.591     0.999805        23010      5120.00
      24.751     0.999829        23011      5851.43
      24.751     0.999854        23011      6826.67
      24.863     0.999878        23012      8192.00
      24.863     0.999890        23012      9102.22
      24.863     0.999902        23012     10240.00
      28.255     0.999915        23013     11702.86
      28.255     0.999927        23013     13653.33
      28.255     0.999939        23013     16384.00
      28.255     0.999945        23013     18204.44
      28.255     0.999951        23013     20480.00
      28.383     0.999957        23014     23405.71
      28.383     1.000000        23014          inf
#[Mean    =       10.923, StdDeviation   =        2.469]
#[Max     =       28.368, Total count    =        23014]
#[Buckets =           27, SubBuckets     =         2048]
----------------------------------------------------------
  24008 requests in 5.00m, 11.70MB read
  Socket errors: connect 0, read 0, write 0, timeout 6000
Requests/sec:     80.02
Transfer/sec:     39.92KB
