Running 5m test @ http://face/
  8 threads and 200 connections
  Thread calibration: mean lat.: 44.315ms, rate sampling interval: 134ms
  Thread calibration: mean lat.: 43.204ms, rate sampling interval: 124ms
  Thread calibration: mean lat.: 43.191ms, rate sampling interval: 124ms
  Thread calibration: mean lat.: 43.186ms, rate sampling interval: 128ms
  Thread calibration: mean lat.: 42.806ms, rate sampling interval: 129ms
  Thread calibration: mean lat.: 43.942ms, rate sampling interval: 128ms
  Thread calibration: mean lat.: 15.409ms, rate sampling interval: 34ms
  Thread calibration: mean lat.: 41.492ms, rate sampling interval: 121ms
  Thread Stats   Avg      Stdev     Max   +/- Stdev
    Latency    34.17ms   13.04ms  79.36ms   64.23%
    Req/Sec     2.47     27.81   757.00     98.37%
  Latency Distribution (HdrHistogram - Recorded Latency)
 50.000%   33.89ms
 75.000%   43.23ms
 90.000%   51.71ms
 99.000%   64.06ms
 99.900%   70.97ms
 99.990%   76.74ms
 99.999%   79.42ms
100.000%   79.42ms

  Detailed Percentile spectrum:
       Value   Percentile   TotalCount 1/(1-Percentile)

       8.479     0.000000            1         1.00
      15.631     0.100000          569         1.11
      21.935     0.200000         1136         1.25
      26.559     0.300000         1703         1.43
      30.415     0.400000         2271         1.67
      33.887     0.500000         2843         2.00
      35.711     0.550000         3126         2.22
      37.567     0.600000         3410         2.50
      39.391     0.650000         3690         2.86
      41.215     0.700000         3982         3.33
      43.231     0.750000         4258         4.00
      44.351     0.775000         4399         4.44
      45.567     0.800000         4541         5.00
      46.911     0.825000         4685         5.71
      48.447     0.850000         4826         6.67
      50.047     0.875000         4968         8.00
      50.911     0.887500         5037         8.89
      51.711     0.900000         5110        10.00
      52.703     0.912500         5180        11.43
      53.695     0.925000         5250        13.33
      55.167     0.937500         5322        16.00
      55.679     0.943750         5356        17.78
      56.447     0.950000         5394        20.00
      57.279     0.956250         5428        22.86
      58.175     0.962500         5463        26.67
      59.199     0.968750         5499        32.00
      59.775     0.971875         5517        35.56
      60.351     0.975000         5534        40.00
      60.863     0.978125         5551        45.71
      61.503     0.981250         5570        53.33
      62.367     0.984375         5589        64.00
      62.783     0.985938         5596        71.11
      63.359     0.987500         5605        80.00
      63.679     0.989062         5613        91.43
      64.191     0.990625         5622       106.67
      64.927     0.992188         5631       128.00
      65.343     0.992969         5636       142.22
      66.303     0.993750         5640       160.00
      66.495     0.994531         5644       182.86
      66.943     0.995313         5650       213.33
      67.327     0.996094         5653       256.00
      67.839     0.996484         5656       284.44
      67.967     0.996875         5658       320.00
      68.095     0.997266         5661       365.71
      68.351     0.997656         5662       426.67
      68.863     0.998047         5664       512.00
      68.991     0.998242         5666       568.89
      70.591     0.998437         5668       640.00
      70.591     0.998633         5668       731.43
      70.975     0.998828         5669       853.33
      73.087     0.999023         5671      1024.00
      73.087     0.999121         5671      1137.78
      73.087     0.999219         5671      1280.00
      75.775     0.999316         5672      1462.86
      75.775     0.999414         5672      1706.67
      76.031     0.999512         5673      2048.00
      76.031     0.999561         5673      2275.56
      76.031     0.999609         5673      2560.00
      76.735     0.999658         5674      2925.71
      76.735     0.999707         5674      3413.33
      76.735     0.999756         5674      4096.00
      76.735     0.999780         5674      4551.11
      76.735     0.999805         5674      5120.00
      79.423     0.999829         5675      5851.43
      79.423     1.000000         5675          inf
#[Mean    =       34.169, StdDeviation   =       13.042]
#[Max     =       79.360, Total count    =         5675]
#[Buckets =           27, SubBuckets     =         2048]
----------------------------------------------------------
  6007 requests in 5.00m, 2.93MB read
  Socket errors: connect 0, read 0, write 0, timeout 24000
Requests/sec:     20.01
Transfer/sec:     10.00KB
