Running 5m test @ http://face/
  8 threads and 200 connections
  Thread calibration: mean lat.: 38.724ms, rate sampling interval: 113ms
  Thread calibration: mean lat.: 36.105ms, rate sampling interval: 112ms
  Thread calibration: mean lat.: 38.765ms, rate sampling interval: 119ms
  Thread calibration: mean lat.: 38.218ms, rate sampling interval: 107ms
  Thread calibration: mean lat.: 39.058ms, rate sampling interval: 113ms
  Thread calibration: mean lat.: 37.842ms, rate sampling interval: 113ms
  Thread calibration: mean lat.: 39.996ms, rate sampling interval: 110ms
  Thread calibration: mean lat.: 38.687ms, rate sampling interval: 116ms
  Thread Stats   Avg      Stdev     Max   +/- Stdev
    Latency    32.49ms    9.80ms  72.90ms   65.66%
    Req/Sec     2.44     17.57   198.00     97.77%
  Latency Distribution (HdrHistogram - Recorded Latency)
 50.000%   31.89ms
 75.000%   39.55ms
 90.000%   45.63ms
 99.000%   55.78ms
 99.900%   64.80ms
 99.990%   71.29ms
 99.999%   72.96ms
100.000%   72.96ms

  Detailed Percentile spectrum:
       Value   Percentile   TotalCount 1/(1-Percentile)

       8.919     0.000000            1         1.00
      19.999     0.100000          566         1.11
      23.519     0.200000         1134         1.25
      26.415     0.300000         1697         1.43
      29.231     0.400000         2261         1.67
      31.887     0.500000         2825         2.00
      33.407     0.550000         3112         2.22
      34.783     0.600000         3392         2.50
      36.287     0.650000         3678         2.86
      37.887     0.700000         3955         3.33
      39.551     0.750000         4239         4.00
      40.351     0.775000         4384         4.44
      41.151     0.800000         4520         5.00
      42.111     0.825000         4663         5.71
      43.199     0.850000         4803         6.67
      44.351     0.875000         4947         8.00
      44.991     0.887500         5016         8.89
      45.631     0.900000         5088        10.00
      46.271     0.912500         5157        11.43
      47.199     0.925000         5232        13.33
      48.191     0.937500         5300        16.00
      48.703     0.943750         5334        17.78
      49.183     0.950000         5368        20.00
      49.695     0.956250         5404        22.86
      50.463     0.962500         5439        26.67
      51.199     0.968750         5476        32.00
      51.679     0.971875         5494        35.56
      52.127     0.975000         5511        40.00
      52.575     0.978125         5527        45.71
      53.631     0.981250         5545        53.33
      54.399     0.984375         5562        64.00
      54.783     0.985938         5571        71.11
      55.231     0.987500         5580        80.00
      55.519     0.989062         5589        91.43
      55.999     0.990625         5598       106.67
      57.023     0.992188         5606       128.00
      57.439     0.992969         5611       142.22
      57.855     0.993750         5615       160.00
      58.911     0.994531         5620       182.86
      59.711     0.995313         5624       213.33
      60.159     0.996094         5628       256.00
      60.703     0.996484         5631       284.44
      60.799     0.996875         5633       320.00
      60.991     0.997266         5635       365.71
      61.887     0.997656         5637       426.67
      62.879     0.998047         5639       512.00
      64.031     0.998242         5641       568.89
      64.063     0.998437         5642       640.00
      64.287     0.998633         5643       731.43
      64.799     0.998828         5644       853.33
      65.343     0.999023         5645      1024.00
      65.471     0.999121         5646      1137.78
      65.471     0.999219         5646      1280.00
      66.367     0.999316         5647      1462.86
      66.367     0.999414         5647      1706.67
      66.431     0.999512         5648      2048.00
      66.431     0.999561         5648      2275.56
      66.431     0.999609         5648      2560.00
      71.295     0.999658         5649      2925.71
      71.295     0.999707         5649      3413.33
      71.295     0.999756         5649      4096.00
      71.295     0.999780         5649      4551.11
      71.295     0.999805         5649      5120.00
      72.959     0.999829         5650      5851.43
      72.959     1.000000         5650          inf
#[Mean    =       32.494, StdDeviation   =        9.797]
#[Max     =       72.896, Total count    =         5650]
#[Buckets =           27, SubBuckets     =         2048]
----------------------------------------------------------
  6008 requests in 5.00m, 2.93MB read
  Socket errors: connect 0, read 0, write 0, timeout 24000
Requests/sec:     20.02
Transfer/sec:     10.01KB
