Running 5m test @ http://face/
  8 threads and 200 connections
  Thread calibration: mean lat.: 10.278ms, rate sampling interval: 26ms
  Thread calibration: mean lat.: 10.875ms, rate sampling interval: 31ms
  Thread calibration: mean lat.: 10.798ms, rate sampling interval: 32ms
  Thread calibration: mean lat.: 10.622ms, rate sampling interval: 30ms
  Thread calibration: mean lat.: 10.476ms, rate sampling interval: 30ms
  Thread calibration: mean lat.: 11.167ms, rate sampling interval: 32ms
  Thread calibration: mean lat.: 10.362ms, rate sampling interval: 34ms
  Thread calibration: mean lat.: 11.589ms, rate sampling interval: 35ms
  Thread Stats   Avg      Stdev     Max   +/- Stdev
    Latency     9.42ms    2.02ms  23.49ms   72.99%
    Req/Sec     2.45     21.29   281.00     98.51%
  Latency Distribution (HdrHistogram - Recorded Latency)
 50.000%    9.11ms
 75.000%   10.41ms
 90.000%   12.05ms
 99.000%   15.81ms
 99.900%   20.91ms
 99.990%   23.01ms
 99.999%   23.50ms
100.000%   23.50ms

  Detailed Percentile spectrum:
       Value   Percentile   TotalCount 1/(1-Percentile)

       4.483     0.000000            1         1.00
       7.203     0.100000          564         1.11
       7.791     0.200000         1126         1.25
       8.279     0.300000         1689         1.43
       8.671     0.400000         2248         1.67
       9.111     0.500000         2809         2.00
       9.319     0.550000         3087         2.22
       9.559     0.600000         3368         2.50
       9.815     0.650000         3652         2.86
      10.079     0.700000         3926         3.33
      10.407     0.750000         4212         4.00
      10.615     0.775000         4347         4.44
      10.831     0.800000         4488         5.00
      11.063     0.825000         4628         5.71
      11.351     0.850000         4767         6.67
      11.679     0.875000         4907         8.00
      11.879     0.887500         4979         8.89
      12.047     0.900000         5048        10.00
      12.247     0.912500         5119        11.43
      12.455     0.925000         5191        13.33
      12.687     0.937500         5260        16.00
      12.831     0.943750         5293        17.78
      13.031     0.950000         5328        20.00
      13.255     0.956250         5364        22.86
      13.455     0.962500         5399        26.67
      13.775     0.968750         5433        32.00
      13.983     0.971875         5451        35.56
      14.143     0.975000         5469        40.00
      14.367     0.978125         5486        45.71
      14.679     0.981250         5503        53.33
      14.983     0.984375         5522        64.00
      15.207     0.985938         5530        71.11
      15.399     0.987500         5538        80.00
      15.575     0.989062         5547        91.43
      16.063     0.990625         5556       106.67
      16.447     0.992188         5565       128.00
      16.751     0.992969         5569       142.22
      16.863     0.993750         5573       160.00
      17.215     0.994531         5578       182.86
      17.487     0.995313         5582       213.33
      18.079     0.996094         5587       256.00
      18.767     0.996484         5589       284.44
      19.007     0.996875         5591       320.00
      19.119     0.997266         5593       365.71
      19.327     0.997656         5595       426.67
      19.663     0.998047         5599       512.00
      19.663     0.998242         5599       568.89
      20.623     0.998437         5600       640.00
      20.767     0.998633         5601       731.43
      20.911     0.998828         5602       853.33
      21.375     0.999023         5603      1024.00
      21.855     0.999121         5604      1137.78
      21.855     0.999219         5604      1280.00
      22.239     0.999316         5605      1462.86
      22.239     0.999414         5605      1706.67
      22.527     0.999512         5606      2048.00
      22.527     0.999561         5606      2275.56
      22.527     0.999609         5606      2560.00
      23.007     0.999658         5607      2925.71
      23.007     0.999707         5607      3413.33
      23.007     0.999756         5607      4096.00
      23.007     0.999780         5607      4551.11
      23.007     0.999805         5607      5120.00
      23.503     0.999829         5608      5851.43
      23.503     1.000000         5608          inf
#[Mean    =        9.424, StdDeviation   =        2.021]
#[Max     =       23.488, Total count    =         5608]
#[Buckets =           27, SubBuckets     =         2048]
----------------------------------------------------------
  6008 requests in 5.00m, 2.93MB read
  Socket errors: connect 0, read 0, write 0, timeout 24000
Requests/sec:     20.03
Transfer/sec:      9.99KB
