Running 5m test @ http://face/
  8 threads and 200 connections
  Thread calibration: mean lat.: 26.250ms, rate sampling interval: 82ms
  Thread calibration: mean lat.: 24.596ms, rate sampling interval: 78ms
  Thread calibration: mean lat.: 25.693ms, rate sampling interval: 77ms
  Thread calibration: mean lat.: 23.350ms, rate sampling interval: 69ms
  Thread calibration: mean lat.: 24.315ms, rate sampling interval: 72ms
  Thread calibration: mean lat.: 43.491ms, rate sampling interval: 92ms
  Thread calibration: mean lat.: 41.967ms, rate sampling interval: 90ms
  Thread calibration: mean lat.: 42.115ms, rate sampling interval: 90ms
  Thread Stats   Avg      Stdev     Max   +/- Stdev
    Latency    27.32ms   10.67ms  52.00ms   59.35%
    Req/Sec     2.46     21.45   280.00     98.39%
  Latency Distribution (HdrHistogram - Recorded Latency)
 50.000%   24.05ms
 75.000%   37.73ms
 90.000%   42.78ms
 99.000%   48.29ms
 99.900%   51.26ms
 99.990%   51.84ms
 99.999%   52.03ms
100.000%   52.03ms

  Detailed Percentile spectrum:
       Value   Percentile   TotalCount 1/(1-Percentile)

       7.647     0.000000            1         1.00
      15.071     0.100000          569         1.11
      17.327     0.200000         1142         1.25
      19.279     0.300000         1711         1.43
      21.327     0.400000         2276         1.67
      24.047     0.500000         2845         2.00
      26.079     0.550000         3132         2.22
      28.655     0.600000         3415         2.50
      31.935     0.650000         3700         2.86
      35.359     0.700000         3985         3.33
      37.727     0.750000         4272         4.00
      38.623     0.775000         4413         4.44
      39.679     0.800000         4553         5.00
      40.575     0.825000         4696         5.71
      41.311     0.850000         4839         6.67
      42.079     0.875000         4980         8.00
      42.463     0.887500         5055         8.89
      42.783     0.900000         5121        10.00
      43.199     0.912500         5198        11.43
      43.615     0.925000         5267        13.33
      44.223     0.937500         5335        16.00
      44.575     0.943750         5373        17.78
      44.991     0.950000         5408        20.00
      45.439     0.956250         5444        22.86
      45.727     0.962500         5478        26.67
      46.175     0.968750         5514        32.00
      46.399     0.971875         5530        35.56
      46.687     0.975000         5548        40.00
      47.007     0.978125         5568        45.71
      47.263     0.981250         5584        53.33
      47.551     0.984375         5603        64.00
      47.679     0.985938         5610        71.11
      47.935     0.987500         5621        80.00
      48.191     0.989062         5628        91.43
      48.383     0.990625         5638       106.67
      48.703     0.992188         5646       128.00
      48.799     0.992969         5650       142.22
      48.895     0.993750         5656       160.00
      49.023     0.994531         5661       182.86
      49.151     0.995313         5664       213.33
      49.247     0.996094         5668       256.00
      49.375     0.996484         5670       284.44
      49.631     0.996875         5673       320.00
      49.887     0.997266         5675       365.71
      50.271     0.997656         5677       426.67
      50.463     0.998047         5679       512.00
      50.527     0.998242         5680       568.89
      51.007     0.998437         5682       640.00
      51.231     0.998633         5683       731.43
      51.263     0.998828         5684       853.33
      51.487     0.999023         5685      1024.00
      51.487     0.999121         5685      1137.78
      51.551     0.999219         5686      1280.00
      51.615     0.999316         5687      1462.86
      51.615     0.999414         5687      1706.67
      51.743     0.999512         5688      2048.00
      51.743     0.999561         5688      2275.56
      51.743     0.999609         5688      2560.00
      51.839     0.999658         5689      2925.71
      51.839     0.999707         5689      3413.33
      51.839     0.999756         5689      4096.00
      51.839     0.999780         5689      4551.11
      51.839     0.999805         5689      5120.00
      52.031     0.999829         5690      5851.43
      52.031     1.000000         5690          inf
#[Mean    =       27.317, StdDeviation   =       10.667]
#[Max     =       52.000, Total count    =         5690]
#[Buckets =           27, SubBuckets     =         2048]
----------------------------------------------------------
  6005 requests in 5.00m, 2.93MB read
  Socket errors: connect 0, read 0, write 0, timeout 24000
Requests/sec:     20.01
Transfer/sec:     10.00KB
