Running 5m test @ http://face/
  8 threads and 200 connections
  Thread calibration: mean lat.: 9.323ms, rate sampling interval: 23ms
  Thread calibration: mean lat.: 9.662ms, rate sampling interval: 25ms
  Thread calibration: mean lat.: 9.368ms, rate sampling interval: 24ms
  Thread calibration: mean lat.: 9.330ms, rate sampling interval: 24ms
  Thread calibration: mean lat.: 9.933ms, rate sampling interval: 25ms
  Thread calibration: mean lat.: 9.895ms, rate sampling interval: 25ms
  Thread calibration: mean lat.: 9.720ms, rate sampling interval: 24ms
  Thread calibration: mean lat.: 15.340ms, rate sampling interval: 35ms
  Thread Stats   Avg      Stdev     Max   +/- Stdev
    Latency     9.00ms    2.34ms  19.63ms   77.08%
    Req/Sec     2.47     24.38   735.00     98.70%
  Latency Distribution (HdrHistogram - Recorded Latency)
 50.000%    8.40ms
 75.000%    9.76ms
 90.000%   12.65ms
 99.000%   16.14ms
 99.900%   18.90ms
 99.990%   19.39ms
 99.999%   19.65ms
100.000%   19.65ms

  Detailed Percentile spectrum:
       Value   Percentile   TotalCount 1/(1-Percentile)

       4.983     0.000000            1         1.00
       6.739     0.100000          570         1.11
       7.219     0.200000         1131         1.25
       7.627     0.300000         1692         1.43
       7.995     0.400000         2257         1.67
       8.399     0.500000         2828         2.00
       8.599     0.550000         3106         2.22
       8.831     0.600000         3383         2.50
       9.103     0.650000         3666         2.86
       9.407     0.700000         3949         3.33
       9.759     0.750000         4226         4.00
       9.991     0.775000         4367         4.44
      10.255     0.800000         4507         5.00
      10.663     0.825000         4650         5.71
      11.175     0.850000         4788         6.67
      11.895     0.875000         4928         8.00
      12.223     0.887500         5000         8.89
      12.647     0.900000         5071        10.00
      13.111     0.912500         5140        11.43
      13.471     0.925000         5210        13.33
      13.855     0.937500         5280        16.00
      14.071     0.943750         5316        17.78
      14.407     0.950000         5352        20.00
      14.623     0.956250         5387        22.86
      14.807     0.962500         5421        26.67
      15.031     0.968750         5456        32.00
      15.151     0.971875         5474        35.56
      15.247     0.975000         5492        40.00
      15.431     0.978125         5509        45.71
      15.607     0.981250         5527        53.33
      15.775     0.984375         5546        64.00
      15.823     0.985938         5554        71.11
      15.903     0.987500         5562        80.00
      16.063     0.989062         5572        91.43
      16.183     0.990625         5580       106.67
      16.359     0.992188         5588       128.00
      16.543     0.992969         5593       142.22
      16.719     0.993750         5598       160.00
      16.815     0.994531         5602       182.86
      17.071     0.995313         5606       213.33
      17.391     0.996094         5611       256.00
      17.567     0.996484         5613       284.44
      17.695     0.996875         5615       320.00
      17.919     0.997266         5617       365.71
      18.063     0.997656         5619       426.67
      18.591     0.998047         5621       512.00
      18.751     0.998242         5624       568.89
      18.751     0.998437         5624       640.00
      18.863     0.998633         5625       731.43
      18.895     0.998828         5626       853.33
      18.943     0.999023         5627      1024.00
      19.039     0.999121         5628      1137.78
      19.039     0.999219         5628      1280.00
      19.199     0.999316         5629      1462.86
      19.199     0.999414         5629      1706.67
      19.327     0.999512         5630      2048.00
      19.327     0.999561         5630      2275.56
      19.327     0.999609         5630      2560.00
      19.391     0.999658         5631      2925.71
      19.391     0.999707         5631      3413.33
      19.391     0.999756         5631      4096.00
      19.391     0.999780         5631      4551.11
      19.391     0.999805         5631      5120.00
      19.647     0.999829         5632      5851.43
      19.647     1.000000         5632          inf
#[Mean    =        9.002, StdDeviation   =        2.344]
#[Max     =       19.632, Total count    =         5632]
#[Buckets =           27, SubBuckets     =         2048]
----------------------------------------------------------
  6007 requests in 5.00m, 2.93MB read
  Socket errors: connect 0, read 0, write 0, timeout 24000
Requests/sec:     20.01
Transfer/sec:      9.98KB
