Running 5m test @ http://face/
  8 threads and 200 connections
  Thread calibration: mean lat.: 32.309ms, rate sampling interval: 94ms
  Thread calibration: mean lat.: 31.923ms, rate sampling interval: 89ms
  Thread calibration: mean lat.: 32.511ms, rate sampling interval: 91ms
  Thread calibration: mean lat.: 32.054ms, rate sampling interval: 91ms
  Thread calibration: mean lat.: 32.675ms, rate sampling interval: 97ms
  Thread calibration: mean lat.: 30.487ms, rate sampling interval: 83ms
  Thread calibration: mean lat.: 32.569ms, rate sampling interval: 82ms
  Thread calibration: mean lat.: 30.420ms, rate sampling interval: 69ms
  Thread Stats   Avg      Stdev     Max   +/- Stdev
    Latency    26.98ms    7.92ms  63.17ms   69.88%
    Req/Sec     2.45     20.70   367.00     98.21%
  Latency Distribution (HdrHistogram - Recorded Latency)
 50.000%   26.69ms
 75.000%   31.95ms
 90.000%   36.67ms
 99.000%   49.57ms
 99.900%   58.40ms
 99.990%   62.97ms
 99.999%   63.20ms
100.000%   63.20ms

  Detailed Percentile spectrum:
       Value   Percentile   TotalCount 1/(1-Percentile)

       7.487     0.000000            1         1.00
      16.911     0.100000          567         1.11
      20.015     0.200000         1134         1.25
      22.543     0.300000         1702         1.43
      24.687     0.400000         2269         1.67
      26.687     0.500000         2837         2.00
      27.599     0.550000         3117         2.22
      28.607     0.600000         3405         2.50
      29.647     0.650000         3689         2.86
      30.831     0.700000         3968         3.33
      31.951     0.750000         4251         4.00
      32.575     0.775000         4393         4.44
      33.215     0.800000         4539         5.00
      33.951     0.825000         4682         5.71
      34.655     0.850000         4826         6.67
      35.551     0.875000         4961         8.00
      36.031     0.887500         5030         8.89
      36.671     0.900000         5104        10.00
      37.407     0.912500         5173        11.43
      38.271     0.925000         5243        13.33
      39.295     0.937500         5313        16.00
      39.935     0.943750         5350        17.78
      40.543     0.950000         5385        20.00
      41.183     0.956250         5420        22.86
      42.015     0.962500         5455        26.67
      42.847     0.968750         5490        32.00
      43.583     0.971875         5508        35.56
      44.127     0.975000         5526        40.00
      45.023     0.978125         5545        45.71
      45.663     0.981250         5562        53.33
      47.135     0.984375         5579        64.00
      47.647     0.985938         5589        71.11
      48.031     0.987500         5597        80.00
      48.703     0.989062         5606        91.43
      49.887     0.990625         5614       106.67
      51.615     0.992188         5623       128.00
      52.191     0.992969         5628       142.22
      52.895     0.993750         5634       160.00
      52.991     0.994531         5637       182.86
      53.407     0.995313         5641       213.33
      54.303     0.996094         5645       256.00
      54.751     0.996484         5648       284.44
      54.879     0.996875         5650       320.00
      55.167     0.997266         5652       365.71
      55.711     0.997656         5654       426.67
      55.967     0.998047         5656       512.00
      56.895     0.998242         5658       568.89
      56.927     0.998437         5659       640.00
      58.335     0.998633         5660       731.43
      58.399     0.998828         5661       853.33
      59.519     0.999023         5662      1024.00
      61.087     0.999121         5663      1137.78
      61.087     0.999219         5663      1280.00
      61.119     0.999316         5664      1462.86
      61.119     0.999414         5664      1706.67
      61.951     0.999512         5665      2048.00
      61.951     0.999561         5665      2275.56
      61.951     0.999609         5665      2560.00
      62.975     0.999658         5666      2925.71
      62.975     0.999707         5666      3413.33
      62.975     0.999756         5666      4096.00
      62.975     0.999780         5666      4551.11
      62.975     0.999805         5666      5120.00
      63.199     0.999829         5667      5851.43
      63.199     1.000000         5667          inf
#[Mean    =       26.977, StdDeviation   =        7.923]
#[Max     =       63.168, Total count    =         5667]
#[Buckets =           27, SubBuckets     =         2048]
----------------------------------------------------------
  6008 requests in 5.00m, 2.93MB read
  Socket errors: connect 0, read 0, write 0, timeout 24000
Requests/sec:     20.02
Transfer/sec:     10.00KB
