Running 5m test @ http://face/
  8 threads and 200 connections
  Thread calibration: mean lat.: 10.407ms, rate sampling interval: 26ms
  Thread calibration: mean lat.: 10.254ms, rate sampling interval: 25ms
  Thread calibration: mean lat.: 10.845ms, rate sampling interval: 25ms
  Thread calibration: mean lat.: 10.541ms, rate sampling interval: 27ms
  Thread calibration: mean lat.: 10.544ms, rate sampling interval: 26ms
  Thread calibration: mean lat.: 10.861ms, rate sampling interval: 28ms
  Thread calibration: mean lat.: 10.661ms, rate sampling interval: 30ms
  Thread calibration: mean lat.: 10.873ms, rate sampling interval: 28ms
  Thread Stats   Avg      Stdev     Max   +/- Stdev
    Latency     9.01ms    1.55ms  16.86ms   69.89%
    Req/Sec     2.46     21.50   269.00     98.56%
  Latency Distribution (HdrHistogram - Recorded Latency)
 50.000%    8.85ms
 75.000%    9.90ms
 90.000%   11.09ms
 99.000%   13.38ms
 99.900%   15.47ms
 99.990%   16.04ms
 99.999%   16.88ms
100.000%   16.88ms

  Detailed Percentile spectrum:
       Value   Percentile   TotalCount 1/(1-Percentile)

       4.495     0.000000            1         1.00
       7.175     0.100000          561         1.11
       7.695     0.200000         1124         1.25
       8.111     0.300000         1686         1.43
       8.479     0.400000         2251         1.67
       8.847     0.500000         2811         2.00
       9.023     0.550000         3085         2.22
       9.223     0.600000         3374         2.50
       9.439     0.650000         3657         2.86
       9.679     0.700000         3932         3.33
       9.903     0.750000         4209         4.00
      10.071     0.775000         4350         4.44
      10.223     0.800000         4492         5.00
      10.391     0.825000         4635         5.71
      10.591     0.850000         4769         6.67
      10.831     0.875000         4912         8.00
      10.959     0.887500         4981         8.89
      11.087     0.900000         5052        10.00
      11.231     0.912500         5121        11.43
      11.391     0.925000         5193        13.33
      11.591     0.937500         5259        16.00
      11.695     0.943750         5294        17.78
      11.807     0.950000         5329        20.00
      11.959     0.956250         5366        22.86
      12.079     0.962500         5399        26.67
      12.263     0.968750         5436        32.00
      12.351     0.971875         5452        35.56
      12.455     0.975000         5469        40.00
      12.583     0.978125         5488        45.71
      12.759     0.981250         5504        53.33
      12.903     0.984375         5522        64.00
      13.007     0.985938         5531        71.11
      13.119     0.987500         5539        80.00
      13.247     0.989062         5548        91.43
      13.439     0.990625         5557       106.67
      13.639     0.992188         5566       128.00
      13.695     0.992969         5570       142.22
      13.903     0.993750         5574       160.00
      14.087     0.994531         5579       182.86
      14.239     0.995313         5583       213.33
      14.535     0.996094         5588       256.00
      14.703     0.996484         5591       284.44
      14.751     0.996875         5592       320.00
      14.847     0.997266         5594       365.71
      14.975     0.997656         5596       426.67
      15.199     0.998047         5599       512.00
      15.223     0.998242         5600       568.89
      15.263     0.998437         5601       640.00
      15.471     0.998633         5603       731.43
      15.471     0.998828         5603       853.33
      15.487     0.999023         5604      1024.00
      15.543     0.999121         5605      1137.78
      15.543     0.999219         5605      1280.00
      15.591     0.999316         5606      1462.86
      15.591     0.999414         5606      1706.67
      15.847     0.999512         5607      2048.00
      15.847     0.999561         5607      2275.56
      15.847     0.999609         5607      2560.00
      16.039     0.999658         5608      2925.71
      16.039     0.999707         5608      3413.33
      16.039     0.999756         5608      4096.00
      16.039     0.999780         5608      4551.11
      16.039     0.999805         5608      5120.00
      16.879     0.999829         5609      5851.43
      16.879     1.000000         5609          inf
#[Mean    =        9.006, StdDeviation   =        1.554]
#[Max     =       16.864, Total count    =         5609]
#[Buckets =           27, SubBuckets     =         2048]
----------------------------------------------------------
  6008 requests in 5.00m, 2.93MB read
  Socket errors: connect 0, read 0, write 0, timeout 24000
Requests/sec:     20.03
Transfer/sec:      9.99KB
