Running 5m test @ http://face/
  8 threads and 200 connections
  Thread calibration: mean lat.: 36.302ms, rate sampling interval: 102ms
  Thread calibration: mean lat.: 34.916ms, rate sampling interval: 103ms
  Thread calibration: mean lat.: 34.271ms, rate sampling interval: 105ms
  Thread calibration: mean lat.: 34.993ms, rate sampling interval: 107ms
  Thread calibration: mean lat.: 34.363ms, rate sampling interval: 99ms
  Thread calibration: mean lat.: 34.901ms, rate sampling interval: 102ms
  Thread calibration: mean lat.: 33.392ms, rate sampling interval: 72ms
  Thread calibration: mean lat.: 32.256ms, rate sampling interval: 70ms
  Thread Stats   Avg      Stdev     Max   +/- Stdev
    Latency    30.20ms   93.75ms   5.01s    99.96%
    Req/Sec     2.47     22.22   362.00     98.31%
  Latency Distribution (HdrHistogram - Recorded Latency)
 50.000%   28.61ms
 75.000%   33.47ms
 90.000%   37.15ms
 99.000%   49.22ms
 99.900%   60.48ms
 99.990%    5.01s 
 99.999%    5.02s 
100.000%    5.02s 

  Detailed Percentile spectrum:
       Value   Percentile   TotalCount 1/(1-Percentile)

       7.023     0.000000            1         1.00
      18.607     0.100000          572         1.11
      21.631     0.200000         1139         1.25
      24.383     0.300000         1710         1.43
      26.511     0.400000         2281         1.67
      28.607     0.500000         2848         2.00
      29.631     0.550000         3139         2.22
      30.559     0.600000         3415         2.50
      31.455     0.650000         3701         2.86
      32.447     0.700000         3983         3.33
      33.471     0.750000         4269         4.00
      34.015     0.775000         4418         4.44
      34.431     0.800000         4560         5.00
      35.007     0.825000         4699         5.71
      35.615     0.850000         4839         6.67
      36.287     0.875000         4984         8.00
      36.639     0.887500         5053         8.89
      37.151     0.900000         5123        10.00
      37.887     0.912500         5194        11.43
      38.687     0.925000         5266        13.33
      39.615     0.937500         5336        16.00
      40.127     0.943750         5370        17.78
      40.703     0.950000         5408        20.00
      41.247     0.956250         5442        22.86
      42.239     0.962500         5477        26.67
      43.199     0.968750         5513        32.00
      43.647     0.971875         5531        35.56
      43.935     0.975000         5549        40.00
      44.927     0.978125         5566        45.71
      45.919     0.981250         5585        53.33
      46.943     0.984375         5602        64.00
      47.743     0.985938         5610        71.11
      48.031     0.987500         5619        80.00
      48.863     0.989062         5628        91.43
      49.567     0.990625         5637       106.67
      50.367     0.992188         5646       128.00
      50.719     0.992969         5650       142.22
      51.615     0.993750         5655       160.00
      52.191     0.994531         5659       182.86
      53.215     0.995313         5664       213.33
      53.535     0.996094         5668       256.00
      54.015     0.996484         5670       284.44
      54.367     0.996875         5673       320.00
      54.655     0.997266         5675       365.71
      56.095     0.997656         5677       426.67
      57.247     0.998047         5679       512.00
      57.631     0.998242         5680       568.89
      59.231     0.998437         5682       640.00
      59.551     0.998633         5683       731.43
      60.479     0.998828         5684       853.33
      61.663     0.999023         5685      1024.00
      61.663     0.999121         5685      1137.78
      62.111     0.999219         5686      1280.00
      62.687     0.999316         5687      1462.86
      62.687     0.999414         5687      1706.67
      66.559     0.999512         5688      2048.00
      66.559     0.999561         5688      2275.56
      66.559     0.999609         5688      2560.00
    5013.503     0.999658         5689      2925.71
    5013.503     0.999707         5689      3413.33
    5013.503     0.999756         5689      4096.00
    5013.503     0.999780         5689      4551.11
    5013.503     0.999805         5689      5120.00
    5017.599     0.999829         5690      5851.43
    5017.599     1.000000         5690          inf
#[Mean    =       30.196, StdDeviation   =       93.752]
#[Max     =     5013.504, Total count    =         5690]
#[Buckets =           27, SubBuckets     =         2048]
----------------------------------------------------------
  6006 requests in 5.00m, 2.93MB read
  Socket errors: connect 0, read 0, write 0, timeout 24000
Requests/sec:     20.01
Transfer/sec:     10.00KB
