Running 5m test @ http://face/
  8 threads and 200 connections
  Thread calibration: mean lat.: 9.120ms, rate sampling interval: 25ms
  Thread calibration: mean lat.: 9.026ms, rate sampling interval: 23ms
  Thread calibration: mean lat.: 9.021ms, rate sampling interval: 23ms
  Thread calibration: mean lat.: 9.283ms, rate sampling interval: 23ms
  Thread calibration: mean lat.: 9.226ms, rate sampling interval: 24ms
  Thread calibration: mean lat.: 9.257ms, rate sampling interval: 23ms
  Thread calibration: mean lat.: 8.939ms, rate sampling interval: 22ms
  Thread calibration: mean lat.: 14.787ms, rate sampling interval: 33ms
  Thread Stats   Avg      Stdev     Max   +/- Stdev
    Latency     8.75ms    2.32ms  18.16ms   79.47%
    Req/Sec     2.47     24.62   781.00     98.72%
  Latency Distribution (HdrHistogram - Recorded Latency)
 50.000%    8.11ms
 75.000%    9.32ms
 90.000%   12.65ms
 99.000%   15.83ms
 99.900%   17.25ms
 99.990%   17.66ms
 99.999%   18.17ms
100.000%   18.17ms

  Detailed Percentile spectrum:
       Value   Percentile   TotalCount 1/(1-Percentile)

       4.835     0.000000            1         1.00
       6.627     0.100000          568         1.11
       7.067     0.200000         1128         1.25
       7.431     0.300000         1699         1.43
       7.767     0.400000         2262         1.67
       8.115     0.500000         2817         2.00
       8.319     0.550000         3107         2.22
       8.511     0.600000         3383         2.50
       8.727     0.650000         3673         2.86
       8.983     0.700000         3948         3.33
       9.319     0.750000         4225         4.00
       9.543     0.775000         4369         4.44
       9.783     0.800000         4507         5.00
      10.103     0.825000         4647         5.71
      10.655     0.850000         4788         6.67
      11.471     0.875000         4928         8.00
      12.175     0.887500         4999         8.89
      12.647     0.900000         5069        10.00
      13.151     0.912500         5141        11.43
      13.503     0.925000         5211        13.33
      13.887     0.937500         5282        16.00
      14.079     0.943750         5316        17.78
      14.311     0.950000         5351        20.00
      14.503     0.956250         5387        22.86
      14.711     0.962500         5421        26.67
      14.943     0.968750         5456        32.00
      15.111     0.971875         5475        35.56
      15.183     0.975000         5492        40.00
      15.295     0.978125         5509        45.71
      15.447     0.981250         5527        53.33
      15.575     0.984375         5546        64.00
      15.695     0.985938         5553        71.11
      15.759     0.987500         5563        80.00
      15.807     0.989062         5571        91.43
      15.903     0.990625         5580       106.67
      16.023     0.992188         5588       128.00
      16.119     0.992969         5593       142.22
      16.199     0.993750         5597       160.00
      16.375     0.994531         5602       182.86
      16.463     0.995313         5606       213.33
      16.639     0.996094         5610       256.00
      16.799     0.996484         5613       284.44
      16.863     0.996875         5615       320.00
      16.895     0.997266         5618       365.71
      16.927     0.997656         5619       426.67
      17.007     0.998047         5621       512.00
      17.023     0.998242         5623       568.89
      17.135     0.998437         5624       640.00
      17.167     0.998633         5625       731.43
      17.247     0.998828         5626       853.33
      17.279     0.999023         5627      1024.00
      17.327     0.999121         5628      1137.78
      17.327     0.999219         5628      1280.00
      17.343     0.999316         5629      1462.86
      17.343     0.999414         5629      1706.67
      17.535     0.999512         5630      2048.00
      17.535     0.999561         5630      2275.56
      17.535     0.999609         5630      2560.00
      17.663     0.999658         5631      2925.71
      17.663     0.999707         5631      3413.33
      17.663     0.999756         5631      4096.00
      17.663     0.999780         5631      4551.11
      17.663     0.999805         5631      5120.00
      18.175     0.999829         5632      5851.43
      18.175     1.000000         5632          inf
#[Mean    =        8.749, StdDeviation   =        2.316]
#[Max     =       18.160, Total count    =         5632]
#[Buckets =           27, SubBuckets     =         2048]
----------------------------------------------------------
  6007 requests in 5.00m, 2.93MB read
  Socket errors: connect 0, read 0, write 0, timeout 24000
Requests/sec:     20.01
Transfer/sec:      9.98KB
