Running 5m test @ http://face/
  8 threads and 200 connections
  Thread calibration: mean lat.: 12.095ms, rate sampling interval: 34ms
  Thread calibration: mean lat.: 11.770ms, rate sampling interval: 36ms
  Thread calibration: mean lat.: 11.850ms, rate sampling interval: 31ms
  Thread calibration: mean lat.: 12.014ms, rate sampling interval: 31ms
  Thread calibration: mean lat.: 11.992ms, rate sampling interval: 30ms
  Thread calibration: mean lat.: 12.250ms, rate sampling interval: 32ms
  Thread calibration: mean lat.: 12.419ms, rate sampling interval: 37ms
  Thread calibration: mean lat.: 12.035ms, rate sampling interval: 33ms
  Thread Stats   Avg      Stdev     Max   +/- Stdev
    Latency    10.47ms    3.08ms  26.74ms   83.14%
    Req/Sec     2.45     21.80   322.00     98.61%
  Latency Distribution (HdrHistogram - Recorded Latency)
 50.000%    9.73ms
 75.000%   11.39ms
 90.000%   13.69ms
 99.000%   22.58ms
 99.900%   25.18ms
 99.990%   26.62ms
 99.999%   26.75ms
100.000%   26.75ms

  Detailed Percentile spectrum:
       Value   Percentile   TotalCount 1/(1-Percentile)

       5.467     0.000000            1         1.00
       7.719     0.100000          561         1.11
       8.319     0.200000         1127         1.25
       8.791     0.300000         1690         1.43
       9.255     0.400000         2248         1.67
       9.735     0.500000         2810         2.00
      10.015     0.550000         3094         2.22
      10.271     0.600000         3371         2.50
      10.575     0.650000         3651         2.86
      10.959     0.700000         3930         3.33
      11.391     0.750000         4213         4.00
      11.623     0.775000         4349         4.44
      11.903     0.800000         4488         5.00
      12.223     0.825000         4633         5.71
      12.583     0.850000         4770         6.67
      13.079     0.875000         4909         8.00
      13.359     0.887500         4980         8.89
      13.695     0.900000         5051        10.00
      14.191     0.912500         5120        11.43
      14.967     0.925000         5190        13.33
      15.807     0.937500         5260        16.00
      16.303     0.943750         5295        17.78
      17.247     0.950000         5330        20.00
      18.031     0.956250         5365        22.86
      18.831     0.962500         5401        26.67
      19.727     0.968750         5436        32.00
      20.047     0.971875         5453        35.56
      20.319     0.975000         5471        40.00
      20.671     0.978125         5488        45.71
      21.119     0.981250         5505        53.33
      21.567     0.984375         5523        64.00
      21.759     0.985938         5532        71.11
      22.031     0.987500         5540        80.00
      22.479     0.989062         5550        91.43
      22.751     0.990625         5559       106.67
      23.055     0.992188         5568       128.00
      23.119     0.992969         5572       142.22
      23.199     0.993750         5575       160.00
      23.551     0.994531         5580       182.86
      23.743     0.995313         5584       213.33
      24.015     0.996094         5589       256.00
      24.175     0.996484         5592       284.44
      24.191     0.996875         5593       320.00
      24.255     0.997266         5596       365.71
      24.399     0.997656         5597       426.67
      24.863     0.998047         5600       512.00
      24.927     0.998242         5601       568.89
      25.007     0.998437         5602       640.00
      25.103     0.998633         5603       731.43
      25.183     0.998828         5604       853.33
      25.231     0.999023         5605      1024.00
      25.295     0.999121         5606      1137.78
      25.295     0.999219         5606      1280.00
      25.631     0.999316         5607      1462.86
      25.631     0.999414         5607      1706.67
      25.695     0.999512         5608      2048.00
      25.695     0.999561         5608      2275.56
      25.695     0.999609         5608      2560.00
      26.623     0.999658         5609      2925.71
      26.623     0.999707         5609      3413.33
      26.623     0.999756         5609      4096.00
      26.623     0.999780         5609      4551.11
      26.623     0.999805         5609      5120.00
      26.751     0.999829         5610      5851.43
      26.751     1.000000         5610          inf
#[Mean    =       10.473, StdDeviation   =        3.078]
#[Max     =       26.736, Total count    =         5610]
#[Buckets =           27, SubBuckets     =         2048]
----------------------------------------------------------
  6008 requests in 5.00m, 2.93MB read
  Socket errors: connect 0, read 0, write 0, timeout 24000
Requests/sec:     20.03
Transfer/sec:      9.99KB
