Running 5m test @ http://face/
  8 threads and 200 connections
  Thread calibration: mean lat.: 9.257ms, rate sampling interval: 25ms
  Thread calibration: mean lat.: 9.030ms, rate sampling interval: 24ms
  Thread calibration: mean lat.: 9.185ms, rate sampling interval: 22ms
  Thread calibration: mean lat.: 9.443ms, rate sampling interval: 24ms
  Thread calibration: mean lat.: 9.737ms, rate sampling interval: 24ms
  Thread calibration: mean lat.: 9.663ms, rate sampling interval: 26ms
  Thread calibration: mean lat.: 26.889ms, rate sampling interval: 63ms
  Thread calibration: mean lat.: 27.326ms, rate sampling interval: 61ms
  Thread Stats   Avg      Stdev     Max   +/- Stdev
    Latency    11.93ms    7.32ms  33.41ms   76.05%
    Req/Sec     2.47     23.03   416.00     98.68%
  Latency Distribution (HdrHistogram - Recorded Latency)
 50.000%    8.24ms
 75.000%   17.63ms
 90.000%   24.91ms
 99.000%   28.75ms
 99.900%   30.75ms
 99.990%   32.65ms
 99.999%   33.44ms
100.000%   33.44ms

  Detailed Percentile spectrum:
       Value   Percentile   TotalCount 1/(1-Percentile)

       4.435     0.000000            1         1.00
       6.363     0.100000          568         1.11
       6.883     0.200000         1141         1.25
       7.331     0.300000         1699         1.43
       7.775     0.400000         2265         1.67
       8.239     0.500000         2831         2.00
       8.527     0.550000         3116         2.22
       8.903     0.600000         3399         2.50
       9.335     0.650000         3682         2.86
       9.999     0.700000         3964         3.33
      17.631     0.750000         4244         4.00
      20.431     0.775000         4386         4.44
      21.791     0.800000         4527         5.00
      22.799     0.825000         4672         5.71
      23.551     0.850000         4814         6.67
      24.191     0.875000         4950         8.00
      24.559     0.887500         5021         8.89
      24.911     0.900000         5092        10.00
      25.343     0.912500         5164        11.43
      25.695     0.925000         5233        13.33
      26.143     0.937500         5304        16.00
      26.367     0.943750         5340        17.78
      26.559     0.950000         5377        20.00
      26.783     0.956250         5410        22.86
      27.103     0.962500         5446        26.67
      27.391     0.968750         5481        32.00
      27.583     0.971875         5498        35.56
      27.743     0.975000         5516        40.00
      27.903     0.978125         5534        45.71
      28.047     0.981250         5551        53.33
      28.255     0.984375         5569        64.00
      28.351     0.985938         5579        71.11
      28.463     0.987500         5587        80.00
      28.623     0.989062         5597        91.43
      28.815     0.990625         5605       106.67
      29.039     0.992188         5613       128.00
      29.167     0.992969         5618       142.22
      29.199     0.993750         5623       160.00
      29.359     0.994531         5627       182.86
      29.503     0.995313         5631       213.33
      29.695     0.996094         5635       256.00
      29.951     0.996484         5638       284.44
      30.015     0.996875         5640       320.00
      30.063     0.997266         5642       365.71
      30.303     0.997656         5644       426.67
      30.335     0.998047         5646       512.00
      30.431     0.998242         5648       568.89
      30.559     0.998437         5649       640.00
      30.719     0.998633         5650       731.43
      30.751     0.998828         5651       853.33
      31.311     0.999023         5652      1024.00
      31.855     0.999121         5653      1137.78
      31.855     0.999219         5653      1280.00
      31.903     0.999316         5654      1462.86
      31.903     0.999414         5654      1706.67
      32.143     0.999512         5655      2048.00
      32.143     0.999561         5655      2275.56
      32.143     0.999609         5655      2560.00
      32.655     0.999658         5656      2925.71
      32.655     0.999707         5656      3413.33
      32.655     0.999756         5656      4096.00
      32.655     0.999780         5656      4551.11
      32.655     0.999805         5656      5120.00
      33.439     0.999829         5657      5851.43
      33.439     1.000000         5657          inf
#[Mean    =       11.932, StdDeviation   =        7.319]
#[Max     =       33.408, Total count    =         5657]
#[Buckets =           27, SubBuckets     =         2048]
----------------------------------------------------------
  6006 requests in 5.00m, 2.93MB read
  Socket errors: connect 0, read 0, write 0, timeout 24000
Requests/sec:     20.01
Transfer/sec:      9.98KB
