Running 5m test @ http://face/
  8 threads and 200 connections
  Thread calibration: mean lat.: 12.408ms, rate sampling interval: 43ms
  Thread calibration: mean lat.: 12.143ms, rate sampling interval: 40ms
  Thread calibration: mean lat.: 12.213ms, rate sampling interval: 32ms
  Thread calibration: mean lat.: 12.470ms, rate sampling interval: 40ms
  Thread calibration: mean lat.: 12.517ms, rate sampling interval: 41ms
  Thread calibration: mean lat.: 13.614ms, rate sampling interval: 47ms
  Thread calibration: mean lat.: 12.676ms, rate sampling interval: 46ms
  Thread calibration: mean lat.: 14.243ms, rate sampling interval: 31ms
  Thread Stats   Avg      Stdev     Max   +/- Stdev
    Latency    10.79ms    3.65ms  30.85ms   74.93%
    Req/Sec     2.46     25.44   833.00     98.61%
  Latency Distribution (HdrHistogram - Recorded Latency)
 50.000%    9.53ms
 75.000%   12.59ms
 90.000%   16.25ms
 99.000%   22.14ms
 99.900%   25.79ms
 99.990%   29.47ms
 99.999%   30.86ms
100.000%   30.86ms

  Detailed Percentile spectrum:
       Value   Percentile   TotalCount 1/(1-Percentile)

       5.143     0.000000            1         1.00
       7.347     0.100000          566         1.11
       7.995     0.200000         1129         1.25
       8.503     0.300000         1697         1.43
       9.007     0.400000         2264         1.67
       9.535     0.500000         2826         2.00
       9.847     0.550000         3108         2.22
      10.207     0.600000         3389         2.50
      10.679     0.650000         3670         2.86
      11.463     0.700000         3951         3.33
      12.591     0.750000         4233         4.00
      13.287     0.775000         4375         4.44
      13.935     0.800000         4520         5.00
      14.479     0.825000         4657         5.71
      14.975     0.850000         4799         6.67
      15.567     0.875000         4942         8.00
      15.855     0.887500         5013         8.89
      16.255     0.900000         5080        10.00
      16.671     0.912500         5151        11.43
      17.119     0.925000         5224        13.33
      17.615     0.937500         5292        16.00
      17.871     0.943750         5327        17.78
      18.223     0.950000         5362        20.00
      18.575     0.956250         5398        22.86
      19.071     0.962500         5433        26.67
      19.631     0.968750         5468        32.00
      19.887     0.971875         5486        35.56
      20.319     0.975000         5503        40.00
      20.511     0.978125         5521        45.71
      20.751     0.981250         5539        53.33
      21.151     0.984375         5556        64.00
      21.311     0.985938         5565        71.11
      21.567     0.987500         5574        80.00
      21.967     0.989062         5583        91.43
      22.223     0.990625         5592       106.67
      22.559     0.992188         5600       128.00
      22.703     0.992969         5605       142.22
      22.863     0.993750         5609       160.00
      23.231     0.994531         5615       182.86
      23.343     0.995313         5618       213.33
      23.887     0.996094         5622       256.00
      24.255     0.996484         5625       284.44
      24.495     0.996875         5627       320.00
      24.575     0.997266         5629       365.71
      24.831     0.997656         5631       426.67
      25.039     0.998047         5633       512.00
      25.263     0.998242         5635       568.89
      25.327     0.998437         5636       640.00
      25.583     0.998633         5637       731.43
      25.791     0.998828         5638       853.33
      25.951     0.999023         5639      1024.00
      26.079     0.999121         5640      1137.78
      26.079     0.999219         5640      1280.00
      26.927     0.999316         5641      1462.86
      26.927     0.999414         5641      1706.67
      28.015     0.999512         5642      2048.00
      28.015     0.999561         5642      2275.56
      28.015     0.999609         5642      2560.00
      29.471     0.999658         5643      2925.71
      29.471     0.999707         5643      3413.33
      29.471     0.999756         5643      4096.00
      29.471     0.999780         5643      4551.11
      29.471     0.999805         5643      5120.00
      30.863     0.999829         5644      5851.43
      30.863     1.000000         5644          inf
#[Mean    =       10.790, StdDeviation   =        3.646]
#[Max     =       30.848, Total count    =         5644]
#[Buckets =           27, SubBuckets     =         2048]
----------------------------------------------------------
  6007 requests in 5.00m, 2.93MB read
  Socket errors: connect 0, read 0, write 0, timeout 24000
Requests/sec:     20.01
Transfer/sec:      9.99KB
