Running 5m test @ http://face/
  8 threads and 200 connections
  Thread calibration: mean lat.: 11.085ms, rate sampling interval: 38ms
  Thread calibration: mean lat.: 11.882ms, rate sampling interval: 35ms
  Thread calibration: mean lat.: 11.020ms, rate sampling interval: 35ms
  Thread calibration: mean lat.: 23.734ms, rate sampling interval: 51ms
  Thread calibration: mean lat.: 10.479ms, rate sampling interval: 35ms
  Thread calibration: mean lat.: 23.183ms, rate sampling interval: 52ms
  Thread calibration: mean lat.: 10.813ms, rate sampling interval: 40ms
  Thread calibration: mean lat.: 10.758ms, rate sampling interval: 36ms
  Thread Stats   Avg      Stdev     Max   +/- Stdev
    Latency    12.23ms    6.38ms  30.00ms   73.64%
    Req/Sec     2.46     24.46   500.00     98.69%
  Latency Distribution (HdrHistogram - Recorded Latency)
 50.000%    8.75ms
 75.000%   17.90ms
 90.000%   22.77ms
 99.000%   26.11ms
 99.900%   28.61ms
 99.990%   29.77ms
 99.999%   30.01ms
100.000%   30.01ms

  Detailed Percentile spectrum:
       Value   Percentile   TotalCount 1/(1-Percentile)

       4.579     0.000000            1         1.00
       6.415     0.100000          570         1.11
       6.931     0.200000         1135         1.25
       7.395     0.300000         1700         1.43
       7.895     0.400000         2266         1.67
       8.751     0.500000         2830         2.00
       9.655     0.550000         3115         2.22
      11.391     0.600000         3394         2.50
      13.295     0.650000         3677         2.86
      15.639     0.700000         3960         3.33
      17.903     0.750000         4244         4.00
      18.831     0.775000         4384         4.44
      19.695     0.800000         4526         5.00
      20.543     0.825000         4668         5.71
      21.311     0.850000         4810         6.67
      22.047     0.875000         4954         8.00
      22.447     0.887500         5020         8.89
      22.767     0.900000         5092        10.00
      23.103     0.912500         5162        11.43
      23.391     0.925000         5232        13.33
      23.743     0.937500         5307        16.00
      23.903     0.943750         5340        17.78
      24.079     0.950000         5374        20.00
      24.287     0.956250         5409        22.86
      24.543     0.962500         5444        26.67
      24.783     0.968750         5480        32.00
      24.943     0.971875         5498        35.56
      25.119     0.975000         5515        40.00
      25.279     0.978125         5533        45.71
      25.439     0.981250         5550        53.33
      25.631     0.984375         5568        64.00
      25.775     0.985938         5578        71.11
      25.871     0.987500         5586        80.00
      26.047     0.989062         5595        91.43
      26.207     0.990625         5604       106.67
      26.367     0.992188         5612       128.00
      26.447     0.992969         5617       142.22
      26.591     0.993750         5622       160.00
      26.655     0.994531         5626       182.86
      26.783     0.995313         5630       213.33
      27.007     0.996094         5635       256.00
      27.055     0.996484         5638       284.44
      27.071     0.996875         5639       320.00
      27.231     0.997266         5641       365.71
      27.583     0.997656         5643       426.67
      27.647     0.998047         5645       512.00
      27.871     0.998242         5647       568.89
      27.999     0.998437         5648       640.00
      28.319     0.998633         5649       731.43
      28.607     0.998828         5650       853.33
      28.639     0.999023         5651      1024.00
      28.735     0.999121         5653      1137.78
      28.735     0.999219         5653      1280.00
      28.735     0.999316         5653      1462.86
      28.735     0.999414         5653      1706.67
      29.311     0.999512         5654      2048.00
      29.311     0.999561         5654      2275.56
      29.311     0.999609         5654      2560.00
      29.775     0.999658         5655      2925.71
      29.775     0.999707         5655      3413.33
      29.775     0.999756         5655      4096.00
      29.775     0.999780         5655      4551.11
      29.775     0.999805         5655      5120.00
      30.015     0.999829         5656      5851.43
      30.015     1.000000         5656          inf
#[Mean    =       12.232, StdDeviation   =        6.378]
#[Max     =       30.000, Total count    =         5656]
#[Buckets =           27, SubBuckets     =         2048]
----------------------------------------------------------
  6006 requests in 5.00m, 2.93MB read
  Socket errors: connect 0, read 0, write 0, timeout 24000
Requests/sec:     20.01
Transfer/sec:      9.99KB
