Running 5m test @ http://face/
  8 threads and 200 connections
  Thread calibration: mean lat.: 10.621ms, rate sampling interval: 27ms
  Thread calibration: mean lat.: 10.598ms, rate sampling interval: 27ms
  Thread calibration: mean lat.: 10.602ms, rate sampling interval: 27ms
  Thread calibration: mean lat.: 10.709ms, rate sampling interval: 27ms
  Thread calibration: mean lat.: 10.497ms, rate sampling interval: 27ms
  Thread calibration: mean lat.: 10.800ms, rate sampling interval: 27ms
  Thread calibration: mean lat.: 10.434ms, rate sampling interval: 26ms
  Thread calibration: mean lat.: 10.594ms, rate sampling interval: 27ms
  Thread Stats   Avg      Stdev     Max   +/- Stdev
    Latency    10.50ms    2.33ms  28.82ms   71.95%
    Req/Sec    25.38     64.84   307.00     87.26%
  Latency Distribution (HdrHistogram - Recorded Latency)
 50.000%   10.15ms
 75.000%   11.74ms
 90.000%   13.51ms
 99.000%   17.89ms
 99.900%   22.29ms
 99.990%   25.79ms
 99.999%   28.74ms
100.000%   28.83ms

  Detailed Percentile spectrum:
       Value   Percentile   TotalCount 1/(1-Percentile)

       5.107     0.000000            1         1.00
       7.919     0.100000         5790         1.11
       8.591     0.200000        11605         1.25
       9.127     0.300000        17374         1.43
       9.631     0.400000        23168         1.67
      10.151     0.500000        28976         2.00
      10.415     0.550000        31869         2.22
      10.703     0.600000        34735         2.50
      10.999     0.650000        37584         2.86
      11.343     0.700000        40478         3.33
      11.743     0.750000        43405         4.00
      11.959     0.775000        44823         4.44
      12.207     0.800000        46284         5.00
      12.471     0.825000        47721         5.71
      12.775     0.850000        49149         6.67
      13.103     0.875000        50602         8.00
      13.287     0.887500        51321         8.89
      13.511     0.900000        52066        10.00
      13.743     0.912500        52760        11.43
      14.007     0.925000        53481        13.33
      14.343     0.937500        54202        16.00
      14.535     0.943750        54562        17.78
      14.775     0.950000        54935        20.00
      15.023     0.956250        55298        22.86
      15.319     0.962500        55656        26.67
      15.647     0.968750        56014        32.00
      15.847     0.971875        56192        35.56
      16.055     0.975000        56370        40.00
      16.327     0.978125        56551        45.71
      16.623     0.981250        56738        53.33
      16.959     0.984375        56912        64.00
      17.135     0.985938        57003        71.11
      17.407     0.987500        57092        80.00
      17.695     0.989062        57183        91.43
      17.999     0.990625        57274       106.67
      18.383     0.992188        57365       128.00
      18.591     0.992969        57412       142.22
      18.783     0.993750        57455       160.00
      19.007     0.994531        57499       182.86
      19.343     0.995313        57545       213.33
      19.679     0.996094        57591       256.00
      19.839     0.996484        57611       284.44
      20.015     0.996875        57636       320.00
      20.255     0.997266        57656       365.71
      20.527     0.997656        57680       426.67
      20.879     0.998047        57703       512.00
      21.215     0.998242        57715       568.89
      21.439     0.998437        57725       640.00
      21.711     0.998633        57735       731.43
      21.951     0.998828        57747       853.33
      22.335     0.999023        57758      1024.00
      22.751     0.999121        57764      1137.78
      22.847     0.999219        57769      1280.00
      23.119     0.999316        57775      1462.86
      23.535     0.999414        57782      1706.67
      24.015     0.999512        57786      2048.00
      24.095     0.999561        57789      2275.56
      24.223     0.999609        57793      2560.00
      24.367     0.999658        57795      2925.71
      24.543     0.999707        57798      3413.33
      24.815     0.999756        57800      4096.00
      25.039     0.999780        57802      4551.11
      25.167     0.999805        57803      5120.00
      25.215     0.999829        57805      5851.43
      25.583     0.999854        57806      6826.67
      25.631     0.999878        57807      8192.00
      25.791     0.999890        57808      9102.22
      26.079     0.999902        57809     10240.00
      26.175     0.999915        57810     11702.86
      26.175     0.999927        57810     13653.33
      26.207     0.999939        57811     16384.00
      26.207     0.999945        57811     18204.44
      27.631     0.999951        57812     20480.00
      27.631     0.999957        57812     23405.71
      27.631     0.999963        57812     27306.67
      28.735     0.999969        57813     32768.00
      28.735     0.999973        57813     36408.89
      28.735     0.999976        57813     40960.00
      28.735     0.999979        57813     46811.43
      28.735     0.999982        57813     54613.33
      28.831     0.999985        57814     65536.00
      28.831     1.000000        57814          inf
#[Mean    =       10.504, StdDeviation   =        2.330]
#[Max     =       28.816, Total count    =        57814]
#[Buckets =           27, SubBuckets     =         2048]
----------------------------------------------------------
  60008 requests in 5.00m, 29.23MB read
Requests/sec:    200.02
Transfer/sec:     99.78KB
