Running 5m test @ http://face/
  8 threads and 200 connections
  Thread calibration: mean lat.: 12.144ms, rate sampling interval: 37ms
  Thread calibration: mean lat.: 12.192ms, rate sampling interval: 36ms
  Thread calibration: mean lat.: 12.237ms, rate sampling interval: 39ms
  Thread calibration: mean lat.: 12.469ms, rate sampling interval: 37ms
  Thread calibration: mean lat.: 12.387ms, rate sampling interval: 38ms
  Thread calibration: mean lat.: 12.024ms, rate sampling interval: 38ms
  Thread calibration: mean lat.: 12.144ms, rate sampling interval: 38ms
  Thread calibration: mean lat.: 12.261ms, rate sampling interval: 38ms
  Thread Stats   Avg      Stdev     Max   +/- Stdev
    Latency    12.21ms    4.50ms  44.22ms   76.08%
    Req/Sec    25.20     66.50   324.00     88.30%
  Latency Distribution (HdrHistogram - Recorded Latency)
 50.000%   10.69ms
 75.000%   14.32ms
 90.000%   19.14ms
 99.000%   25.90ms
 99.900%   32.06ms
 99.990%   40.10ms
 99.999%   43.07ms
100.000%   44.26ms

  Detailed Percentile spectrum:
       Value   Percentile   TotalCount 1/(1-Percentile)

       4.935     0.000000            1         1.00
       7.967     0.100000         5786         1.11
       8.671     0.200000        11598         1.25
       9.303     0.300000        17380         1.43
       9.943     0.400000        23138         1.67
      10.695     0.500000        28944         2.00
      11.159     0.550000        31827         2.22
      11.711     0.600000        34714         2.50
      12.359     0.650000        37599         2.86
      13.215     0.700000        40479         3.33
      14.319     0.750000        43364         4.00
      14.975     0.775000        44804         4.44
      15.711     0.800000        46250         5.00
      16.479     0.825000        47696         5.71
      17.295     0.850000        49152         6.67
      18.175     0.875000        50603         8.00
      18.623     0.887500        51312         8.89
      19.135     0.900000        52050        10.00
      19.615     0.912500        52772        11.43
      20.159     0.925000        53475        13.33
      20.815     0.937500        54209        16.00
      21.151     0.943750        54566        17.78
      21.503     0.950000        54930        20.00
      21.919     0.956250        55288        22.86
      22.399     0.962500        55642        26.67
      22.943     0.968750        56006        32.00
      23.263     0.971875        56195        35.56
      23.599     0.975000        56363        40.00
      23.935     0.978125        56548        45.71
      24.351     0.981250        56728        53.33
      24.815     0.984375        56907        64.00
      25.087     0.985938        56999        71.11
      25.343     0.987500        57091        80.00
      25.679     0.989062        57177        91.43
      26.063     0.990625        57271       106.67
      26.511     0.992188        57358       128.00
      26.815     0.992969        57402       142.22
      27.135     0.993750        57447       160.00
      27.455     0.994531        57492       182.86
      27.823     0.995313        57538       213.33
      28.239     0.996094        57583       256.00
      28.527     0.996484        57606       284.44
      28.767     0.996875        57628       320.00
      29.087     0.997266        57650       365.71
      29.583     0.997656        57673       426.67
      30.095     0.998047        57696       512.00
      30.447     0.998242        57707       568.89
      30.911     0.998437        57718       640.00
      31.359     0.998633        57729       731.43
      31.823     0.998828        57741       853.33
      32.095     0.999023        57752      1024.00
      32.431     0.999121        57758      1137.78
      32.799     0.999219        57764      1280.00
      33.023     0.999316        57769      1462.86
      33.727     0.999414        57775      1706.67
      34.047     0.999512        57780      2048.00
      34.431     0.999561        57783      2275.56
      34.911     0.999609        57786      2560.00
      35.167     0.999658        57789      2925.71
      35.359     0.999707        57792      3413.33
      36.415     0.999756        57794      4096.00
      37.087     0.999780        57796      4551.11
      37.791     0.999805        57797      5120.00
      38.463     0.999829        57799      5851.43
      38.687     0.999854        57800      6826.67
      38.975     0.999878        57801      8192.00
      40.095     0.999890        57804      9102.22
      40.095     0.999902        57804     10240.00
      40.095     0.999915        57804     11702.86
      40.095     0.999927        57804     13653.33
      41.055     0.999939        57805     16384.00
      41.055     0.999945        57805     18204.44
      41.631     0.999951        57806     20480.00
      41.631     0.999957        57806     23405.71
      41.631     0.999963        57806     27306.67
      43.071     0.999969        57807     32768.00
      43.071     0.999973        57807     36408.89
      43.071     0.999976        57807     40960.00
      43.071     0.999979        57807     46811.43
      43.071     0.999982        57807     54613.33
      44.255     0.999985        57808     65536.00
      44.255     1.000000        57808          inf
#[Mean    =       12.210, StdDeviation   =        4.501]
#[Max     =       44.224, Total count    =        57808]
#[Buckets =           27, SubBuckets     =         2048]
----------------------------------------------------------
  60008 requests in 5.00m, 29.24MB read
Requests/sec:    200.02
Transfer/sec:     99.81KB
