Running 5m test @ http://face/
  8 threads and 200 connections
  Thread calibration: mean lat.: 10.529ms, rate sampling interval: 27ms
  Thread calibration: mean lat.: 10.774ms, rate sampling interval: 27ms
  Thread calibration: mean lat.: 10.696ms, rate sampling interval: 27ms
  Thread calibration: mean lat.: 10.433ms, rate sampling interval: 27ms
  Thread calibration: mean lat.: 10.927ms, rate sampling interval: 27ms
  Thread calibration: mean lat.: 10.660ms, rate sampling interval: 27ms
  Thread calibration: mean lat.: 10.800ms, rate sampling interval: 27ms
  Thread calibration: mean lat.: 10.703ms, rate sampling interval: 27ms
  Thread Stats   Avg      Stdev     Max   +/- Stdev
    Latency    10.67ms    2.46ms  40.29ms   73.15%
    Req/Sec    25.35     64.87   307.00     87.30%
  Latency Distribution (HdrHistogram - Recorded Latency)
 50.000%   10.34ms
 75.000%   11.96ms
 90.000%   13.73ms
 99.000%   18.25ms
 99.900%   25.34ms
 99.990%   34.46ms
 99.999%   39.07ms
100.000%   40.32ms

  Detailed Percentile spectrum:
       Value   Percentile   TotalCount 1/(1-Percentile)

       4.687     0.000000            1         1.00
       7.975     0.100000         5798         1.11
       8.695     0.200000        11576         1.25
       9.247     0.300000        17366         1.43
       9.783     0.400000        23144         1.67
      10.335     0.500000        28992         2.00
      10.599     0.550000        31805         2.22
      10.895     0.600000        34756         2.50
      11.215     0.650000        37628         2.86
      11.559     0.700000        40527         3.33
      11.959     0.750000        43378         4.00
      12.183     0.775000        44806         4.44
      12.423     0.800000        46296         5.00
      12.695     0.825000        47711         5.71
      12.983     0.850000        49146         6.67
      13.327     0.875000        50608         8.00
      13.519     0.887500        51317         8.89
      13.735     0.900000        52058        10.00
      13.975     0.912500        52775        11.43
      14.239     0.925000        53481        13.33
      14.559     0.937500        54210        16.00
      14.759     0.943750        54566        17.78
      14.983     0.950000        54931        20.00
      15.231     0.956250        55289        22.86
      15.503     0.962500        55647        26.67
      15.879     0.968750        56014        32.00
      16.071     0.971875        56189        35.56
      16.303     0.975000        56367        40.00
      16.543     0.978125        56548        45.71
      16.879     0.981250        56730        53.33
      17.279     0.984375        56912        64.00
      17.471     0.985938        57001        71.11
      17.727     0.987500        57096        80.00
      18.031     0.989062        57183        91.43
      18.399     0.990625        57272       106.67
      18.895     0.992188        57363       128.00
      19.119     0.992969        57406       142.22
      19.423     0.993750        57452       160.00
      19.823     0.994531        57497       182.86
      20.191     0.995313        57542       213.33
      20.783     0.996094        57587       256.00
      21.007     0.996484        57610       284.44
      21.423     0.996875        57632       320.00
      21.663     0.997266        57654       365.71
      22.271     0.997656        57677       426.67
      22.783     0.998047        57702       512.00
      23.151     0.998242        57711       568.89
      23.759     0.998437        57722       640.00
      24.079     0.998633        57733       731.43
      24.975     0.998828        57745       853.33
      25.551     0.999023        57756      1024.00
      25.999     0.999121        57762      1137.78
      26.303     0.999219        57767      1280.00
      26.911     0.999316        57773      1462.86
      27.743     0.999414        57779      1706.67
      29.055     0.999512        57784      2048.00
      29.455     0.999561        57787      2275.56
      29.887     0.999609        57790      2560.00
      30.287     0.999658        57793      2925.71
      31.199     0.999707        57796      3413.33
      31.791     0.999756        57798      4096.00
      32.031     0.999780        57800      4551.11
      32.399     0.999805        57801      5120.00
      32.927     0.999829        57803      5851.43
      33.183     0.999854        57804      6826.67
      33.215     0.999878        57805      8192.00
      34.463     0.999890        57806      9102.22
      34.527     0.999902        57807     10240.00
      35.039     0.999915        57808     11702.86
      35.039     0.999927        57808     13653.33
      35.551     0.999939        57809     16384.00
      35.551     0.999945        57809     18204.44
      35.967     0.999951        57810     20480.00
      35.967     0.999957        57810     23405.71
      35.967     0.999963        57810     27306.67
      39.071     0.999969        57811     32768.00
      39.071     0.999973        57811     36408.89
      39.071     0.999976        57811     40960.00
      39.071     0.999979        57811     46811.43
      39.071     0.999982        57811     54613.33
      40.319     0.999985        57812     65536.00
      40.319     1.000000        57812          inf
#[Mean    =       10.673, StdDeviation   =        2.455]
#[Max     =       40.288, Total count    =        57812]
#[Buckets =           27, SubBuckets     =         2048]
----------------------------------------------------------
  60008 requests in 5.00m, 29.24MB read
Requests/sec:    200.02
Transfer/sec:     99.79KB
