Running 5m test @ http://face/
  8 threads and 200 connections
  Thread calibration: mean lat.: 12.144ms, rate sampling interval: 40ms
  Thread calibration: mean lat.: 22.809ms, rate sampling interval: 59ms
  Thread calibration: mean lat.: 12.065ms, rate sampling interval: 39ms
  Thread calibration: mean lat.: 12.238ms, rate sampling interval: 41ms
  Thread calibration: mean lat.: 12.273ms, rate sampling interval: 38ms
  Thread calibration: mean lat.: 12.308ms, rate sampling interval: 41ms
  Thread calibration: mean lat.: 12.176ms, rate sampling interval: 40ms
  Thread calibration: mean lat.: 12.037ms, rate sampling interval: 40ms
  Thread Stats   Avg      Stdev     Max   +/- Stdev
    Latency    12.68ms    5.68ms  41.92ms   74.35%
    Req/Sec    25.21     69.63   431.00     88.41%
  Latency Distribution (HdrHistogram - Recorded Latency)
 50.000%   10.40ms
 75.000%   16.19ms
 90.000%   21.82ms
 99.000%   28.01ms
 99.900%   32.90ms
 99.990%   37.31ms
 99.999%   39.13ms
100.000%   41.95ms

  Detailed Percentile spectrum:
       Value   Percentile   TotalCount 1/(1-Percentile)

       4.667     0.000000            1         1.00
       7.311     0.100000         5813         1.11
       8.055     0.200000        11589         1.25
       8.735     0.300000        17400         1.43
       9.487     0.400000        23189         1.67
      10.399     0.500000        28917         2.00
      11.039     0.550000        31806         2.22
      11.863     0.600000        34685         2.50
      12.999     0.650000        37581         2.86
      14.455     0.700000        40479         3.33
      16.191     0.750000        43362         4.00
      17.055     0.775000        44816         4.44
      17.967     0.800000        46260         5.00
      18.911     0.825000        47698         5.71
      19.807     0.850000        49140         6.67
      20.799     0.875000        50600         8.00
      21.311     0.887500        51313         8.89
      21.823     0.900000        52043        10.00
      22.431     0.912500        52757        11.43
      23.039     0.925000        53481        13.33
      23.647     0.937500        54196        16.00
      23.951     0.943750        54566        17.78
      24.287     0.950000        54938        20.00
      24.655     0.956250        55279        22.86
      25.055     0.962500        55658        26.67
      25.487     0.968750        56019        32.00
      25.727     0.971875        56187        35.56
      25.999     0.975000        56363        40.00
      26.319     0.978125        56544        45.71
      26.623     0.981250        56731        53.33
      27.023     0.984375        56905        64.00
      27.295     0.985938        56998        71.11
      27.551     0.987500        57086        80.00
      27.823     0.989062        57181        91.43
      28.159     0.990625        57267       106.67
      28.559     0.992188        57359       128.00
      28.863     0.992969        57405       142.22
      29.023     0.993750        57447       160.00
      29.359     0.994531        57494       182.86
      29.647     0.995313        57539       213.33
      30.095     0.996094        57585       256.00
      30.319     0.996484        57607       284.44
      30.543     0.996875        57630       320.00
      30.783     0.997266        57650       365.71
      31.151     0.997656        57673       426.67
      31.567     0.998047        57697       512.00
      31.695     0.998242        57707       568.89
      31.887     0.998437        57718       640.00
      32.143     0.998633        57729       731.43
      32.463     0.998828        57741       853.33
      32.895     0.999023        57752      1024.00
      32.991     0.999121        57758      1137.78
      33.247     0.999219        57763      1280.00
      33.631     0.999316        57769      1462.86
      33.887     0.999414        57775      1706.67
      34.303     0.999512        57780      2048.00
      34.527     0.999561        57783      2275.56
      34.591     0.999609        57787      2560.00
      34.783     0.999658        57789      2925.71
      35.231     0.999707        57792      3413.33
      35.391     0.999756        57794      4096.00
      35.519     0.999780        57796      4551.11
      35.615     0.999805        57797      5120.00
      35.775     0.999829        57799      5851.43
      35.967     0.999854        57800      6826.67
      37.055     0.999878        57801      8192.00
      37.311     0.999890        57802      9102.22
      37.503     0.999902        57803     10240.00
      37.759     0.999915        57804     11702.86
      37.759     0.999927        57804     13653.33
      38.303     0.999939        57805     16384.00
      38.303     0.999945        57805     18204.44
      39.007     0.999951        57806     20480.00
      39.007     0.999957        57806     23405.71
      39.007     0.999963        57806     27306.67
      39.135     0.999969        57807     32768.00
      39.135     0.999973        57807     36408.89
      39.135     0.999976        57807     40960.00
      39.135     0.999979        57807     46811.43
      39.135     0.999982        57807     54613.33
      41.951     0.999985        57808     65536.00
      41.951     1.000000        57808          inf
#[Mean    =       12.679, StdDeviation   =        5.680]
#[Max     =       41.920, Total count    =        57808]
#[Buckets =           27, SubBuckets     =         2048]
----------------------------------------------------------
  59983 requests in 5.00m, 29.24MB read
Requests/sec:    199.93
Transfer/sec:     99.79KB
